#
# There is insufficient memory for the Java Runtime Environment to continue.
# Native memory allocation (mmap) failed to map 178782208 bytes for committing reserved memory.
# Possible reasons:
#   The system is out of physical RAM or swap space
#   In 32 bit mode, the process size limit was hit
# Possible solutions:
#   Reduce memory load on the system
#   Increase physical memory or swap space
#   Check if swap backing store is full
#   Use 64 bit Java on a 64 bit OS
#   Decrease Java heap size (-Xmx/-Xms)
#   Decrease number of Java threads
#   Decrease Java thread stack sizes (-Xss)
#   Set larger code cache with -XX:ReservedCodeCacheSize=
# This output file may be truncated or incomplete.
#
#  Out of Memory Error (os_linux.cpp:2627), pid=1411, tid=139879074727680
#
# JRE version: Java(TM) SE Runtime Environment (8.0_91-b14) (build 1.8.0_91-b14)
# Java VM: Java HotSpot(TM) 64-Bit Server VM (25.91-b14 mixed mode linux-amd64 compressed oops)
# Failed to write core dump. Core dumps have been disabled. To enable core dumping, try "ulimit -c unlimited" before starting Java again
#

---------------  T H R E A D  ---------------

Current thread (0x00007f3834078000):  VMThread [stack: 0x00007f38227f8000,0x00007f38228f9000] [id=1425]

Stack: [0x00007f38227f8000,0x00007f38228f9000],  sp=0x00007f38228f7020,  free space=1020k
Native frames: (J=compiled Java code, j=interpreted, Vv=VM code, C=native code)
V  [libjvm.so+0xabc18a]  VMError::report_and_die()+0x2ba
V  [libjvm.so+0x4fafeb]  report_vm_out_of_memory(char const*, int, unsigned long, VMErrorType, char const*)+0x8b
V  [libjvm.so+0x91cbb3]  os::Linux::commit_memory_impl(char*, unsigned long, bool)+0x103
V  [libjvm.so+0x91d109]  os::pd_commit_memory(char*, unsigned long, unsigned long, bool)+0x29
V  [libjvm.so+0x91740a]  os::commit_memory(char*, unsigned long, unsigned long, bool)+0x2a
V  [libjvm.so+0x98b033]  PSVirtualSpace::expand_by(unsigned long)+0x53
V  [libjvm.so+0x97b920]  PSOldGen::expand(unsigned long)+0x170
V  [libjvm.so+0x97bb2b]  PSOldGen::resize(unsigned long)+0x1cb
V  [libjvm.so+0x983801]  PSParallelCompact::invoke_no_policy(bool)+0x991
V  [libjvm.so+0x98915d]  PSScavenge::invoke()+0x1ad
V  [libjvm.so+0x9408b0]  ParallelScavengeHeap::failed_mem_allocate(unsigned long)+0x70
V  [libjvm.so+0xabdba7]  VM_ParallelGCFailedAllocation::doit()+0x97
V  [libjvm.so+0xac55d5]  VM_Operation::evaluate()+0x55
V  [libjvm.so+0xac39aa]  VMThread::evaluate_operation(VM_Operation*)+0xba
V  [libjvm.so+0xac3d2e]  VMThread::loop()+0x1ce
V  [libjvm.so+0xac41a0]  VMThread::run()+0x70
V  [libjvm.so+0x91ef78]  java_start(Thread*)+0x108

VM_Operation (0x00007f382122ae50): ParallelGCFailedAllocation, mode: safepoint, requested by thread 0x00007f3834138800


---------------  P R O C E S S  ---------------

Java Threads: ( => current thread )
  0x00007f3834138800 JavaThread "pool-2-thread-4" [_thread_blocked, id=1454, stack(0x00007f382112c000,0x00007f382122d000)]
  0x00007f3834134000 JavaThread "pool-3-thread-1" [_thread_blocked, id=1448, stack(0x00007f382142f000,0x00007f3821530000)]
  0x00007f38340c0000 JavaThread "Service Thread" daemon [_thread_blocked, id=1436, stack(0x00007f3821732000,0x00007f3821833000)]
  0x00007f38340bd000 JavaThread "C1 CompilerThread2" daemon [_thread_blocked, id=1435, stack(0x00007f3821833000,0x00007f3821934000)]
  0x00007f38340bb800 JavaThread "C2 CompilerThread1" daemon [_thread_blocked, id=1434, stack(0x00007f3821934000,0x00007f3821a35000)]
  0x00007f38340b8800 JavaThread "C2 CompilerThread0" daemon [_thread_blocked, id=1433, stack(0x00007f3821a35000,0x00007f3821b36000)]
  0x00007f38340b7000 JavaThread "Signal Dispatcher" daemon [_thread_blocked, id=1432, stack(0x00007f3821b36000,0x00007f3821c37000)]
  0x00007f3834084000 JavaThread "Finalizer" daemon [_thread_blocked, id=1427, stack(0x00007f38225f6000,0x00007f38226f7000)]
  0x00007f383407f800 JavaThread "Reference Handler" daemon [_thread_blocked, id=1426, stack(0x00007f38226f7000,0x00007f38227f8000)]
  0x00007f383400a000 JavaThread "main" [_thread_blocked, id=1413, stack(0x00007f383cf36000,0x00007f383d037000)]

Other Threads:
=>0x00007f3834078000 VMThread [stack: 0x00007f38227f8000,0x00007f38228f9000] [id=1425]
  0x00007f38340c3000 WatcherThread [stack: 0x00007f3821631000,0x00007f3821732000] [id=1437]

VM state:at safepoint (normal execution)

VM Mutex/Monitor currently owned by a thread:  ([mutex/lock_event])
[0x00007f3834005e70] ExpandHeap_lock - owner thread: 0x00007f3834078000
[0x00007f38340064f0] Threads_lock - owner thread: 0x00007f3834078000
[0x00007f38340069f0] Heap_lock - owner thread: 0x00007f3834138800

Heap:
 PSYoungGen      total 132096K, used 0K [0x00000000eab00000, 0x0000000100000000, 0x0000000100000000)
  eden space 126976K, 0% used [0x00000000eab00000,0x00000000eab00000,0x00000000f2700000)
  from space 5120K, 0% used [0x00000000f2700000,0x00000000f2700000,0x00000000f2c00000)
  to   space 100864K, 0% used [0x00000000f9d80000,0x00000000f9d80000,0x0000000100000000)
 ParOldGen       total 159232K, used 151493K [0x00000000c0000000, 0x00000000c9b80000, 0x00000000eab00000)
  object space 159232K, 95% used [0x00000000c0000000,0x00000000c93f1560,0x00000000c9b80000)
 Metaspace       used 5916K, capacity 6872K, committed 7168K, reserved 1056768K
  class space    used 602K, capacity 656K, committed 768K, reserved 1048576K

Card table byte_map: [0x00007f3839aeb000,0x00007f3839cec000] byte_map_base: 0x00007f38394eb000

Marking Bits: (ParMarkBitMap*) 0x00007f383c409d60
 Begin Bits: [0x00007f3823000000, 0x00007f3824000000)
 End Bits:   [0x00007f3824000000, 0x00007f3825000000)

Polling page: 0x00007f383d058000

CodeCache: size=245760Kb used=5505Kb max_used=5517Kb free=240254Kb
 bounds [0x00007f3825000000, 0x00007f3825570000, 0x00007f3834000000]
 total_blobs=1559 nmethods=1292 adapters=181
 compilation: enabled

Compilation events (10 events):
Event: 27.099 Thread 0x00007f38340bd000 1461       3       sun.misc.VM::addFinalRefCount (24 bytes)
Event: 27.100 Thread 0x00007f38340bd000 nmethod 1461 0x00007f382552f010 code [0x00007f382552f180, 0x00007f382552f330]
Event: 27.437 Thread 0x00007f38340bb800 nmethod 1443% 0x00007f38255634d0 code [0x00007f3825563880, 0x00007f3825565e30]
Event: 27.437 Thread 0x00007f38340bb800 1454       4       com.android.dx.ssa.SsaMethod::indexListFromLabelList (47 bytes)
Event: 27.496 Thread 0x00007f38340bb800 nmethod 1454 0x00007f3825544cd0 code [0x00007f3825544e60, 0x00007f3825545698]
Event: 27.496 Thread 0x00007f38340bb800 1457       4       com.android.dx.ssa.SsaMethod::bitSetFromLabelList (47 bytes)
Event: 27.592 Thread 0x00007f38340bb800 nmethod 1457 0x00007f382552e1d0 code [0x00007f382552e360, 0x00007f382552ea38]
Event: 27.592 Thread 0x00007f38340bb800 1458       4       com.android.dx.ssa.SsaBasicBlock::<init> (109 bytes)
Event: 27.653 Thread 0x00007f38340bb800 nmethod 1458 0x00007f3825542b50 code [0x00007f3825542d00, 0x00007f38255433d8]
Event: 27.653 Thread 0x00007f38340bb800 1456       4       com.android.dx.rop.code.RopMethod::labelToPredecessors (54 bytes)

GC Heap History (10 events):
Event: 3.654 GC heap after
Heap after GC invocations=2 (full 0):
 PSYoungGen      total 68608K, used 5100K [0x00000000eab00000, 0x00000000ef300000, 0x0000000100000000)
  eden space 63488K, 0% used [0x00000000eab00000,0x00000000eab00000,0x00000000ee900000)
  from space 5120K, 99% used [0x00000000eee00000,0x00000000ef2fb1b8,0x00000000ef300000)
  to   space 5120K, 0% used [0x00000000ee900000,0x00000000ee900000,0x00000000eee00000)
 ParOldGen       total 84992K, used 6830K [0x00000000c0000000, 0x00000000c5300000, 0x00000000eab00000)
  object space 84992K, 8% used [0x00000000c0000000,0x00000000c06abb60,0x00000000c5300000)
 Metaspace       used 5816K, capacity 6808K, committed 7168K, reserved 1056768K
  class space    used 599K, capacity 656K, committed 768K, reserved 1048576K
}
Event: 4.816 GC heap before
{Heap before GC invocations=3 (full 0):
 PSYoungGen      total 68608K, used 68588K [0x00000000eab00000, 0x00000000ef300000, 0x0000000100000000)
  eden space 63488K, 100% used [0x00000000eab00000,0x00000000ee900000,0x00000000ee900000)
  from space 5120K, 99% used [0x00000000eee00000,0x00000000ef2fb1b8,0x00000000ef300000)
  to   space 5120K, 0% used [0x00000000ee900000,0x00000000ee900000,0x00000000eee00000)
 ParOldGen       total 84992K, used 6830K [0x00000000c0000000, 0x00000000c5300000, 0x00000000eab00000)
  object space 84992K, 8% used [0x00000000c0000000,0x00000000c06abb60,0x00000000c5300000)
 Metaspace       used 5882K, capacity 6872K, committed 7168K, reserved 1056768K
  class space    used 601K, capacity 656K, committed 768K, reserved 1048576K
Event: 4.906 GC heap after
Heap after GC invocations=3 (full 0):
 PSYoungGen      total 68608K, used 5101K [0x00000000eab00000, 0x00000000f3100000, 0x0000000100000000)
  eden space 63488K, 0% used [0x00000000eab00000,0x00000000eab00000,0x00000000ee900000)
  from space 5120K, 99% used [0x00000000ee900000,0x00000000eedfb6b0,0x00000000eee00000)
  to   space 5120K, 0% used [0x00000000f2c00000,0x00000000f2c00000,0x00000000f3100000)
 ParOldGen       total 84992K, used 18151K [0x00000000c0000000, 0x00000000c5300000, 0x00000000eab00000)
  object space 84992K, 21% used [0x00000000c0000000,0x00000000c11b9e58,0x00000000c5300000)
 Metaspace       used 5882K, capacity 6872K, committed 7168K, reserved 1056768K
  class space    used 601K, capacity 656K, committed 768K, reserved 1048576K
}
Event: 25.730 GC heap before
{Heap before GC invocations=4 (full 0):
 PSYoungGen      total 68608K, used 68589K [0x00000000eab00000, 0x00000000f3100000, 0x0000000100000000)
  eden space 63488K, 100% used [0x00000000eab00000,0x00000000ee900000,0x00000000ee900000)
  from space 5120K, 99% used [0x00000000ee900000,0x00000000eedfb6b0,0x00000000eee00000)
  to   space 5120K, 0% used [0x00000000f2c00000,0x00000000f2c00000,0x00000000f3100000)
 ParOldGen       total 84992K, used 18151K [0x00000000c0000000, 0x00000000c5300000, 0x00000000eab00000)
  object space 84992K, 21% used [0x00000000c0000000,0x00000000c11b9e58,0x00000000c5300000)
 Metaspace       used 5916K, capacity 6872K, committed 7168K, reserved 1056768K
  class space    used 602K, capacity 656K, committed 768K, reserved 1048576K
Event: 26.090 GC heap after
Heap after GC invocations=4 (full 0):
 PSYoungGen      total 132096K, used 5101K [0x00000000eab00000, 0x00000000f3100000, 0x0000000100000000)
  eden space 126976K, 0% used [0x00000000eab00000,0x00000000eab00000,0x00000000f2700000)
  from space 5120K, 99% used [0x00000000f2c00000,0x00000000f30fb6b0,0x00000000f3100000)
  to   space 5120K, 0% used [0x00000000f2700000,0x00000000f2700000,0x00000000f2c00000)
 ParOldGen       total 84992K, used 67358K [0x00000000c0000000, 0x00000000c5300000, 0x00000000eab00000)
  object space 84992K, 79% used [0x00000000c0000000,0x00000000c41c7898,0x00000000c5300000)
 Metaspace       used 5916K, capacity 6872K, committed 7168K, reserved 1056768K
  class space    used 602K, capacity 656K, committed 768K, reserved 1048576K
}
Event: 26.090 GC heap before
{Heap before GC invocations=5 (full 1):
 PSYoungGen      total 132096K, used 5101K [0x00000000eab00000, 0x00000000f3100000, 0x0000000100000000)
  eden space 126976K, 0% used [0x00000000eab00000,0x00000000eab00000,0x00000000f2700000)
  from space 5120K, 99% used [0x00000000f2c00000,0x00000000f30fb6b0,0x00000000f3100000)
  to   space 5120K, 0% used [0x00000000f2700000,0x00000000f2700000,0x00000000f2c00000)
 ParOldGen       total 84992K, used 67358K [0x00000000c0000000, 0x00000000c5300000, 0x00000000eab00000)
  object space 84992K, 79% used [0x00000000c0000000,0x00000000c41c7898,0x00000000c5300000)
 Metaspace       used 5916K, capacity 6872K, committed 7168K, reserved 1056768K
  class space    used 602K, capacity 656K, committed 768K, reserved 1048576K
Event: 27.088 GC heap after
Heap after GC invocations=5 (full 1):
 PSYoungGen      total 132096K, used 0K [0x00000000eab00000, 0x00000000f3100000, 0x0000000100000000)
  eden space 126976K, 0% used [0x00000000eab00000,0x00000000eab00000,0x00000000f2700000)
  from space 5120K, 0% used [0x00000000f2c00000,0x00000000f2c00000,0x00000000f3100000)
  to   space 5120K, 0% used [0x00000000f2700000,0x00000000f2700000,0x00000000f2c00000)
 ParOldGen       total 154624K, used 60644K [0x00000000c0000000, 0x00000000c9700000, 0x00000000eab00000)
  object space 154624K, 39% used [0x00000000c0000000,0x00000000c3b392d0,0x00000000c9700000)
 Metaspace       used 5916K, capacity 6872K, committed 7168K, reserved 1056768K
  class space    used 602K, capacity 656K, committed 768K, reserved 1048576K
}
Event: 27.900 GC heap before
{Heap before GC invocations=6 (full 1):
 PSYoungGen      total 132096K, used 126976K [0x00000000eab00000, 0x00000000f3100000, 0x0000000100000000)
  eden space 126976K, 100% used [0x00000000eab00000,0x00000000f2700000,0x00000000f2700000)
  from space 5120K, 0% used [0x00000000f2c00000,0x00000000f2c00000,0x00000000f3100000)
  to   space 5120K, 0% used [0x00000000f2700000,0x00000000f2700000,0x00000000f2c00000)
 ParOldGen       total 154624K, used 60644K [0x00000000c0000000, 0x00000000c9700000, 0x00000000eab00000)
  object space 154624K, 39% used [0x00000000c0000000,0x00000000c3b392d0,0x00000000c9700000)
 Metaspace       used 5916K, capacity 6872K, committed 7168K, reserved 1056768K
  class space    used 602K, capacity 656K, committed 768K, reserved 1048576K
Event: 28.300 GC heap after
Heap after GC invocations=6 (full 1):
 PSYoungGen      total 132096K, used 5120K [0x00000000eab00000, 0x0000000100000000, 0x0000000100000000)
  eden space 126976K, 0% used [0x00000000eab00000,0x00000000eab00000,0x00000000f2700000)
  from space 5120K, 100% used [0x00000000f2700000,0x00000000f2c00000,0x00000000f2c00000)
  to   space 100864K, 0% used [0x00000000f9d80000,0x00000000f9d80000,0x0000000100000000)
 ParOldGen       total 159232K, used 158364K [0x00000000c0000000, 0x00000000c9b80000, 0x00000000eab00000)
  object space 159232K, 99% used [0x00000000c0000000,0x00000000c9aa72d0,0x00000000c9b80000)
 Metaspace       used 5916K, capacity 6872K, committed 7168K, reserved 1056768K
  class space    used 602K, capacity 656K, committed 768K, reserved 1048576K
}
Event: 28.300 GC heap before
{Heap before GC invocations=7 (full 2):
 PSYoungGen      total 132096K, used 5120K [0x00000000eab00000, 0x0000000100000000, 0x0000000100000000)
  eden space 126976K, 0% used [0x00000000eab00000,0x00000000eab00000,0x00000000f2700000)
  from space 5120K, 100% used [0x00000000f2700000,0x00000000f2c00000,0x00000000f2c00000)
  to   space 100864K, 0% used [0x00000000f9d80000,0x00000000f9d80000,0x0000000100000000)
 ParOldGen       total 159232K, used 158364K [0x00000000c0000000, 0x00000000c9b80000, 0x00000000eab00000)
  object space 159232K, 99% used [0x00000000c0000000,0x00000000c9aa72d0,0x00000000c9b80000)
 Metaspace       used 5916K, capacity 6872K, committed 7168K, reserved 1056768K
  class space    used 602K, capacity 656K, committed 768K, reserved 1048576K

Deoptimization events (10 events):
Event: 3.127 Thread 0x00007f383412f000 Uncommon trap: reason=class_check action=maybe_recompile pc=0x00007f382528d574 method=com.android.dx.ssa.NormalSsaInsn.accept(Lcom/android/dx/ssa/SsaInsn$Visitor;)V @ 9
Event: 3.320 Thread 0x00007f3834137000 Uncommon trap: reason=class_check action=maybe_recompile pc=0x00007f382528d574 method=com.android.dx.ssa.NormalSsaInsn.accept(Lcom/android/dx/ssa/SsaInsn$Visitor;)V @ 9
Event: 3.320 Thread 0x00007f3834137000 Uncommon trap: reason=class_check action=maybe_recompile pc=0x00007f38251f3790 method=com.android.dx.ssa.NormalSsaInsn.accept(Lcom/android/dx/ssa/SsaInsn$Visitor;)V @ 9
Event: 3.337 Thread 0x00007f383412f000 Uncommon trap: reason=unstable_if action=reinterpret pc=0x00007f38252e07bc method=com.android.dx.ssa.SsaMethod.updateOneDefinition(Lcom/android/dx/ssa/SsaInsn;Lcom/android/dx/rop/code/RegisterSpec;)V @ 4
Event: 3.353 Thread 0x00007f3834138800 Uncommon trap: reason=unstable_if action=reinterpret pc=0x00007f382525cdc4 method=java.util.HashMap.putVal(ILjava/lang/Object;Ljava/lang/Object;ZZ)Ljava/lang/Object; @ 162
Event: 3.399 Thread 0x00007f383412f000 Uncommon trap: reason=unstable_if action=reinterpret pc=0x00007f38252e456c method=java.util.HashMap.getNode(ILjava/lang/Object;)Ljava/util/HashMap$Node; @ 84
Event: 8.099 Thread 0x00007f3834138800 Uncommon trap: reason=class_check action=maybe_recompile pc=0x00007f38254994dc method=com.android.dx.cf.code.BytecodeArray.parseInstruction(ILcom/android/dx/cf/code/BytecodeArray$Visitor;)I @ 1287
Event: 8.113 Thread 0x00007f3834138800 Uncommon trap: reason=class_check action=maybe_recompile pc=0x00007f38254994dc method=com.android.dx.cf.code.BytecodeArray.parseInstruction(ILcom/android/dx/cf/code/BytecodeArray$Visitor;)I @ 1287
Event: 8.113 Thread 0x00007f3834138800 Uncommon trap: reason=class_check action=maybe_recompile pc=0x00007f38254994dc method=com.android.dx.cf.code.BytecodeArray.parseInstruction(ILcom/android/dx/cf/code/BytecodeArray$Visitor;)I @ 1287
Event: 8.114 Thread 0x00007f3834138800 Uncommon trap: reason=class_check action=maybe_recompile pc=0x00007f38254994dc method=com.android.dx.cf.code.BytecodeArray.parseInstruction(ILcom/android/dx/cf/code/BytecodeArray$Visitor;)I @ 1287

Internal exceptions (5 events):
Event: 0.039 Thread 0x00007f383400a000 Exception <a 'java/lang/NoSuchMethodError': Method sun.misc.Unsafe.defineClass(Ljava/lang/String;[BII)Ljava/lang/Class; name or signature does not match> (0x00000000eab07cc0) thrown at [/HUDSON/workspace/8-2-build-linux-amd64/jdk8u91/6644/hotspot/src/shar
Event: 0.039 Thread 0x00007f383400a000 Exception <a 'java/lang/NoSuchMethodError': Method sun.misc.Unsafe.prefetchRead(Ljava/lang/Object;J)V name or signature does not match> (0x00000000eab07fa8) thrown at [/HUDSON/workspace/8-2-build-linux-amd64/jdk8u91/6644/hotspot/src/share/vm/prims/jni.cpp
Event: 3.375 Thread 0x00007f3834138800 Exception <a 'java/lang/ArrayIndexOutOfBoundsException': 18> (0x00000000ec1fab60) thrown at [/HUDSON/workspace/8-2-build-linux-amd64/jdk8u91/6644/hotspot/src/share/vm/interpreter/interpreterRuntime.cpp, line 366]
Event: 3.377 Thread 0x00007f3834138800 Exception <a 'java/lang/ArrayIndexOutOfBoundsException': 145> (0x00000000ec1fc6e0) thrown at [/HUDSON/workspace/8-2-build-linux-amd64/jdk8u91/6644/hotspot/src/share/vm/interpreter/interpreterRuntime.cpp, line 366]
Event: 3.377 Thread 0x00007f3834138800 Exception <a 'java/lang/ArrayIndexOutOfBoundsException': 40> (0x00000000ec1fd9c8) thrown at [/HUDSON/workspace/8-2-build-linux-amd64/jdk8u91/6644/hotspot/src/share/vm/interpreter/interpreterRuntime.cpp, line 366]

Events (10 events):
Event: 8.114 Thread 0x00007f3834138800 DEOPT UNPACKING pc=0x00007f3825005229 sp=0x00007f382122ae20 mode 2
Event: 13.237 Thread 0x00007f3834138800 DEOPT PACKING pc=0x00007f3825343d5b sp=0x00007f382122a600
Event: 13.237 Thread 0x00007f3834138800 DEOPT UNPACKING pc=0x00007f3825047633 sp=0x00007f382122a3c8 mode 0
Event: 25.573 Thread 0x00007f3834138800 DEOPT PACKING pc=0x00007f38253c700a sp=0x00007f382122b260
Event: 25.573 Thread 0x00007f3834138800 DEOPT UNPACKING pc=0x00007f3825047633 sp=0x00007f382122b018 mode 0
Event: 25.586 Thread 0x00007f3834138800 DEOPT PACKING pc=0x00007f382534a7ec sp=0x00007f382122b030
Event: 25.586 Thread 0x00007f3834138800 DEOPT UNPACKING pc=0x00007f3825047633 sp=0x00007f382122ad30 mode 0
Event: 25.729 Executing VM operation: ParallelGCFailedAllocation
Event: 27.088 Executing VM operation: ParallelGCFailedAllocation done
Event: 27.900 Executing VM operation: ParallelGCFailedAllocation


Dynamic libraries:
00400000-00401000 r-xp 00000000 08:05 527569                             /usr/lib/jvm/java-8-oracle/bin/java
00600000-00601000 rw-p 00000000 08:05 527569                             /usr/lib/jvm/java-8-oracle/bin/java
0239c000-023bd000 rw-p 00000000 00:00 0                                  [heap]
c0000000-c9b80000 rw-p 00000000 00:00 0 
d4600000-eab00000 ---p 00000000 00:00 0 
eab00000-100000000 rw-p 00000000 00:00 0 
100000000-1000c0000 rw-p 00000000 00:00 0 
1000c0000-140000000 ---p 00000000 00:00 0 
7f37d4000000-7f37d40ae000 rw-p 00000000 00:00 0 
7f37d40ae000-7f37d8000000 ---p 00000000 00:00 0 
7f37dc000000-7f37dc028000 rw-p 00000000 00:00 0 
7f37dc028000-7f37e0000000 ---p 00000000 00:00 0 
7f37e0000000-7f37e0021000 rw-p 00000000 00:00 0 
7f37e0021000-7f37e4000000 ---p 00000000 00:00 0 
7f37e4000000-7f37e404d000 rw-p 00000000 00:00 0 
7f37e404d000-7f37e8000000 ---p 00000000 00:00 0 
7f37e8000000-7f37e8021000 rw-p 00000000 00:00 0 
7f37e8021000-7f37ec000000 ---p 00000000 00:00 0 
7f37ec000000-7f37ec021000 rw-p 00000000 00:00 0 
7f37ec021000-7f37f0000000 ---p 00000000 00:00 0 
7f37f0000000-7f37f0021000 rw-p 00000000 00:00 0 
7f37f0021000-7f37f4000000 ---p 00000000 00:00 0 
7f37f4000000-7f37f58d9000 rw-p 00000000 00:00 0 
7f37f58d9000-7f37f8000000 ---p 00000000 00:00 0 
7f37f8000000-7f37f890f000 rw-p 00000000 00:00 0 
7f37f890f000-7f37fc000000 ---p 00000000 00:00 0 
7f37fc000000-7f37fc021000 rw-p 00000000 00:00 0 
7f37fc021000-7f3800000000 ---p 00000000 00:00 0 
7f3800000000-7f380158d000 rw-p 00000000 00:00 0 
7f380158d000-7f3804000000 ---p 00000000 00:00 0 
7f3804000000-7f3804021000 rw-p 00000000 00:00 0 
7f3804021000-7f3808000000 ---p 00000000 00:00 0 
7f3808000000-7f3808021000 rw-p 00000000 00:00 0 
7f3808021000-7f380c000000 ---p 00000000 00:00 0 
7f380c000000-7f380c021000 rw-p 00000000 00:00 0 
7f380c021000-7f3810000000 ---p 00000000 00:00 0 
7f3810000000-7f3810296000 rw-p 00000000 00:00 0 
7f3810296000-7f3814000000 ---p 00000000 00:00 0 
7f3814000000-7f3814021000 rw-p 00000000 00:00 0 
7f3814021000-7f3818000000 ---p 00000000 00:00 0 
7f3818000000-7f3818021000 rw-p 00000000 00:00 0 
7f3818021000-7f381c000000 ---p 00000000 00:00 0 
7f381c000000-7f381c021000 rw-p 00000000 00:00 0 
7f381c021000-7f3820000000 ---p 00000000 00:00 0 
7f382112c000-7f382112f000 ---p 00000000 00:00 0 
7f382112f000-7f382122d000 rw-p 00000000 00:00 0 
7f382122d000-7f3821230000 ---p 00000000 00:00 0 
7f3821230000-7f382132e000 rw-p 00000000 00:00 0 
7f382132e000-7f3821331000 ---p 00000000 00:00 0 
7f3821331000-7f382142f000 rw-p 00000000 00:00 0 
7f382142f000-7f3821432000 ---p 00000000 00:00 0 
7f3821432000-7f3821530000 rw-p 00000000 00:00 0 
7f3821530000-7f3821533000 ---p 00000000 00:00 0 
7f3821533000-7f3821631000 rw-p 00000000 00:00 0 
7f3821631000-7f3821632000 ---p 00000000 00:00 0 
7f3821632000-7f3821732000 rw-p 00000000 00:00 0 
7f3821732000-7f3821735000 ---p 00000000 00:00 0 
7f3821735000-7f3821833000 rw-p 00000000 00:00 0 
7f3821833000-7f3821836000 ---p 00000000 00:00 0 
7f3821836000-7f3821934000 rw-p 00000000 00:00 0 
7f3821934000-7f3821937000 ---p 00000000 00:00 0 
7f3821937000-7f3821a35000 rw-p 00000000 00:00 0 
7f3821a35000-7f3821a38000 ---p 00000000 00:00 0 
7f3821a38000-7f3821b36000 rw-p 00000000 00:00 0 
7f3821b36000-7f3821b39000 ---p 00000000 00:00 0 
7f3821b39000-7f3821c37000 rw-p 00000000 00:00 0 
7f3821c37000-7f38225f6000 r--p 00000000 08:05 532144                     /usr/lib/locale/locale-archive
7f38225f6000-7f38225f9000 ---p 00000000 00:00 0 
7f38225f9000-7f38226f7000 rw-p 00000000 00:00 0 
7f38226f7000-7f38226fa000 ---p 00000000 00:00 0 
7f38226fa000-7f38227f8000 rw-p 00000000 00:00 0 
7f38227f8000-7f38227f9000 ---p 00000000 00:00 0 
7f38227f9000-7f3825000000 rw-p 00000000 00:00 0 
7f3825000000-7f3825570000 rwxp 00000000 00:00 0 
7f3825570000-7f3834000000 ---p 00000000 00:00 0 
7f3834000000-7f3834390000 rw-p 00000000 00:00 0 
7f3834390000-7f3838000000 ---p 00000000 00:00 0 
7f3838087000-7f3838095000 r--s 000e0000 08:06 6035012                    /home/anshul/Android/Sdk/build-tools/24.0.0/lib/dx.jar
7f3838095000-7f3838942000 rw-p 00000000 00:00 0 
7f3838942000-7f3838b1b000 r--s 03d1f000 08:05 536981                     /usr/lib/jvm/java-8-oracle/jre/lib/rt.jar
7f3838b1b000-7f38391d1000 rw-p 00000000 00:00 0 
7f38391d1000-7f3839391000 ---p 00000000 00:00 0 
7f3839391000-7f3839591000 rw-p 00000000 00:00 0 
7f3839591000-7f3839592000 ---p 00000000 00:00 0 
7f3839592000-7f3839692000 rw-p 00000000 00:00 0 
7f3839692000-7f3839693000 ---p 00000000 00:00 0 
7f3839693000-7f3839793000 rw-p 00000000 00:00 0 
7f3839793000-7f3839794000 ---p 00000000 00:00 0 
7f3839794000-7f3839894000 rw-p 00000000 00:00 0 
7f3839894000-7f3839895000 ---p 00000000 00:00 0 
7f3839895000-7f38399e3000 rw-p 00000000 00:00 0 
7f38399e3000-7f3839aeb000 ---p 00000000 00:00 0 
7f3839aeb000-7f3839b39000 rw-p 00000000 00:00 0 
7f3839b39000-7f3839c40000 ---p 00000000 00:00 0 
7f3839c40000-7f3839ceb000 rw-p 00000000 00:00 0 
7f3839ceb000-7f3839d02000 rw-p 00000000 00:00 0 
7f3839d02000-7f383a0ac000 ---p 00000000 00:00 0 
7f383a0ac000-7f383a0c6000 r-xp 00000000 08:05 537183                     /usr/lib/jvm/java-8-oracle/jre/lib/amd64/libzip.so
7f383a0c6000-7f383a2c6000 ---p 0001a000 08:05 537183                     /usr/lib/jvm/java-8-oracle/jre/lib/amd64/libzip.so
7f383a2c6000-7f383a2c7000 rw-p 0001a000 08:05 537183                     /usr/lib/jvm/java-8-oracle/jre/lib/amd64/libzip.so
7f383a2c7000-7f383a2d2000 r-xp 00000000 08:05 2888761                    /lib/x86_64-linux-gnu/libnss_files-2.23.so
7f383a2d2000-7f383a4d1000 ---p 0000b000 08:05 2888761                    /lib/x86_64-linux-gnu/libnss_files-2.23.so
7f383a4d1000-7f383a4d2000 r--p 0000a000 08:05 2888761                    /lib/x86_64-linux-gnu/libnss_files-2.23.so
7f383a4d2000-7f383a4d3000 rw-p 0000b000 08:05 2888761                    /lib/x86_64-linux-gnu/libnss_files-2.23.so
7f383a4d3000-7f383a4d9000 rw-p 00000000 00:00 0 
7f383a4d9000-7f383a4e4000 r-xp 00000000 08:05 2888771                    /lib/x86_64-linux-gnu/libnss_nis-2.23.so
7f383a4e4000-7f383a6e3000 ---p 0000b000 08:05 2888771                    /lib/x86_64-linux-gnu/libnss_nis-2.23.so
7f383a6e3000-7f383a6e4000 r--p 0000a000 08:05 2888771                    /lib/x86_64-linux-gnu/libnss_nis-2.23.so
7f383a6e4000-7f383a6e5000 rw-p 0000b000 08:05 2888771                    /lib/x86_64-linux-gnu/libnss_nis-2.23.so
7f383a6e5000-7f383a6fb000 r-xp 00000000 08:05 2888755                    /lib/x86_64-linux-gnu/libnsl-2.23.so
7f383a6fb000-7f383a8fa000 ---p 00016000 08:05 2888755                    /lib/x86_64-linux-gnu/libnsl-2.23.so
7f383a8fa000-7f383a8fb000 r--p 00015000 08:05 2888755                    /lib/x86_64-linux-gnu/libnsl-2.23.so
7f383a8fb000-7f383a8fc000 rw-p 00016000 08:05 2888755                    /lib/x86_64-linux-gnu/libnsl-2.23.so
7f383a8fc000-7f383a8fe000 rw-p 00000000 00:00 0 
7f383a8fe000-7f383a906000 r-xp 00000000 08:05 2888757                    /lib/x86_64-linux-gnu/libnss_compat-2.23.so
7f383a906000-7f383ab05000 ---p 00008000 08:05 2888757                    /lib/x86_64-linux-gnu/libnss_compat-2.23.so
7f383ab05000-7f383ab06000 r--p 00007000 08:05 2888757                    /lib/x86_64-linux-gnu/libnss_compat-2.23.so
7f383ab06000-7f383ab07000 rw-p 00008000 08:05 2888757                    /lib/x86_64-linux-gnu/libnss_compat-2.23.so
7f383ab07000-7f383ab31000 r-xp 00000000 08:05 537178                     /usr/lib/jvm/java-8-oracle/jre/lib/amd64/libjava.so
7f383ab31000-7f383ad31000 ---p 0002a000 08:05 537178                     /usr/lib/jvm/java-8-oracle/jre/lib/amd64/libjava.so
7f383ad31000-7f383ad33000 rw-p 0002a000 08:05 537178                     /usr/lib/jvm/java-8-oracle/jre/lib/amd64/libjava.so
7f383ad33000-7f383ad40000 r-xp 00000000 08:05 537182                     /usr/lib/jvm/java-8-oracle/jre/lib/amd64/libverify.so
7f383ad40000-7f383af40000 ---p 0000d000 08:05 537182                     /usr/lib/jvm/java-8-oracle/jre/lib/amd64/libverify.so
7f383af40000-7f383af42000 rw-p 0000d000 08:05 537182                     /usr/lib/jvm/java-8-oracle/jre/lib/amd64/libverify.so
7f383af42000-7f383af49000 r-xp 00000000 08:05 2888816                    /lib/x86_64-linux-gnu/librt-2.23.so
7f383af49000-7f383b148000 ---p 00007000 08:05 2888816                    /lib/x86_64-linux-gnu/librt-2.23.so
7f383b148000-7f383b149000 r--p 00006000 08:05 2888816                    /lib/x86_64-linux-gnu/librt-2.23.so
7f383b149000-7f383b14a000 rw-p 00007000 08:05 2888816                    /lib/x86_64-linux-gnu/librt-2.23.so
7f383b14a000-7f383b252000 r-xp 00000000 08:05 2888732                    /lib/x86_64-linux-gnu/libm-2.23.so
7f383b252000-7f383b451000 ---p 00108000 08:05 2888732                    /lib/x86_64-linux-gnu/libm-2.23.so
7f383b451000-7f383b452000 r--p 00107000 08:05 2888732                    /lib/x86_64-linux-gnu/libm-2.23.so
7f383b452000-7f383b453000 rw-p 00108000 08:05 2888732                    /lib/x86_64-linux-gnu/libm-2.23.so
7f383b453000-7f383c113000 r-xp 00000000 08:05 537161                     /usr/lib/jvm/java-8-oracle/jre/lib/amd64/server/libjvm.so
7f383c113000-7f383c313000 ---p 00cc0000 08:05 537161                     /usr/lib/jvm/java-8-oracle/jre/lib/amd64/server/libjvm.so
7f383c313000-7f383c3eb000 rw-p 00cc0000 08:05 537161                     /usr/lib/jvm/java-8-oracle/jre/lib/amd64/server/libjvm.so
7f383c3eb000-7f383c436000 rw-p 00000000 00:00 0 
7f383c436000-7f383c5f6000 r-xp 00000000 08:05 2888662                    /lib/x86_64-linux-gnu/libc-2.23.so
7f383c5f6000-7f383c7f5000 ---p 001c0000 08:05 2888662                    /lib/x86_64-linux-gnu/libc-2.23.so
7f383c7f5000-7f383c7f9000 r--p 001bf000 08:05 2888662                    /lib/x86_64-linux-gnu/libc-2.23.so
7f383c7f9000-7f383c7fb000 rw-p 001c3000 08:05 2888662                    /lib/x86_64-linux-gnu/libc-2.23.so
7f383c7fb000-7f383c7ff000 rw-p 00000000 00:00 0 
7f383c7ff000-7f383c802000 r-xp 00000000 08:05 2888686                    /lib/x86_64-linux-gnu/libdl-2.23.so
7f383c802000-7f383ca01000 ---p 00003000 08:05 2888686                    /lib/x86_64-linux-gnu/libdl-2.23.so
7f383ca01000-7f383ca02000 r--p 00002000 08:05 2888686                    /lib/x86_64-linux-gnu/libdl-2.23.so
7f383ca02000-7f383ca03000 rw-p 00003000 08:05 2888686                    /lib/x86_64-linux-gnu/libdl-2.23.so
7f383ca03000-7f383ca18000 r-xp 00000000 08:05 536796                     /usr/lib/jvm/java-8-oracle/lib/amd64/jli/libjli.so
7f383ca18000-7f383cc18000 ---p 00015000 08:05 536796                     /usr/lib/jvm/java-8-oracle/lib/amd64/jli/libjli.so
7f383cc18000-7f383cc19000 rw-p 00015000 08:05 536796                     /usr/lib/jvm/java-8-oracle/lib/amd64/jli/libjli.so
7f383cc19000-7f383cc31000 r-xp 00000000 08:05 2888808                    /lib/x86_64-linux-gnu/libpthread-2.23.so
7f383cc31000-7f383ce30000 ---p 00018000 08:05 2888808                    /lib/x86_64-linux-gnu/libpthread-2.23.so
7f383ce30000-7f383ce31000 r--p 00017000 08:05 2888808                    /lib/x86_64-linux-gnu/libpthread-2.23.so
7f383ce31000-7f383ce32000 rw-p 00018000 08:05 2888808                    /lib/x86_64-linux-gnu/libpthread-2.23.so
7f383ce32000-7f383ce36000 rw-p 00000000 00:00 0 
7f383ce36000-7f383ce5c000 r-xp 00000000 08:05 2888634                    /lib/x86_64-linux-gnu/ld-2.23.so
7f383ce64000-7f383cf36000 rw-p 00000000 00:00 0 
7f383cf36000-7f383cf39000 ---p 00000000 00:00 0 
7f383cf39000-7f383d04f000 rw-p 00000000 00:00 0 
7f383d04f000-7f383d057000 rw-s 00000000 08:05 3279942                    /tmp/hsperfdata_anshul/1411
7f383d057000-7f383d058000 rw-p 00000000 00:00 0 
7f383d058000-7f383d059000 ---p 00000000 00:00 0 
7f383d059000-7f383d05b000 rw-p 00000000 00:00 0 
7f383d05b000-7f383d05c000 r--p 00025000 08:05 2888634                    /lib/x86_64-linux-gnu/ld-2.23.so
7f383d05c000-7f383d05d000 rw-p 00026000 08:05 2888634                    /lib/x86_64-linux-gnu/ld-2.23.so
7f383d05d000-7f383d05e000 rw-p 00000000 00:00 0 
7ffd0a9ea000-7ffd0aa0b000 rw-p 00000000 00:00 0                          [stack]
7ffd0abef000-7ffd0abf1000 r--p 00000000 00:00 0                          [vvar]
7ffd0abf1000-7ffd0abf3000 r-xp 00000000 00:00 0                          [vdso]
ffffffffff600000-ffffffffff601000 r-xp 00000000 00:00 0                  [vsyscall]

VM Arguments:
jvm_args: -Djava.awt.headless=true -Xmx1024M -Dfile.encoding=UTF-8 -Duser.country=IN -Duser.language=en -Duser.variant 
java_command: com.android.dx.command.Main --dex --force-jumbo --num-threads=4 --multi-dex --output /home/anshul/Downloads/Papers_library/app/build/intermediates/transforms/dex/debug/folders/1000/10/itext-rtf-2.1.7_b8215e43c4fdcb3c6c333dc984b12ab36d7e431a /home/anshul/.gradle/caches/modules-2/files-2.1/com.lowagie/itext-rtf/2.1.7/ed1cbe69ff69c6e6fa7645f51c8d25894a177e7b/itext-rtf-2.1.7.jar
java_class_path (initial): /home/anshul/Android/Sdk/build-tools/24.0.0/lib/dx.jar
Launcher Type: SUN_STANDARD

Environment Variables:
JAVA_HOME=/usr/lib/jvm/java-8-oracle
PATH=/usr/local/sbin:/usr/local/bin:/usr/sbin:/usr/bin:/sbin:/bin:/usr/games:/usr/local/games:/snap/bin:/usr/lib/jvm/java-8-oracle/bin:/usr/lib/jvm/java-8-oracle/db/bin:/usr/lib/jvm/java-8-oracle/jre/bin
SHELL=/bin/bash
DISPLAY=:0

Signal Handlers:
SIGSEGV: [libjvm.so+0xabca10], sa_mask[0]=11111111011111111101111111111110, sa_flags=SA_RESTART|SA_SIGINFO
SIGBUS: [libjvm.so+0xabca10], sa_mask[0]=11111111011111111101111111111110, sa_flags=SA_RESTART|SA_SIGINFO
SIGFPE: [libjvm.so+0x919a20], sa_mask[0]=11111111011111111101111111111110, sa_flags=SA_RESTART|SA_SIGINFO
SIGPIPE: [libjvm.so+0x919a20], sa_mask[0]=11111111011111111101111111111110, sa_flags=SA_RESTART|SA_SIGINFO
SIGXFSZ: [libjvm.so+0x919a20], sa_mask[0]=11111111011111111101111111111110, sa_flags=SA_RESTART|SA_SIGINFO
SIGILL: [libjvm.so+0x919a20], sa_mask[0]=11111111011111111101111111111110, sa_flags=SA_RESTART|SA_SIGINFO
SIGUSR1: SIG_DFL, sa_mask[0]=00000000000000000000000000000000, sa_flags=none
SIGUSR2: [libjvm.so+0x91b050], sa_mask[0]=00100000000000000000000000000000, sa_flags=SA_RESTART|SA_SIGINFO
SIGHUP: [libjvm.so+0x91c450], sa_mask[0]=11111111011111111101111111111110, sa_flags=SA_RESTART|SA_SIGINFO
SIGINT: [libjvm.so+0x91c450], sa_mask[0]=11111111011111111101111111111110, sa_flags=SA_RESTART|SA_SIGINFO
SIGTERM: [libjvm.so+0x91c450], sa_mask[0]=11111111011111111101111111111110, sa_flags=SA_RESTART|SA_SIGINFO
SIGQUIT: [libjvm.so+0x91c450], sa_mask[0]=11111111011111111101111111111110, sa_flags=SA_RESTART|SA_SIGINFO


---------------  S Y S T E M  ---------------

OS:DISTRIB_ID=Ubuntu
DISTRIB_RELEASE=16.04
DISTRIB_CODENAME=xenial
DISTRIB_DESCRIPTION="Ubuntu 16.04 LTS"

uname:Linux 4.4.0-62-generic #83-Ubuntu SMP Wed Jan 18 14:10:15 UTC 2017 x86_64
libc:glibc 2.23 NPTL 2.23 
rlimit: STACK 8192k, CORE 0k, NPROC 31521, NOFILE 65536, AS infinity
load average:14.16 5.48 2.60

/proc/meminfo:
MemTotal:        8109780 kB
MemFree:          129320 kB
MemAvailable:      54524 kB
Buffers:            2416 kB
Cached:           618712 kB
SwapCached:            0 kB
Active:          7145900 kB
Inactive:         552748 kB
Active(anon):    7118452 kB
Inactive(anon):   506024 kB
Active(file):      27448 kB
Inactive(file):    46724 kB
Unevictable:         128 kB
Mlocked:             128 kB
SwapTotal:             0 kB
SwapFree:              0 kB
Dirty:              3792 kB
Writeback:             0 kB
AnonPages:       7077728 kB
Mapped:           279824 kB
Shmem:            546916 kB
Slab:             110528 kB
SReclaimable:      54300 kB
SUnreclaim:        56228 kB
KernelStack:       17696 kB
PageTables:        83752 kB
NFS_Unstable:          0 kB
Bounce:                0 kB
WritebackTmp:          0 kB
CommitLimit:     4054888 kB
Committed_AS:   15762932 kB
VmallocTotal:   34359738367 kB
VmallocUsed:           0 kB
VmallocChunk:          0 kB
HardwareCorrupted:     0 kB
AnonHugePages:   3137536 kB
CmaTotal:              0 kB
CmaFree:               0 kB
HugePages_Total:       0
HugePages_Free:        0
HugePages_Rsvd:        0
HugePages_Surp:        0
Hugepagesize:       2048 kB
DirectMap4k:      264896 kB
DirectMap2M:     8058880 kB
DirectMap1G:     1048576 kB


CPU:total 4 (2 cores per cpu, 2 threads per core) family 6 model 69 stepping 1, cmov, cx8, fxsr, mmx, sse, sse2, sse3, ssse3, sse4.1, sse4.2, popcnt, avx, avx2, aes, clmul, erms, lzcnt, ht, tsc, tscinvbit, bmi1, bmi2

/proc/cpuinfo:
processor	: 0
vendor_id	: GenuineIntel
cpu family	: 6
model		: 69
model name	: Intel(R) Core(TM) i5-4210U CPU @ 1.70GHz
stepping	: 1
microcode	: 0x1c
cpu MHz		: 2392.500
cache size	: 3072 KB
physical id	: 0
siblings	: 4
core id		: 0
cpu cores	: 2
apicid		: 0
initial apicid	: 0
fpu		: yes
fpu_exception	: yes
cpuid level	: 13
wp		: yes
flags		: fpu vme de pse tsc msr pae mce cx8 apic sep mtrr pge mca cmov pat pse36 clflush dts acpi mmx fxsr sse sse2 ss ht tm pbe syscall nx pdpe1gb rdtscp lm constant_tsc arch_perfmon pebs bts rep_good nopl xtopology nonstop_tsc aperfmperf eagerfpu pni pclmulqdq dtes64 monitor ds_cpl vmx est tm2 ssse3 sdbg fma cx16 xtpr pdcm pcid sse4_1 sse4_2 movbe popcnt tsc_deadline_timer aes xsave avx f16c rdrand lahf_lm abm epb tpr_shadow vnmi flexpriority ept vpid fsgsbase tsc_adjust bmi1 avx2 smep bmi2 erms invpcid xsaveopt dtherm ida arat pln pts
bugs		:
bogomips	: 4788.64
clflush size	: 64
cache_alignment	: 64
address sizes	: 39 bits physical, 48 bits virtual
power management:

processor	: 1
vendor_id	: GenuineIntel
cpu family	: 6
model		: 69
model name	: Intel(R) Core(TM) i5-4210U CPU @ 1.70GHz
stepping	: 1
microcode	: 0x1c
cpu MHz		: 2399.906
cache size	: 3072 KB
physical id	: 0
siblings	: 4
core id		: 0
cpu cores	: 2
apicid		: 1
initial apicid	: 1
fpu		: yes
fpu_exception	: yes
cpuid level	: 13
wp		: yes
flags		: fpu vme de pse tsc msr pae mce cx8 apic sep mtrr pge mca cmov pat pse36 clflush dts acpi mmx fxsr sse sse2 ss ht tm pbe syscall nx pdpe1gb rdtscp lm constant_tsc arch_perfmon pebs bts rep_good nopl xtopology nonstop_tsc aperfmperf eagerfpu pni pclmulqdq dtes64 monitor ds_cpl vmx est tm2 ssse3 sdbg fma cx16 xtpr pdcm pcid sse4_1 sse4_2 movbe popcnt tsc_deadline_timer aes xsave avx f16c rdrand lahf_lm abm epb tpr_shadow vnmi flexpriority ept vpid fsgsbase tsc_adjust bmi1 avx2 smep bmi2 erms invpcid xsaveopt dtherm ida arat pln pts
bugs		:
bogomips	: 4788.64
clflush size	: 64
cache_alignment	: 64
address sizes	: 39 bits physical, 48 bits virtual
power management:

processor	: 2
vendor_id	: GenuineIntel
cpu family	: 6
model		: 69
model name	: Intel(R) Core(TM) i5-4210U CPU @ 1.70GHz
stepping	: 1
microcode	: 0x1c
cpu MHz		: 2455.968
cache size	: 3072 KB
physical id	: 0
siblings	: 4
core id		: 1
cpu cores	: 2
apicid		: 2
initial apicid	: 2
fpu		: yes
fpu_exception	: yes
cpuid level	: 13
wp		: yes
flags		: fpu vme de pse tsc msr pae mce cx8 apic sep mtrr pge mca cmov pat pse36 clflush dts acpi mmx fxsr sse sse2 ss ht tm pbe syscall nx pdpe1gb rdtscp lm constant_tsc arch_perfmon pebs bts rep_good nopl xtopology nonstop_tsc aperfmperf eagerfpu pni pclmulqdq dtes64 monitor ds_cpl vmx est tm2 ssse3 sdbg fma cx16 xtpr pdcm pcid sse4_1 sse4_2 movbe popcnt tsc_deadline_timer aes xsave avx f16c rdrand lahf_lm abm epb tpr_shadow vnmi flexpriority ept vpid fsgsbase tsc_adjust bmi1 avx2 smep bmi2 erms invpcid xsaveopt dtherm ida arat pln pts
bugs		:
bogomips	: 4788.64
clflush size	: 64
cache_alignment	: 64
address sizes	: 39 bits physical, 48 bits virtual
power management:

processor	: 3
vendor_id	: GenuineIntel
cpu family	: 6
model		: 69
model name	: Intel(R) Core(TM) i5-4210U CPU @ 1.70GHz
stepping	: 1
microcode	: 0x1c
cpu MHz		: 2455.968
cache size	: 3072 KB
physical id	: 0
siblings	: 4
core id		: 1
cpu cores	: 2
apicid		: 3
initial apicid	: 3
fpu		: yes
fpu_exception	: yes
cpuid level	: 13
wp		: yes
flags		: fpu vme de pse tsc msr pae mce cx8 apic sep mtrr pge mca cmov pat pse36 clflush dts acpi mmx fxsr sse sse2 ss ht tm pbe syscall nx pdpe1gb rdtscp lm constant_tsc arch_perfmon pebs bts rep_good nopl xtopology nonstop_tsc aperfmperf eagerfpu pni pclmulqdq dtes64 monitor ds_cpl vmx est tm2 ssse3 sdbg fma cx16 xtpr pdcm pcid sse4_1 sse4_2 movbe popcnt tsc_deadline_timer aes xsave avx f16c rdrand lahf_lm abm epb tpr_shadow vnmi flexpriority ept vpid fsgsbase tsc_adjust bmi1 avx2 smep bmi2 erms invpcid xsaveopt dtherm ida arat pln pts
bugs		:
bogomips	: 4788.64
clflush size	: 64
cache_alignment	: 64
address sizes	: 39 bits physical, 48 bits virtual
power management:



Memory: 4k page, physical 8109780k(129320k free), swap 0k(0k free)

vm_info: Java HotSpot(TM) 64-Bit Server VM (25.91-b14) for linux-amd64 JRE (1.8.0_91-b14), built on Apr  1 2016 00:57:21 by "java_re" with gcc 4.3.0 20080428 (Red Hat 4.3.0-8)

time: Fri Feb 10 22:38:31 2017
elapsed time: 38 seconds (0d 0h 0m 38s)

