#
# There is insufficient memory for the Java Runtime Environment to continue.
# Native memory allocation (mmap) failed to map 147849216 bytes for committing reserved memory.
# Possible reasons:
#   The system is out of physical RAM or swap space
#   In 32 bit mode, the process size limit was hit
# Possible solutions:
#   Reduce memory load on the system
#   Increase physical memory or swap space
#   Check if swap backing store is full
#   Use 64 bit Java on a 64 bit OS
#   Decrease Java heap size (-Xmx/-Xms)
#   Decrease number of Java threads
#   Decrease Java thread stack sizes (-Xss)
#   Set larger code cache with -XX:ReservedCodeCacheSize=
# This output file may be truncated or incomplete.
#
#  Out of Memory Error (os_linux.cpp:2627), pid=14196, tid=140074253317888
#
# JRE version: Java(TM) SE Runtime Environment (8.0_91-b14) (build 1.8.0_91-b14)
# Java VM: Java HotSpot(TM) 64-Bit Server VM (25.91-b14 mixed mode linux-amd64 compressed oops)
# Failed to write core dump. Core dumps have been disabled. To enable core dumping, try "ulimit -c unlimited" before starting Java again
#

---------------  T H R E A D  ---------------

Current thread (0x00007f6590078000):  VMThread [stack: 0x00007f65940c7000,0x00007f65941c8000] [id=14210]

Stack: [0x00007f65940c7000,0x00007f65941c8000],  sp=0x00007f65941c63a0,  free space=1020k
Native frames: (J=compiled Java code, j=interpreted, Vv=VM code, C=native code)
V  [libjvm.so+0xabc18a]  VMError::report_and_die()+0x2ba
V  [libjvm.so+0x4fafeb]  report_vm_out_of_memory(char const*, int, unsigned long, VMErrorType, char const*)+0x8b
V  [libjvm.so+0x91cbb3]  os::Linux::commit_memory_impl(char*, unsigned long, bool)+0x103
V  [libjvm.so+0x91d109]  os::pd_commit_memory(char*, unsigned long, unsigned long, bool)+0x29
V  [libjvm.so+0x91740a]  os::commit_memory(char*, unsigned long, unsigned long, bool)+0x2a
V  [libjvm.so+0x98b033]  PSVirtualSpace::expand_by(unsigned long)+0x53
V  [libjvm.so+0x97b920]  PSOldGen::expand(unsigned long)+0x170
V  [libjvm.so+0x97bb2b]  PSOldGen::resize(unsigned long)+0x1cb
V  [libjvm.so+0x983801]  PSParallelCompact::invoke_no_policy(bool)+0x991
V  [libjvm.so+0x98915d]  PSScavenge::invoke()+0x1ad
V  [libjvm.so+0x9408b0]  ParallelScavengeHeap::failed_mem_allocate(unsigned long)+0x70
V  [libjvm.so+0xabdba7]  VM_ParallelGCFailedAllocation::doit()+0x97
V  [libjvm.so+0xac55d5]  VM_Operation::evaluate()+0x55
V  [libjvm.so+0xac39aa]  VMThread::evaluate_operation(VM_Operation*)+0xba
V  [libjvm.so+0xac3d2e]  VMThread::loop()+0x1ce
V  [libjvm.so+0xac41a0]  VMThread::run()+0x70
V  [libjvm.so+0x91ef78]  java_start(Thread*)+0x108

VM_Operation (0x00007f657db33e20): ParallelGCFailedAllocation, mode: safepoint, requested by thread 0x00007f6590137000


---------------  P R O C E S S  ---------------

Java Threads: ( => current thread )
  0x00007f6590137000 JavaThread "pool-2-thread-3" [_thread_blocked, id=14252, stack(0x00007f657da35000,0x00007f657db36000)]
  0x00007f6590134000 JavaThread "pool-3-thread-1" [_thread_blocked, id=14246, stack(0x00007f657dc37000,0x00007f657dd38000)]
  0x00007f65900c0000 JavaThread "Service Thread" daemon [_thread_blocked, id=14217, stack(0x00007f657df3a000,0x00007f657e03b000)]
  0x00007f65900bd000 JavaThread "C1 CompilerThread2" daemon [_thread_blocked, id=14216, stack(0x00007f657e03b000,0x00007f657e13c000)]
  0x00007f65900bb800 JavaThread "C2 CompilerThread1" daemon [_thread_blocked, id=14215, stack(0x00007f657e13c000,0x00007f657e23d000)]
  0x00007f65900b8800 JavaThread "C2 CompilerThread0" daemon [_thread_blocked, id=14214, stack(0x00007f657e23d000,0x00007f657e33e000)]
  0x00007f65900b7000 JavaThread "Signal Dispatcher" daemon [_thread_blocked, id=14213, stack(0x00007f657e33e000,0x00007f657e43f000)]
  0x00007f6590084000 JavaThread "Finalizer" daemon [_thread_blocked, id=14212, stack(0x00007f657edfe000,0x00007f657eeff000)]
  0x00007f659007f800 JavaThread "Reference Handler" daemon [_thread_blocked, id=14211, stack(0x00007f657eeff000,0x00007f657f000000)]
  0x00007f659000a000 JavaThread "main" [_thread_blocked, id=14199, stack(0x00007f6599770000,0x00007f6599871000)]

Other Threads:
=>0x00007f6590078000 VMThread [stack: 0x00007f65940c7000,0x00007f65941c8000] [id=14210]
  0x00007f65900c3000 WatcherThread [stack: 0x00007f657de39000,0x00007f657df3a000] [id=14218]

VM state:at safepoint (normal execution)

VM Mutex/Monitor currently owned by a thread:  ([mutex/lock_event])
[0x00007f6590005e90] ExpandHeap_lock - owner thread: 0x00007f6590078000
[0x00007f6590006510] Threads_lock - owner thread: 0x00007f6590078000
[0x00007f6590006a10] Heap_lock - owner thread: 0x00007f6590137000

Heap:
 PSYoungGen      total 232960K, used 0K [0x00000000eab00000, 0x0000000100000000, 0x0000000100000000)
  eden space 116736K, 0% used [0x00000000eab00000,0x00000000eab00000,0x00000000f1d00000)
  from space 116224K, 0% used [0x00000000f8e80000,0x00000000f8e80000,0x0000000100000000)
  to   space 116224K, 0% used [0x00000000f1d00000,0x00000000f1d00000,0x00000000f8e80000)
 ParOldGen       total 537088K, used 441428K [0x00000000c0000000, 0x00000000e0c80000, 0x00000000eab00000)
  object space 537088K, 82% used [0x00000000c0000000,0x00000000daf15318,0x00000000e0c80000)
 Metaspace       used 6000K, capacity 6936K, committed 7168K, reserved 1056768K
  class space    used 604K, capacity 656K, committed 768K, reserved 1048576K

Card table byte_map: [0x00007f6596325000,0x00007f6596526000] byte_map_base: 0x00007f6595d25000

Marking Bits: (ParMarkBitMap*) 0x00007f6598c43d60
 Begin Bits: [0x00007f657f000000, 0x00007f6580000000)
 End Bits:   [0x00007f6580000000, 0x00007f6581000000)

Polling page: 0x00007f6599892000

CodeCache: size=245760Kb used=6849Kb max_used=6852Kb free=238911Kb
 bounds [0x00007f6581000000, 0x00007f65816c0000, 0x00007f6590000000]
 total_blobs=1781 nmethods=1514 adapters=181
 compilation: enabled

Compilation events (10 events):
Event: 115.750 Thread 0x00007f65900bb800 nmethod 1837% 0x00007f65816a6250 code [0x00007f65816a63e0, 0x00007f65816a6968]
Event: 115.760 Thread 0x00007f65900b8800 nmethod 1835% 0x00007f65816a0d50 code [0x00007f65816a0ee0, 0x00007f65816a1778]
Event: 115.782 Thread 0x00007f65900bb800 1841       4       com.android.dx.ssa.DeadCodeRemover::pruneDeadInstructions (246 bytes)
Event: 115.809 Thread 0x00007f65900bb800 nmethod 1841 0x00007f65816b84d0 code [0x00007f65816b8680, 0x00007f65816b8cd8]
Event: 115.813 Thread 0x00007f65900bd000 1842       3       com.android.dx.rop.cst.TypedConstant::getBasicType (8 bytes)
Event: 115.813 Thread 0x00007f65900bd000 nmethod 1842 0x00007f65816a5d90 code [0x00007f65816a5f00, 0x00007f65816a61a8]
Event: 115.814 Thread 0x00007f65900b8800 1843       4       com.android.dx.rop.cst.TypedConstant::getBasicType (8 bytes)
Event: 115.815 Thread 0x00007f65900b8800 nmethod 1843 0x00007f65816a5a90 code [0x00007f65816a5be0, 0x00007f65816a5c78]
Event: 115.817 Thread 0x00007f65900bd000 1844 %     3       com.android.dx.ssa.PhiTypeResolver::run @ 10 (179 bytes)
Event: 115.819 Thread 0x00007f65900bd000 nmethod 1844% 0x00007f65816b6790 code [0x00007f65816b6a20, 0x00007f65816b7c28]

GC Heap History (10 events):
Event: 113.289 GC heap after
Heap after GC invocations=13 (full 2):
 PSYoungGen      total 232960K, used 100048K [0x00000000eab00000, 0x0000000100000000, 0x0000000100000000)
  eden space 116736K, 0% used [0x00000000eab00000,0x00000000eab00000,0x00000000f1d00000)
  from space 116224K, 86% used [0x00000000f1d00000,0x00000000f7eb42a0,0x00000000f8e80000)
  to   space 116224K, 0% used [0x00000000f8e80000,0x00000000f8e80000,0x0000000100000000)
 ParOldGen       total 333312K, used 239806K [0x00000000c0000000, 0x00000000d4580000, 0x00000000eab00000)
  object space 333312K, 71% used [0x00000000c0000000,0x00000000cea2f980,0x00000000d4580000)
 Metaspace       used 5996K, capacity 6936K, committed 7168K, reserved 1056768K
  class space    used 604K, capacity 656K, committed 768K, reserved 1048576K
}
Event: 113.307 GC heap before
{Heap before GC invocations=14 (full 2):
 PSYoungGen      total 232960K, used 216784K [0x00000000eab00000, 0x0000000100000000, 0x0000000100000000)
  eden space 116736K, 100% used [0x00000000eab00000,0x00000000f1d00000,0x00000000f1d00000)
  from space 116224K, 86% used [0x00000000f1d00000,0x00000000f7eb42a0,0x00000000f8e80000)
  to   space 116224K, 0% used [0x00000000f8e80000,0x00000000f8e80000,0x0000000100000000)
 ParOldGen       total 333312K, used 239806K [0x00000000c0000000, 0x00000000d4580000, 0x00000000eab00000)
  object space 333312K, 71% used [0x00000000c0000000,0x00000000cea2f980,0x00000000d4580000)
 Metaspace       used 5996K, capacity 6936K, committed 7168K, reserved 1056768K
  class space    used 604K, capacity 656K, committed 768K, reserved 1048576K
Event: 113.419 GC heap after
Heap after GC invocations=14 (full 2):
 PSYoungGen      total 232960K, used 116208K [0x00000000eab00000, 0x0000000100000000, 0x0000000100000000)
  eden space 116736K, 0% used [0x00000000eab00000,0x00000000eab00000,0x00000000f1d00000)
  from space 116224K, 99% used [0x00000000f8e80000,0x00000000ffffc290,0x0000000100000000)
  to   space 116224K, 0% used [0x00000000f1d00000,0x00000000f1d00000,0x00000000f8e80000)
 ParOldGen       total 333312K, used 301758K [0x00000000c0000000, 0x00000000d4580000, 0x00000000eab00000)
  object space 333312K, 90% used [0x00000000c0000000,0x00000000d26af990,0x00000000d4580000)
 Metaspace       used 5996K, capacity 6936K, committed 7168K, reserved 1056768K
  class space    used 604K, capacity 656K, committed 768K, reserved 1048576K
}
Event: 113.419 GC heap before
{Heap before GC invocations=15 (full 3):
 PSYoungGen      total 232960K, used 116208K [0x00000000eab00000, 0x0000000100000000, 0x0000000100000000)
  eden space 116736K, 0% used [0x00000000eab00000,0x00000000eab00000,0x00000000f1d00000)
  from space 116224K, 99% used [0x00000000f8e80000,0x00000000ffffc290,0x0000000100000000)
  to   space 116224K, 0% used [0x00000000f1d00000,0x00000000f1d00000,0x00000000f8e80000)
 ParOldGen       total 333312K, used 301758K [0x00000000c0000000, 0x00000000d4580000, 0x00000000eab00000)
  object space 333312K, 90% used [0x00000000c0000000,0x00000000d26af990,0x00000000d4580000)
 Metaspace       used 5996K, capacity 6936K, committed 7168K, reserved 1056768K
  class space    used 604K, capacity 656K, committed 768K, reserved 1048576K
Event: 114.583 GC heap after
Heap after GC invocations=15 (full 3):
 PSYoungGen      total 232960K, used 65727K [0x00000000eab00000, 0x0000000100000000, 0x0000000100000000)
  eden space 116736K, 0% used [0x00000000eab00000,0x00000000eab00000,0x00000000f1d00000)
  from space 116224K, 56% used [0x00000000f8e80000,0x00000000fceafc18,0x0000000100000000)
  to   space 116224K, 0% used [0x00000000f1d00000,0x00000000f1d00000,0x00000000f8e80000)
 ParOldGen       total 537088K, used 333217K [0x00000000c0000000, 0x00000000e0c80000, 0x00000000eab00000)
  object space 537088K, 62% used [0x00000000c0000000,0x00000000d4568530,0x00000000e0c80000)
 Metaspace       used 5996K, capacity 6936K, committed 7168K, reserved 1056768K
  class space    used 604K, capacity 656K, committed 768K, reserved 1048576K
}
Event: 114.827 GC heap before
{Heap before GC invocations=16 (full 3):
 PSYoungGen      total 232960K, used 182463K [0x00000000eab00000, 0x0000000100000000, 0x0000000100000000)
  eden space 116736K, 100% used [0x00000000eab00000,0x00000000f1d00000,0x00000000f1d00000)
  from space 116224K, 56% used [0x00000000f8e80000,0x00000000fceafc18,0x0000000100000000)
  to   space 116224K, 0% used [0x00000000f1d00000,0x00000000f1d00000,0x00000000f8e80000)
 ParOldGen       total 537088K, used 333217K [0x00000000c0000000, 0x00000000e0c80000, 0x00000000eab00000)
  object space 537088K, 62% used [0x00000000c0000000,0x00000000d4568530,0x00000000e0c80000)
 Metaspace       used 6000K, capacity 6936K, committed 7168K, reserved 1056768K
  class space    used 604K, capacity 656K, committed 768K, reserved 1048576K
Event: 115.008 GC heap after
Heap after GC invocations=16 (full 3):
 PSYoungGen      total 232960K, used 32064K [0x00000000eab00000, 0x0000000100000000, 0x0000000100000000)
  eden space 116736K, 0% used [0x00000000eab00000,0x00000000eab00000,0x00000000f1d00000)
  from space 116224K, 27% used [0x00000000f1d00000,0x00000000f3c50000,0x00000000f8e80000)
  to   space 116224K, 0% used [0x00000000f8e80000,0x00000000f8e80000,0x0000000100000000)
 ParOldGen       total 537088K, used 408089K [0x00000000c0000000, 0x00000000e0c80000, 0x00000000eab00000)
  object space 537088K, 75% used [0x00000000c0000000,0x00000000d8e86530,0x00000000e0c80000)
 Metaspace       used 6000K, capacity 6936K, committed 7168K, reserved 1056768K
  class space    used 604K, capacity 656K, committed 768K, reserved 1048576K
}
Event: 116.028 GC heap before
{Heap before GC invocations=17 (full 3):
 PSYoungGen      total 232960K, used 148800K [0x00000000eab00000, 0x0000000100000000, 0x0000000100000000)
  eden space 116736K, 100% used [0x00000000eab00000,0x00000000f1d00000,0x00000000f1d00000)
  from space 116224K, 27% used [0x00000000f1d00000,0x00000000f3c50000,0x00000000f8e80000)
  to   space 116224K, 0% used [0x00000000f8e80000,0x00000000f8e80000,0x0000000100000000)
 ParOldGen       total 537088K, used 408089K [0x00000000c0000000, 0x00000000e0c80000, 0x00000000eab00000)
  object space 537088K, 75% used [0x00000000c0000000,0x00000000d8e86530,0x00000000e0c80000)
 Metaspace       used 6000K, capacity 6936K, committed 7168K, reserved 1056768K
  class space    used 604K, capacity 656K, committed 768K, reserved 1048576K
Event: 116.168 GC heap after
Heap after GC invocations=17 (full 3):
 PSYoungGen      total 232960K, used 11625K [0x00000000eab00000, 0x0000000100000000, 0x0000000100000000)
  eden space 116736K, 0% used [0x00000000eab00000,0x00000000eab00000,0x00000000f1d00000)
  from space 116224K, 10% used [0x00000000f8e80000,0x00000000f99da410,0x0000000100000000)
  to   space 116224K, 0% used [0x00000000f1d00000,0x00000000f1d00000,0x00000000f8e80000)
 ParOldGen       total 537088K, used 444137K [0x00000000c0000000, 0x00000000e0c80000, 0x00000000eab00000)
  object space 537088K, 82% used [0x00000000c0000000,0x00000000db1ba530,0x00000000e0c80000)
 Metaspace       used 6000K, capacity 6936K, committed 7168K, reserved 1056768K
  class space    used 604K, capacity 656K, committed 768K, reserved 1048576K
}
Event: 116.168 GC heap before
{Heap before GC invocations=18 (full 4):
 PSYoungGen      total 232960K, used 11625K [0x00000000eab00000, 0x0000000100000000, 0x0000000100000000)
  eden space 116736K, 0% used [0x00000000eab00000,0x00000000eab00000,0x00000000f1d00000)
  from space 116224K, 10% used [0x00000000f8e80000,0x00000000f99da410,0x0000000100000000)
  to   space 116224K, 0% used [0x00000000f1d00000,0x00000000f1d00000,0x00000000f8e80000)
 ParOldGen       total 537088K, used 444137K [0x00000000c0000000, 0x00000000e0c80000, 0x00000000eab00000)
  object space 537088K, 82% used [0x00000000c0000000,0x00000000db1ba530,0x00000000e0c80000)
 Metaspace       used 6000K, capacity 6936K, committed 7168K, reserved 1056768K
  class space    used 604K, capacity 656K, committed 768K, reserved 1048576K

Deoptimization events (10 events):
Event: 3.827 Thread 0x00007f659012f000 Uncommon trap: reason=class_check action=maybe_recompile pc=0x00007f658126b224 method=com.android.dx.ssa.NormalSsaInsn.accept(Lcom/android/dx/ssa/SsaInsn$Visitor;)V @ 9
Event: 3.855 Thread 0x00007f659012f000 Uncommon trap: reason=unstable_if action=reinterpret pc=0x00007f65812ac10c method=java.util.HashMap.putVal(ILjava/lang/Object;Ljava/lang/Object;ZZ)Ljava/lang/Object; @ 162
Event: 3.891 Thread 0x00007f659012f000 Uncommon trap: reason=unstable_if action=reinterpret pc=0x00007f658125f12c method=java.util.HashMap.getNode(ILjava/lang/Object;)Ljava/util/HashMap$Node; @ 84
Event: 3.916 Thread 0x00007f6590137000 Uncommon trap: reason=unstable_if action=reinterpret pc=0x00007f6581201018 method=java.util.HashMap.getNode(ILjava/lang/Object;)Ljava/util/HashMap$Node; @ 84
Event: 30.161 Thread 0x00007f6590137000 Uncommon trap: reason=class_check action=maybe_recompile pc=0x00007f65814ea02c method=com.android.dx.rop.cst.CstLiteral32.equals(Ljava/lang/Object;)Z @ 20
Event: 32.626 Thread 0x00007f6590137000 Uncommon trap: reason=unstable_if action=reinterpret pc=0x00007f658132100c method=com.android.dx.ssa.SetFactory.makeLivenessSet(I)Lcom/android/dx/util/IntSet; @ 4
Event: 36.194 Thread 0x00007f6590137000 Uncommon trap: reason=unstable_if action=reinterpret pc=0x00007f6581608594 method=com.android.dx.util.BitIntSet.has(I)Z @ 8
Event: 102.172 Thread 0x00007f6590137000 Uncommon trap: reason=class_check action=maybe_recompile pc=0x00007f65814ea02c method=com.android.dx.rop.cst.CstLiteral32.equals(Ljava/lang/Object;)Z @ 20
Event: 102.452 Thread 0x00007f6590137000 Uncommon trap: reason=class_check action=maybe_recompile pc=0x00007f65814ea02c method=com.android.dx.rop.cst.CstLiteral32.equals(Ljava/lang/Object;)Z @ 20
Event: 115.324 Thread 0x00007f6590137000 Uncommon trap: reason=class_check action=maybe_recompile pc=0x00007f65814ea02c method=com.android.dx.rop.cst.CstLiteral32.equals(Ljava/lang/Object;)Z @ 20

Internal exceptions (5 events):
Event: 0.136 Thread 0x00007f659000a000 Exception <a 'java/lang/NoSuchMethodError': Method sun.misc.Unsafe.defineClass(Ljava/lang/String;[BII)Ljava/lang/Class; name or signature does not match> (0x00000000eab07cc0) thrown at [/HUDSON/workspace/8-2-build-linux-amd64/jdk8u91/6644/hotspot/src/shar
Event: 0.136 Thread 0x00007f659000a000 Exception <a 'java/lang/NoSuchMethodError': Method sun.misc.Unsafe.prefetchRead(Ljava/lang/Object;J)V name or signature does not match> (0x00000000eab07fa8) thrown at [/HUDSON/workspace/8-2-build-linux-amd64/jdk8u91/6644/hotspot/src/share/vm/prims/jni.cpp
Event: 3.857 Thread 0x00007f659012f000 Exception <a 'java/lang/ArrayIndexOutOfBoundsException': 18> (0x00000000ec2814d0) thrown at [/HUDSON/workspace/8-2-build-linux-amd64/jdk8u91/6644/hotspot/src/share/vm/interpreter/interpreterRuntime.cpp, line 366]
Event: 3.858 Thread 0x00007f659012f000 Exception <a 'java/lang/ArrayIndexOutOfBoundsException': 145> (0x00000000ec283050) thrown at [/HUDSON/workspace/8-2-build-linux-amd64/jdk8u91/6644/hotspot/src/share/vm/interpreter/interpreterRuntime.cpp, line 366]
Event: 3.890 Thread 0x00007f659012f000 Exception <a 'java/lang/ArrayIndexOutOfBoundsException': 40> (0x00000000ec284338) thrown at [/HUDSON/workspace/8-2-build-linux-amd64/jdk8u91/6644/hotspot/src/share/vm/interpreter/interpreterRuntime.cpp, line 366]

Events (10 events):
Event: 115.324 Thread 0x00007f6590137000 DEOPT UNPACKING pc=0x00007f6581005229 sp=0x00007f657db33be0 mode 2
Event: 115.368 Thread 0x00007f6590137000 DEOPT PACKING pc=0x00007f65815903f9 sp=0x00007f657db33f00
Event: 115.368 Thread 0x00007f6590137000 DEOPT UNPACKING pc=0x00007f6581047633 sp=0x00007f657db33d10 mode 0
Event: 115.453 Thread 0x00007f6590137000 DEOPT PACKING pc=0x00007f6581593c44 sp=0x00007f657db33ea0
Event: 115.453 Thread 0x00007f6590137000 DEOPT UNPACKING pc=0x00007f6581047633 sp=0x00007f657db33d10 mode 0
Event: 115.481 Thread 0x00007f6590137000 DEOPT PACKING pc=0x00007f658129ae8d sp=0x00007f657db33f30
Event: 115.481 Thread 0x00007f6590137000 DEOPT UNPACKING pc=0x00007f6581047633 sp=0x00007f657db33cd0 mode 0
Event: 115.782 Thread 0x00007f6590137000 DEOPT PACKING pc=0x00007f65812efda3 sp=0x00007f657db33e40
Event: 115.782 Thread 0x00007f6590137000 DEOPT UNPACKING pc=0x00007f6581047633 sp=0x00007f657db33c10 mode 0
Event: 116.028 Executing VM operation: ParallelGCFailedAllocation


Dynamic libraries:
00400000-00401000 r-xp 00000000 08:05 527569                             /usr/lib/jvm/java-8-oracle/bin/java
00600000-00601000 rw-p 00000000 08:05 527569                             /usr/lib/jvm/java-8-oracle/bin/java
0243b000-0245c000 rw-p 00000000 00:00 0                                  [heap]
c0000000-e0c80000 rw-p 00000000 00:00 0 
e9980000-eab00000 ---p 00000000 00:00 0 
eab00000-100000000 rw-p 00000000 00:00 0 
100000000-1000c0000 rw-p 00000000 00:00 0 
1000c0000-140000000 ---p 00000000 00:00 0 
7f6528000000-7f6528021000 rw-p 00000000 00:00 0 
7f6528021000-7f652c000000 ---p 00000000 00:00 0 
7f6530000000-7f653002a000 rw-p 00000000 00:00 0 
7f653002a000-7f6534000000 ---p 00000000 00:00 0 
7f6534000000-7f653403b000 rw-p 00000000 00:00 0 
7f653403b000-7f6538000000 ---p 00000000 00:00 0 
7f6538000000-7f6538021000 rw-p 00000000 00:00 0 
7f6538021000-7f653c000000 ---p 00000000 00:00 0 
7f653c000000-7f653c021000 rw-p 00000000 00:00 0 
7f653c021000-7f6540000000 ---p 00000000 00:00 0 
7f6540000000-7f6540021000 rw-p 00000000 00:00 0 
7f6540021000-7f6544000000 ---p 00000000 00:00 0 
7f6544000000-7f6544021000 rw-p 00000000 00:00 0 
7f6544021000-7f6548000000 ---p 00000000 00:00 0 
7f6548000000-7f6549245000 rw-p 00000000 00:00 0 
7f6549245000-7f654c000000 ---p 00000000 00:00 0 
7f654c000000-7f654c799000 rw-p 00000000 00:00 0 
7f654c799000-7f6550000000 ---p 00000000 00:00 0 
7f6550000000-7f6550021000 rw-p 00000000 00:00 0 
7f6550021000-7f6554000000 ---p 00000000 00:00 0 
7f6554000000-7f6554d04000 rw-p 00000000 00:00 0 
7f6554d04000-7f6558000000 ---p 00000000 00:00 0 
7f6558000000-7f6558021000 rw-p 00000000 00:00 0 
7f6558021000-7f655c000000 ---p 00000000 00:00 0 
7f655c000000-7f655c021000 rw-p 00000000 00:00 0 
7f655c021000-7f6560000000 ---p 00000000 00:00 0 
7f6560000000-7f6560021000 rw-p 00000000 00:00 0 
7f6560021000-7f6564000000 ---p 00000000 00:00 0 
7f6564000000-7f656428d000 rw-p 00000000 00:00 0 
7f656428d000-7f6568000000 ---p 00000000 00:00 0 
7f6568000000-7f6568021000 rw-p 00000000 00:00 0 
7f6568021000-7f656c000000 ---p 00000000 00:00 0 
7f6570000000-7f6570021000 rw-p 00000000 00:00 0 
7f6570021000-7f6574000000 ---p 00000000 00:00 0 
7f6578000000-7f6578021000 rw-p 00000000 00:00 0 
7f6578021000-7f657c000000 ---p 00000000 00:00 0 
7f657d934000-7f657d937000 ---p 00000000 00:00 0 
7f657d937000-7f657da35000 rw-p 00000000 00:00 0 
7f657da35000-7f657da38000 ---p 00000000 00:00 0 
7f657da38000-7f657db36000 rw-p 00000000 00:00 0 
7f657db36000-7f657db39000 ---p 00000000 00:00 0 
7f657db39000-7f657dc37000 rw-p 00000000 00:00 0 
7f657dc37000-7f657dc3a000 ---p 00000000 00:00 0 
7f657dc3a000-7f657dd38000 rw-p 00000000 00:00 0 
7f657dd38000-7f657dd3b000 ---p 00000000 00:00 0 
7f657dd3b000-7f657de39000 rw-p 00000000 00:00 0 
7f657de39000-7f657de3a000 ---p 00000000 00:00 0 
7f657de3a000-7f657df3a000 rw-p 00000000 00:00 0 
7f657df3a000-7f657df3d000 ---p 00000000 00:00 0 
7f657df3d000-7f657e03b000 rw-p 00000000 00:00 0 
7f657e03b000-7f657e03e000 ---p 00000000 00:00 0 
7f657e03e000-7f657e13c000 rw-p 00000000 00:00 0 
7f657e13c000-7f657e13f000 ---p 00000000 00:00 0 
7f657e13f000-7f657e23d000 rw-p 00000000 00:00 0 
7f657e23d000-7f657e240000 ---p 00000000 00:00 0 
7f657e240000-7f657e33e000 rw-p 00000000 00:00 0 
7f657e33e000-7f657e341000 ---p 00000000 00:00 0 
7f657e341000-7f657e43f000 rw-p 00000000 00:00 0 
7f657e43f000-7f657edfe000 r--p 00000000 08:05 532144                     /usr/lib/locale/locale-archive
7f657edfe000-7f657ee01000 ---p 00000000 00:00 0 
7f657ee01000-7f657eeff000 rw-p 00000000 00:00 0 
7f657eeff000-7f657ef02000 ---p 00000000 00:00 0 
7f657ef02000-7f6581000000 rw-p 00000000 00:00 0 
7f6581000000-7f65816c0000 rwxp 00000000 00:00 0 
7f65816c0000-7f6590000000 ---p 00000000 00:00 0 
7f6590000000-7f6590390000 rw-p 00000000 00:00 0 
7f6590390000-7f6594000000 ---p 00000000 00:00 0 
7f65940b9000-7f65940c7000 r--s 000e0000 08:06 6035012                    /home/anshul/Android/Sdk/build-tools/24.0.0/lib/dx.jar
7f65940c7000-7f65940c8000 ---p 00000000 00:00 0 
7f65940c8000-7f659517c000 rw-p 00000000 00:00 0 
7f659517c000-7f6595355000 r--s 03d1f000 08:05 536981                     /usr/lib/jvm/java-8-oracle/jre/lib/rt.jar
7f6595355000-7f6595a0b000 rw-p 00000000 00:00 0 
7f6595a0b000-7f6595bcb000 ---p 00000000 00:00 0 
7f6595bcb000-7f6595dcb000 rw-p 00000000 00:00 0 
7f6595dcb000-7f6595dcc000 ---p 00000000 00:00 0 
7f6595dcc000-7f6595ecc000 rw-p 00000000 00:00 0 
7f6595ecc000-7f6595ecd000 ---p 00000000 00:00 0 
7f6595ecd000-7f6595fcd000 rw-p 00000000 00:00 0 
7f6595fcd000-7f6595fce000 ---p 00000000 00:00 0 
7f6595fce000-7f65960ce000 rw-p 00000000 00:00 0 
7f65960ce000-7f65960cf000 ---p 00000000 00:00 0 
7f65960cf000-7f65962d6000 rw-p 00000000 00:00 0 
7f65962d6000-7f6596325000 ---p 00000000 00:00 0 
7f6596325000-7f659642c000 rw-p 00000000 00:00 0 
7f659642c000-7f659647a000 ---p 00000000 00:00 0 
7f659647a000-7f6596525000 rw-p 00000000 00:00 0 
7f6596525000-7f6596541000 rw-p 00000000 00:00 0 
7f6596541000-7f65968e6000 ---p 00000000 00:00 0 
7f65968e6000-7f6596900000 r-xp 00000000 08:05 537183                     /usr/lib/jvm/java-8-oracle/jre/lib/amd64/libzip.so
7f6596900000-7f6596b00000 ---p 0001a000 08:05 537183                     /usr/lib/jvm/java-8-oracle/jre/lib/amd64/libzip.so
7f6596b00000-7f6596b01000 rw-p 0001a000 08:05 537183                     /usr/lib/jvm/java-8-oracle/jre/lib/amd64/libzip.so
7f6596b01000-7f6596b0c000 r-xp 00000000 08:05 2888761                    /lib/x86_64-linux-gnu/libnss_files-2.23.so
7f6596b0c000-7f6596d0b000 ---p 0000b000 08:05 2888761                    /lib/x86_64-linux-gnu/libnss_files-2.23.so
7f6596d0b000-7f6596d0c000 r--p 0000a000 08:05 2888761                    /lib/x86_64-linux-gnu/libnss_files-2.23.so
7f6596d0c000-7f6596d0d000 rw-p 0000b000 08:05 2888761                    /lib/x86_64-linux-gnu/libnss_files-2.23.so
7f6596d0d000-7f6596d13000 rw-p 00000000 00:00 0 
7f6596d13000-7f6596d1e000 r-xp 00000000 08:05 2888771                    /lib/x86_64-linux-gnu/libnss_nis-2.23.so
7f6596d1e000-7f6596f1d000 ---p 0000b000 08:05 2888771                    /lib/x86_64-linux-gnu/libnss_nis-2.23.so
7f6596f1d000-7f6596f1e000 r--p 0000a000 08:05 2888771                    /lib/x86_64-linux-gnu/libnss_nis-2.23.so
7f6596f1e000-7f6596f1f000 rw-p 0000b000 08:05 2888771                    /lib/x86_64-linux-gnu/libnss_nis-2.23.so
7f6596f1f000-7f6596f35000 r-xp 00000000 08:05 2888755                    /lib/x86_64-linux-gnu/libnsl-2.23.so
7f6596f35000-7f6597134000 ---p 00016000 08:05 2888755                    /lib/x86_64-linux-gnu/libnsl-2.23.so
7f6597134000-7f6597135000 r--p 00015000 08:05 2888755                    /lib/x86_64-linux-gnu/libnsl-2.23.so
7f6597135000-7f6597136000 rw-p 00016000 08:05 2888755                    /lib/x86_64-linux-gnu/libnsl-2.23.so
7f6597136000-7f6597138000 rw-p 00000000 00:00 0 
7f6597138000-7f6597140000 r-xp 00000000 08:05 2888757                    /lib/x86_64-linux-gnu/libnss_compat-2.23.so
7f6597140000-7f659733f000 ---p 00008000 08:05 2888757                    /lib/x86_64-linux-gnu/libnss_compat-2.23.so
7f659733f000-7f6597340000 r--p 00007000 08:05 2888757                    /lib/x86_64-linux-gnu/libnss_compat-2.23.so
7f6597340000-7f6597341000 rw-p 00008000 08:05 2888757                    /lib/x86_64-linux-gnu/libnss_compat-2.23.so
7f6597341000-7f659736b000 r-xp 00000000 08:05 537178                     /usr/lib/jvm/java-8-oracle/jre/lib/amd64/libjava.so
7f659736b000-7f659756b000 ---p 0002a000 08:05 537178                     /usr/lib/jvm/java-8-oracle/jre/lib/amd64/libjava.so
7f659756b000-7f659756d000 rw-p 0002a000 08:05 537178                     /usr/lib/jvm/java-8-oracle/jre/lib/amd64/libjava.so
7f659756d000-7f659757a000 r-xp 00000000 08:05 537182                     /usr/lib/jvm/java-8-oracle/jre/lib/amd64/libverify.so
7f659757a000-7f659777a000 ---p 0000d000 08:05 537182                     /usr/lib/jvm/java-8-oracle/jre/lib/amd64/libverify.so
7f659777a000-7f659777c000 rw-p 0000d000 08:05 537182                     /usr/lib/jvm/java-8-oracle/jre/lib/amd64/libverify.so
7f659777c000-7f6597783000 r-xp 00000000 08:05 2888816                    /lib/x86_64-linux-gnu/librt-2.23.so
7f6597783000-7f6597982000 ---p 00007000 08:05 2888816                    /lib/x86_64-linux-gnu/librt-2.23.so
7f6597982000-7f6597983000 r--p 00006000 08:05 2888816                    /lib/x86_64-linux-gnu/librt-2.23.so
7f6597983000-7f6597984000 rw-p 00007000 08:05 2888816                    /lib/x86_64-linux-gnu/librt-2.23.so
7f6597984000-7f6597a8c000 r-xp 00000000 08:05 2888732                    /lib/x86_64-linux-gnu/libm-2.23.so
7f6597a8c000-7f6597c8b000 ---p 00108000 08:05 2888732                    /lib/x86_64-linux-gnu/libm-2.23.so
7f6597c8b000-7f6597c8c000 r--p 00107000 08:05 2888732                    /lib/x86_64-linux-gnu/libm-2.23.so
7f6597c8c000-7f6597c8d000 rw-p 00108000 08:05 2888732                    /lib/x86_64-linux-gnu/libm-2.23.so
7f6597c8d000-7f659894d000 r-xp 00000000 08:05 537161                     /usr/lib/jvm/java-8-oracle/jre/lib/amd64/server/libjvm.so
7f659894d000-7f6598b4d000 ---p 00cc0000 08:05 537161                     /usr/lib/jvm/java-8-oracle/jre/lib/amd64/server/libjvm.so
7f6598b4d000-7f6598c25000 rw-p 00cc0000 08:05 537161                     /usr/lib/jvm/java-8-oracle/jre/lib/amd64/server/libjvm.so
7f6598c25000-7f6598c70000 rw-p 00000000 00:00 0 
7f6598c70000-7f6598e30000 r-xp 00000000 08:05 2888662                    /lib/x86_64-linux-gnu/libc-2.23.so
7f6598e30000-7f659902f000 ---p 001c0000 08:05 2888662                    /lib/x86_64-linux-gnu/libc-2.23.so
7f659902f000-7f6599033000 r--p 001bf000 08:05 2888662                    /lib/x86_64-linux-gnu/libc-2.23.so
7f6599033000-7f6599035000 rw-p 001c3000 08:05 2888662                    /lib/x86_64-linux-gnu/libc-2.23.so
7f6599035000-7f6599039000 rw-p 00000000 00:00 0 
7f6599039000-7f659903c000 r-xp 00000000 08:05 2888686                    /lib/x86_64-linux-gnu/libdl-2.23.so
7f659903c000-7f659923b000 ---p 00003000 08:05 2888686                    /lib/x86_64-linux-gnu/libdl-2.23.so
7f659923b000-7f659923c000 r--p 00002000 08:05 2888686                    /lib/x86_64-linux-gnu/libdl-2.23.so
7f659923c000-7f659923d000 rw-p 00003000 08:05 2888686                    /lib/x86_64-linux-gnu/libdl-2.23.so
7f659923d000-7f6599252000 r-xp 00000000 08:05 536796                     /usr/lib/jvm/java-8-oracle/lib/amd64/jli/libjli.so
7f6599252000-7f6599452000 ---p 00015000 08:05 536796                     /usr/lib/jvm/java-8-oracle/lib/amd64/jli/libjli.so
7f6599452000-7f6599453000 rw-p 00015000 08:05 536796                     /usr/lib/jvm/java-8-oracle/lib/amd64/jli/libjli.so
7f6599453000-7f659946b000 r-xp 00000000 08:05 2888808                    /lib/x86_64-linux-gnu/libpthread-2.23.so
7f659946b000-7f659966a000 ---p 00018000 08:05 2888808                    /lib/x86_64-linux-gnu/libpthread-2.23.so
7f659966a000-7f659966b000 r--p 00017000 08:05 2888808                    /lib/x86_64-linux-gnu/libpthread-2.23.so
7f659966b000-7f659966c000 rw-p 00018000 08:05 2888808                    /lib/x86_64-linux-gnu/libpthread-2.23.so
7f659966c000-7f6599670000 rw-p 00000000 00:00 0 
7f6599670000-7f6599696000 r-xp 00000000 08:05 2888634                    /lib/x86_64-linux-gnu/ld-2.23.so
7f659969e000-7f6599770000 rw-p 00000000 00:00 0 
7f6599770000-7f6599773000 ---p 00000000 00:00 0 
7f6599773000-7f6599889000 rw-p 00000000 00:00 0 
7f6599889000-7f6599891000 rw-s 00000000 08:05 3146667                    /tmp/hsperfdata_anshul/14196
7f6599891000-7f6599892000 rw-p 00000000 00:00 0 
7f6599892000-7f6599893000 ---p 00000000 00:00 0 
7f6599893000-7f6599895000 rw-p 00000000 00:00 0 
7f6599895000-7f6599896000 r--p 00025000 08:05 2888634                    /lib/x86_64-linux-gnu/ld-2.23.so
7f6599896000-7f6599897000 rw-p 00026000 08:05 2888634                    /lib/x86_64-linux-gnu/ld-2.23.so
7f6599897000-7f6599898000 rw-p 00000000 00:00 0 
7ffd320ce000-7ffd320ef000 rw-p 00000000 00:00 0                          [stack]
7ffd3212b000-7ffd3212d000 r--p 00000000 00:00 0                          [vvar]
7ffd3212d000-7ffd3212f000 r-xp 00000000 00:00 0                          [vdso]
ffffffffff600000-ffffffffff601000 r-xp 00000000 00:00 0                  [vsyscall]

VM Arguments:
jvm_args: -Djava.awt.headless=true -Xmx1024M -Dfile.encoding=UTF-8 -Duser.country=IN -Duser.language=en -Duser.variant 
java_command: com.android.dx.command.Main --dex --force-jumbo --num-threads=4 --multi-dex --output /home/anshul/Downloads/Project Papers_library/Papers_library/app/build/intermediates/transforms/dex/debug/folders/1000/10/itext-rtf-2.1.7_b8215e43c4fdcb3c6c333dc984b12ab36d7e431a /home/anshul/.gradle/caches/modules-2/files-2.1/com.lowagie/itext-rtf/2.1.7/ed1cbe69ff69c6e6fa7645f51c8d25894a177e7b/itext-rtf-2.1.7.jar
java_class_path (initial): /home/anshul/Android/Sdk/build-tools/24.0.0/lib/dx.jar
Launcher Type: SUN_STANDARD

Environment Variables:
JAVA_HOME=/usr/lib/jvm/java-8-oracle
PATH=/usr/local/sbin:/usr/local/bin:/usr/sbin:/usr/bin:/sbin:/bin:/usr/games:/usr/local/games:/snap/bin:/usr/lib/jvm/java-8-oracle/bin:/usr/lib/jvm/java-8-oracle/db/bin:/usr/lib/jvm/java-8-oracle/jre/bin
SHELL=/bin/bash
DISPLAY=:0

Signal Handlers:
SIGSEGV: [libjvm.so+0xabca10], sa_mask[0]=11111111011111111101111111111110, sa_flags=SA_RESTART|SA_SIGINFO
SIGBUS: [libjvm.so+0xabca10], sa_mask[0]=11111111011111111101111111111110, sa_flags=SA_RESTART|SA_SIGINFO
SIGFPE: [libjvm.so+0x919a20], sa_mask[0]=11111111011111111101111111111110, sa_flags=SA_RESTART|SA_SIGINFO
SIGPIPE: [libjvm.so+0x919a20], sa_mask[0]=11111111011111111101111111111110, sa_flags=SA_RESTART|SA_SIGINFO
SIGXFSZ: [libjvm.so+0x919a20], sa_mask[0]=11111111011111111101111111111110, sa_flags=SA_RESTART|SA_SIGINFO
SIGILL: [libjvm.so+0x919a20], sa_mask[0]=11111111011111111101111111111110, sa_flags=SA_RESTART|SA_SIGINFO
SIGUSR1: SIG_DFL, sa_mask[0]=00000000000000000000000000000000, sa_flags=none
SIGUSR2: [libjvm.so+0x91b050], sa_mask[0]=00100000000000000000000000000000, sa_flags=SA_RESTART|SA_SIGINFO
SIGHUP: [libjvm.so+0x91c450], sa_mask[0]=11111111011111111101111111111110, sa_flags=SA_RESTART|SA_SIGINFO
SIGINT: [libjvm.so+0x91c450], sa_mask[0]=11111111011111111101111111111110, sa_flags=SA_RESTART|SA_SIGINFO
SIGTERM: [libjvm.so+0x91c450], sa_mask[0]=11111111011111111101111111111110, sa_flags=SA_RESTART|SA_SIGINFO
SIGQUIT: [libjvm.so+0x91c450], sa_mask[0]=11111111011111111101111111111110, sa_flags=SA_RESTART|SA_SIGINFO


---------------  S Y S T E M  ---------------

OS:DISTRIB_ID=Ubuntu
DISTRIB_RELEASE=16.04
DISTRIB_CODENAME=xenial
DISTRIB_DESCRIPTION="Ubuntu 16.04 LTS"

uname:Linux 4.4.0-59-generic #80-Ubuntu SMP Fri Jan 6 17:47:47 UTC 2017 x86_64
libc:glibc 2.23 NPTL 2.23 
rlimit: STACK 8192k, CORE 0k, NPROC 31521, NOFILE 65536, AS infinity
load average:45.53 19.91 9.80

/proc/meminfo:
MemTotal:        8109780 kB
MemFree:          121960 kB
MemAvailable:      35460 kB
Buffers:            1172 kB
Cached:           574228 kB
SwapCached:            0 kB
Active:          7194300 kB
Inactive:         529900 kB
Active(anon):    7171600 kB
Inactive(anon):   497036 kB
Active(file):      22700 kB
Inactive(file):    32864 kB
Unevictable:         260 kB
Mlocked:             260 kB
SwapTotal:             0 kB
SwapFree:              0 kB
Dirty:               520 kB
Writeback:             0 kB
AnonPages:       7149644 kB
Mapped:           201308 kB
Shmem:            519300 kB
Slab:             101692 kB
SReclaimable:      49500 kB
SUnreclaim:        52192 kB
KernelStack:       19344 kB
PageTables:        74824 kB
NFS_Unstable:          0 kB
Bounce:                0 kB
WritebackTmp:          0 kB
CommitLimit:     4054888 kB
Committed_AS:   14709416 kB
VmallocTotal:   34359738367 kB
VmallocUsed:           0 kB
VmallocChunk:          0 kB
HardwareCorrupted:     0 kB
AnonHugePages:   3313664 kB
CmaTotal:              0 kB
CmaFree:               0 kB
HugePages_Total:       0
HugePages_Free:        0
HugePages_Rsvd:        0
HugePages_Surp:        0
Hugepagesize:       2048 kB
DirectMap4k:      230080 kB
DirectMap2M:     7045120 kB
DirectMap1G:     2097152 kB


CPU:total 4 (2 cores per cpu, 2 threads per core) family 6 model 69 stepping 1, cmov, cx8, fxsr, mmx, sse, sse2, sse3, ssse3, sse4.1, sse4.2, popcnt, avx, avx2, aes, clmul, erms, lzcnt, ht, tsc, tscinvbit, bmi1, bmi2

/proc/cpuinfo:
processor	: 0
vendor_id	: GenuineIntel
cpu family	: 6
model		: 69
model name	: Intel(R) Core(TM) i5-4210U CPU @ 1.70GHz
stepping	: 1
microcode	: 0x1c
cpu MHz		: 1605.937
cache size	: 3072 KB
physical id	: 0
siblings	: 4
core id		: 0
cpu cores	: 2
apicid		: 0
initial apicid	: 0
fpu		: yes
fpu_exception	: yes
cpuid level	: 13
wp		: yes
flags		: fpu vme de pse tsc msr pae mce cx8 apic sep mtrr pge mca cmov pat pse36 clflush dts acpi mmx fxsr sse sse2 ss ht tm pbe syscall nx pdpe1gb rdtscp lm constant_tsc arch_perfmon pebs bts rep_good nopl xtopology nonstop_tsc aperfmperf eagerfpu pni pclmulqdq dtes64 monitor ds_cpl vmx est tm2 ssse3 sdbg fma cx16 xtpr pdcm pcid sse4_1 sse4_2 movbe popcnt tsc_deadline_timer aes xsave avx f16c rdrand lahf_lm abm epb tpr_shadow vnmi flexpriority ept vpid fsgsbase tsc_adjust bmi1 avx2 smep bmi2 erms invpcid xsaveopt dtherm ida arat pln pts
bugs		:
bogomips	: 4788.91
clflush size	: 64
cache_alignment	: 64
address sizes	: 39 bits physical, 48 bits virtual
power management:

processor	: 1
vendor_id	: GenuineIntel
cpu family	: 6
model		: 69
model name	: Intel(R) Core(TM) i5-4210U CPU @ 1.70GHz
stepping	: 1
microcode	: 0x1c
cpu MHz		: 1976.437
cache size	: 3072 KB
physical id	: 0
siblings	: 4
core id		: 0
cpu cores	: 2
apicid		: 1
initial apicid	: 1
fpu		: yes
fpu_exception	: yes
cpuid level	: 13
wp		: yes
flags		: fpu vme de pse tsc msr pae mce cx8 apic sep mtrr pge mca cmov pat pse36 clflush dts acpi mmx fxsr sse sse2 ss ht tm pbe syscall nx pdpe1gb rdtscp lm constant_tsc arch_perfmon pebs bts rep_good nopl xtopology nonstop_tsc aperfmperf eagerfpu pni pclmulqdq dtes64 monitor ds_cpl vmx est tm2 ssse3 sdbg fma cx16 xtpr pdcm pcid sse4_1 sse4_2 movbe popcnt tsc_deadline_timer aes xsave avx f16c rdrand lahf_lm abm epb tpr_shadow vnmi flexpriority ept vpid fsgsbase tsc_adjust bmi1 avx2 smep bmi2 erms invpcid xsaveopt dtherm ida arat pln pts
bugs		:
bogomips	: 4788.91
clflush size	: 64
cache_alignment	: 64
address sizes	: 39 bits physical, 48 bits virtual
power management:

processor	: 2
vendor_id	: GenuineIntel
cpu family	: 6
model		: 69
model name	: Intel(R) Core(TM) i5-4210U CPU @ 1.70GHz
stepping	: 1
microcode	: 0x1c
cpu MHz		: 1008.468
cache size	: 3072 KB
physical id	: 0
siblings	: 4
core id		: 1
cpu cores	: 2
apicid		: 2
initial apicid	: 2
fpu		: yes
fpu_exception	: yes
cpuid level	: 13
wp		: yes
flags		: fpu vme de pse tsc msr pae mce cx8 apic sep mtrr pge mca cmov pat pse36 clflush dts acpi mmx fxsr sse sse2 ss ht tm pbe syscall nx pdpe1gb rdtscp lm constant_tsc arch_perfmon pebs bts rep_good nopl xtopology nonstop_tsc aperfmperf eagerfpu pni pclmulqdq dtes64 monitor ds_cpl vmx est tm2 ssse3 sdbg fma cx16 xtpr pdcm pcid sse4_1 sse4_2 movbe popcnt tsc_deadline_timer aes xsave avx f16c rdrand lahf_lm abm epb tpr_shadow vnmi flexpriority ept vpid fsgsbase tsc_adjust bmi1 avx2 smep bmi2 erms invpcid xsaveopt dtherm ida arat pln pts
bugs		:
bogomips	: 4788.91
clflush size	: 64
cache_alignment	: 64
address sizes	: 39 bits physical, 48 bits virtual
power management:

processor	: 3
vendor_id	: GenuineIntel
cpu family	: 6
model		: 69
model name	: Intel(R) Core(TM) i5-4210U CPU @ 1.70GHz
stepping	: 1
microcode	: 0x1c
cpu MHz		: 2350.218
cache size	: 3072 KB
physical id	: 0
siblings	: 4
core id		: 1
cpu cores	: 2
apicid		: 3
initial apicid	: 3
fpu		: yes
fpu_exception	: yes
cpuid level	: 13
wp		: yes
flags		: fpu vme de pse tsc msr pae mce cx8 apic sep mtrr pge mca cmov pat pse36 clflush dts acpi mmx fxsr sse sse2 ss ht tm pbe syscall nx pdpe1gb rdtscp lm constant_tsc arch_perfmon pebs bts rep_good nopl xtopology nonstop_tsc aperfmperf eagerfpu pni pclmulqdq dtes64 monitor ds_cpl vmx est tm2 ssse3 sdbg fma cx16 xtpr pdcm pcid sse4_1 sse4_2 movbe popcnt tsc_deadline_timer aes xsave avx f16c rdrand lahf_lm abm epb tpr_shadow vnmi flexpriority ept vpid fsgsbase tsc_adjust bmi1 avx2 smep bmi2 erms invpcid xsaveopt dtherm ida arat pln pts
bugs		:
bogomips	: 4788.91
clflush size	: 64
cache_alignment	: 64
address sizes	: 39 bits physical, 48 bits virtual
power management:



Memory: 4k page, physical 8109780k(121960k free), swap 0k(0k free)

vm_info: Java HotSpot(TM) 64-Bit Server VM (25.91-b14) for linux-amd64 JRE (1.8.0_91-b14), built on Apr  1 2016 00:57:21 by "java_re" with gcc 4.3.0 20080428 (Red Hat 4.3.0-8)

time: Fri Feb  3 00:31:59 2017
elapsed time: 137 seconds (0d 0h 2m 17s)

