#
# There is insufficient memory for the Java Runtime Environment to continue.
# Native memory allocation (mmap) failed to map 275775488 bytes for committing reserved memory.
# Possible reasons:
#   The system is out of physical RAM or swap space
#   In 32 bit mode, the process size limit was hit
# Possible solutions:
#   Reduce memory load on the system
#   Increase physical memory or swap space
#   Check if swap backing store is full
#   Use 64 bit Java on a 64 bit OS
#   Decrease Java heap size (-Xmx/-Xms)
#   Decrease number of Java threads
#   Decrease Java thread stack sizes (-Xss)
#   Set larger code cache with -XX:ReservedCodeCacheSize=
# This output file may be truncated or incomplete.
#
#  Out of Memory Error (os_linux.cpp:2627), pid=23717, tid=140516726073088
#
# JRE version: Java(TM) SE Runtime Environment (8.0_91-b14) (build 1.8.0_91-b14)
# Java VM: Java HotSpot(TM) 64-Bit Server VM (25.91-b14 mixed mode linux-amd64 compressed oops)
# Failed to write core dump. Core dumps have been disabled. To enable core dumping, try "ulimit -c unlimited" before starting Java again
#

---------------  T H R E A D  ---------------

Current thread (0x00007fccac078000):  VMThread [stack: 0x00007fcc997ae000,0x00007fcc998af000] [id=23728]

Stack: [0x00007fcc997ae000,0x00007fcc998af000],  sp=0x00007fcc998ad320,  free space=1020k
Native frames: (J=compiled Java code, j=interpreted, Vv=VM code, C=native code)
V  [libjvm.so+0xabc18a]  VMError::report_and_die()+0x2ba
V  [libjvm.so+0x4fafeb]  report_vm_out_of_memory(char const*, int, unsigned long, VMErrorType, char const*)+0x8b
V  [libjvm.so+0x91cbb3]  os::Linux::commit_memory_impl(char*, unsigned long, bool)+0x103
V  [libjvm.so+0x91d109]  os::pd_commit_memory(char*, unsigned long, unsigned long, bool)+0x29
V  [libjvm.so+0x91740a]  os::commit_memory(char*, unsigned long, unsigned long, bool)+0x2a
V  [libjvm.so+0x98b033]  PSVirtualSpace::expand_by(unsigned long)+0x53
V  [libjvm.so+0x97b920]  PSOldGen::expand(unsigned long)+0x170
V  [libjvm.so+0x97bb2b]  PSOldGen::resize(unsigned long)+0x1cb
V  [libjvm.so+0x983801]  PSParallelCompact::invoke_no_policy(bool)+0x991
V  [libjvm.so+0x98915d]  PSScavenge::invoke()+0x1ad
V  [libjvm.so+0x9408b0]  ParallelScavengeHeap::failed_mem_allocate(unsigned long)+0x70
V  [libjvm.so+0xabdba7]  VM_ParallelGCFailedAllocation::doit()+0x97
V  [libjvm.so+0xac55d5]  VM_Operation::evaluate()+0x55
V  [libjvm.so+0xac39aa]  VMThread::evaluate_operation(VM_Operation*)+0xba
V  [libjvm.so+0xac3d2e]  VMThread::loop()+0x1ce
V  [libjvm.so+0xac41a0]  VMThread::run()+0x70
V  [libjvm.so+0x91ef78]  java_start(Thread*)+0x108

VM_Operation (0x00007fccb3f73680): ParallelGCFailedAllocation, mode: safepoint, requested by thread 0x00007fccac00a000


---------------  P R O C E S S  ---------------

Java Threads: ( => current thread )
  0x00007fccac138800 JavaThread "pool-1-thread-4" [_thread_blocked, id=23741, stack(0x00007fcc980e2000,0x00007fcc981e3000)]
  0x00007fccac137000 JavaThread "pool-1-thread-3" [_thread_blocked, id=23740, stack(0x00007fcc981e3000,0x00007fcc982e4000)]
  0x00007fccac135800 JavaThread "pool-1-thread-2" [_thread_blocked, id=23739, stack(0x00007fcc982e4000,0x00007fcc983e5000)]
  0x00007fccac134000 JavaThread "pool-2-thread-1" [_thread_blocked, id=23738, stack(0x00007fcc983e5000,0x00007fcc984e6000)]
  0x00007fccac12f000 JavaThread "pool-1-thread-1" [_thread_blocked, id=23737, stack(0x00007fcc984e6000,0x00007fcc985e7000)]
  0x00007fccac0c0000 JavaThread "Service Thread" daemon [_thread_blocked, id=23735, stack(0x00007fcc986e8000,0x00007fcc987e9000)]
  0x00007fccac0bd000 JavaThread "C1 CompilerThread2" daemon [_thread_blocked, id=23734, stack(0x00007fcc987e9000,0x00007fcc988ea000)]
  0x00007fccac0bb800 JavaThread "C2 CompilerThread1" daemon [_thread_blocked, id=23733, stack(0x00007fcc988ea000,0x00007fcc989eb000)]
  0x00007fccac0b8800 JavaThread "C2 CompilerThread0" daemon [_thread_blocked, id=23732, stack(0x00007fcc989eb000,0x00007fcc98aec000)]
  0x00007fccac0b7000 JavaThread "Signal Dispatcher" daemon [_thread_blocked, id=23731, stack(0x00007fcc98aec000,0x00007fcc98bed000)]
  0x00007fccac084000 JavaThread "Finalizer" daemon [_thread_blocked, id=23730, stack(0x00007fcc995ac000,0x00007fcc996ad000)]
  0x00007fccac07f800 JavaThread "Reference Handler" daemon [_thread_blocked, id=23729, stack(0x00007fcc996ad000,0x00007fcc997ae000)]
  0x00007fccac00a000 JavaThread "main" [_thread_blocked, id=23721, stack(0x00007fccb3e75000,0x00007fccb3f76000)]

Other Threads:
=>0x00007fccac078000 VMThread [stack: 0x00007fcc997ae000,0x00007fcc998af000] [id=23728]
  0x00007fccac0c3000 WatcherThread [stack: 0x00007fcc985e7000,0x00007fcc986e8000] [id=23736]

VM state:at safepoint (normal execution)

VM Mutex/Monitor currently owned by a thread:  ([mutex/lock_event])
[0x00007fccac005e50] ExpandHeap_lock - owner thread: 0x00007fccac078000
[0x00007fccac0064d0] Threads_lock - owner thread: 0x00007fccac078000
[0x00007fccac0069d0] Heap_lock - owner thread: 0x00007fccac00a000

Heap:
 PSYoungGen      total 232960K, used 28055K [0x00000000eab00000, 0x0000000100000000, 0x0000000100000000)
  eden space 116736K, 0% used [0x00000000eab00000,0x00000000eab00000,0x00000000f1d00000)
  from space 116224K, 24% used [0x00000000f1d00000,0x00000000f3865c80,0x00000000f8e80000)
  to   space 116224K, 0% used [0x00000000f8e80000,0x00000000f8e80000,0x0000000100000000)
 ParOldGen       total 385024K, used 384858K [0x00000000c0000000, 0x00000000d7800000, 0x00000000eab00000)
  object space 385024K, 99% used [0x00000000c0000000,0x00000000d77d68f8,0x00000000d7800000)
 Metaspace       used 5960K, capacity 6872K, committed 7168K, reserved 1056768K
  class space    used 601K, capacity 656K, committed 768K, reserved 1048576K

Card table byte_map: [0x00007fccb0a2a000,0x00007fccb0c2b000] byte_map_base: 0x00007fccb042a000

Marking Bits: (ParMarkBitMap*) 0x00007fccb3348d60
 Begin Bits: [0x00007fcc9b000000, 0x00007fcc9c000000)
 End Bits:   [0x00007fcc9c000000, 0x00007fcc9d000000)

Polling page: 0x00007fccb3f97000

CodeCache: size=245760Kb used=6082Kb max_used=6098Kb free=239677Kb
 bounds [0x00007fcc9d000000, 0x00007fcc9d600000, 0x00007fccac000000]
 total_blobs=1638 nmethods=1372 adapters=180
 compilation: enabled

Compilation events (10 events):
Event: 55.042 Thread 0x00007fccac0bb800 nmethod 1512 0x00007fcc9d5d3c90 code [0x00007fcc9d5d3e00, 0x00007fcc9d5d3f58]
Event: 56.181 Thread 0x00007fccac0bb800 1513       4       com.android.dx.ssa.back.FirstFitLocalCombiningAllocator::findNextUnreservedRopReg (68 bytes)
Event: 56.250 Thread 0x00007fccac0bb800 nmethod 1513 0x00007fcc9d5cef10 code [0x00007fcc9d5cf080, 0x00007fcc9d5cf4d8]
Event: 57.559 Thread 0x00007fccac0b8800 1514       4       com.android.dx.ssa.back.FirstFitLocalCombiningAllocator::findRangeAndAdjust (311 bytes)
Event: 57.627 Thread 0x00007fccac0b8800 nmethod 1514 0x00007fcc9d5f9c50 code [0x00007fcc9d5f9f00, 0x00007fcc9d5fbd00]
Event: 58.433 Thread 0x00007fccac0bd000 1515       3       com.android.dx.ssa.back.FirstFitLocalCombiningAllocator::handleInvokeRangeInsns (36 bytes)
Event: 58.434 Thread 0x00007fccac0bd000 nmethod 1515 0x00007fcc9d5eed10 code [0x00007fcc9d5eeee0, 0x00007fcc9d5ef558]
Event: 64.077 Thread 0x00007fccac0bd000 1516       3       com.android.dx.ssa.back.FirstFitLocalCombiningAllocator::handleCheckCastResults (413 bytes)
Event: 64.077 Thread 0x00007fccac0b8800 1519       4       com.android.dx.ssa.back.FirstFitLocalCombiningAllocator::canMapReg (32 bytes)
Event: 64.077 Thread 0x00007fccac0bb800 1518       4       com.android.dx.ssa.back.FirstFitLocalCombiningAllocator::findNextUnreservedRopReg (12 bytes)

GC Heap History (10 events):
Event: 31.413 GC heap after
Heap after GC invocations=10 (full 3):
 PSYoungGen      total 229888K, used 58828K [0x00000000eab00000, 0x00000000ffc80000, 0x0000000100000000)
  eden space 141312K, 0% used [0x00000000eab00000,0x00000000eab00000,0x00000000f3500000)
  from space 88576K, 66% used [0x00000000f3500000,0x00000000f6e730e0,0x00000000f8b80000)
  to   space 90624K, 0% used [0x00000000fa400000,0x00000000fa400000,0x00000000ffc80000)
 ParOldGen       total 385024K, used 170316K [0x00000000c0000000, 0x00000000d7800000, 0x00000000eab00000)
  object space 385024K, 44% used [0x00000000c0000000,0x00000000ca653378,0x00000000d7800000)
 Metaspace       used 5929K, capacity 6872K, committed 7168K, reserved 1056768K
  class space    used 601K, capacity 656K, committed 768K, reserved 1048576K
}
Event: 49.894 GC heap before
{Heap before GC invocations=11 (full 3):
 PSYoungGen      total 229888K, used 200140K [0x00000000eab00000, 0x00000000ffc80000, 0x0000000100000000)
  eden space 141312K, 100% used [0x00000000eab00000,0x00000000f3500000,0x00000000f3500000)
  from space 88576K, 66% used [0x00000000f3500000,0x00000000f6e730e0,0x00000000f8b80000)
  to   space 90624K, 0% used [0x00000000fa400000,0x00000000fa400000,0x00000000ffc80000)
 ParOldGen       total 385024K, used 170316K [0x00000000c0000000, 0x00000000d7800000, 0x00000000eab00000)
  object space 385024K, 44% used [0x00000000c0000000,0x00000000ca653378,0x00000000d7800000)
 Metaspace       used 5947K, capacity 6872K, committed 7168K, reserved 1056768K
  class space    used 601K, capacity 656K, committed 768K, reserved 1048576K
Event: 50.181 GC heap after
Heap after GC invocations=11 (full 3):
 PSYoungGen      total 253952K, used 59238K [0x00000000eab00000, 0x00000000ffe00000, 0x0000000100000000)
  eden space 163328K, 0% used [0x00000000eab00000,0x00000000eab00000,0x00000000f4a80000)
  from space 90624K, 65% used [0x00000000fa400000,0x00000000fddd9a78,0x00000000ffc80000)
  to   space 91648K, 0% used [0x00000000f4a80000,0x00000000f4a80000,0x00000000fa400000)
 ParOldGen       total 385024K, used 170316K [0x00000000c0000000, 0x00000000d7800000, 0x00000000eab00000)
  object space 385024K, 44% used [0x00000000c0000000,0x00000000ca653378,0x00000000d7800000)
 Metaspace       used 5947K, capacity 6872K, committed 7168K, reserved 1056768K
  class space    used 601K, capacity 656K, committed 768K, reserved 1048576K
}
Event: 65.586 GC heap before
{Heap before GC invocations=12 (full 3):
 PSYoungGen      total 253952K, used 222566K [0x00000000eab00000, 0x00000000ffe00000, 0x0000000100000000)
  eden space 163328K, 100% used [0x00000000eab00000,0x00000000f4a80000,0x00000000f4a80000)
  from space 90624K, 65% used [0x00000000fa400000,0x00000000fddd9a78,0x00000000ffc80000)
  to   space 91648K, 0% used [0x00000000f4a80000,0x00000000f4a80000,0x00000000fa400000)
 ParOldGen       total 385024K, used 170316K [0x00000000c0000000, 0x00000000d7800000, 0x00000000eab00000)
  object space 385024K, 44% used [0x00000000c0000000,0x00000000ca653378,0x00000000d7800000)
 Metaspace       used 5954K, capacity 6872K, committed 7168K, reserved 1056768K
  class space    used 601K, capacity 656K, committed 768K, reserved 1048576K
Event: 66.959 GC heap after
Heap after GC invocations=12 (full 3):
 PSYoungGen      total 254976K, used 63167K [0x00000000eab00000, 0x0000000100000000, 0x0000000100000000)
  eden space 163328K, 0% used [0x00000000eab00000,0x00000000eab00000,0x00000000f4a80000)
  from space 91648K, 68% used [0x00000000f4a80000,0x00000000f882ffc8,0x00000000fa400000)
  to   space 93696K, 0% used [0x00000000fa480000,0x00000000fa480000,0x0000000100000000)
 ParOldGen       total 385024K, used 170316K [0x00000000c0000000, 0x00000000d7800000, 0x00000000eab00000)
  object space 385024K, 44% used [0x00000000c0000000,0x00000000ca653378,0x00000000d7800000)
 Metaspace       used 5954K, capacity 6872K, committed 7168K, reserved 1056768K
  class space    used 601K, capacity 656K, committed 768K, reserved 1048576K
}
Event: 68.960 GC heap before
{Heap before GC invocations=13 (full 3):
 PSYoungGen      total 254976K, used 226495K [0x00000000eab00000, 0x0000000100000000, 0x0000000100000000)
  eden space 163328K, 100% used [0x00000000eab00000,0x00000000f4a80000,0x00000000f4a80000)
  from space 91648K, 68% used [0x00000000f4a80000,0x00000000f882ffc8,0x00000000fa400000)
  to   space 93696K, 0% used [0x00000000fa480000,0x00000000fa480000,0x0000000100000000)
 ParOldGen       total 385024K, used 170316K [0x00000000c0000000, 0x00000000d7800000, 0x00000000eab00000)
  object space 385024K, 44% used [0x00000000c0000000,0x00000000ca653378,0x00000000d7800000)
 Metaspace       used 5960K, capacity 6872K, committed 7168K, reserved 1056768K
  class space    used 601K, capacity 656K, committed 768K, reserved 1048576K
Event: 71.509 GC heap after
Heap after GC invocations=13 (full 3):
 PSYoungGen      total 210432K, used 93674K [0x00000000eab00000, 0x0000000100000000, 0x0000000100000000)
  eden space 116736K, 0% used [0x00000000eab00000,0x00000000eab00000,0x00000000f1d00000)
  from space 93696K, 99% used [0x00000000fa480000,0x00000000ffffaaf0,0x0000000100000000)
  to   space 116224K, 0% used [0x00000000f1d00000,0x00000000f1d00000,0x00000000f8e80000)
 ParOldGen       total 385024K, used 269898K [0x00000000c0000000, 0x00000000d7800000, 0x00000000eab00000)
  object space 385024K, 70% used [0x00000000c0000000,0x00000000d0792b28,0x00000000d7800000)
 Metaspace       used 5960K, capacity 6872K, committed 7168K, reserved 1056768K
  class space    used 601K, capacity 656K, committed 768K, reserved 1048576K
}
Event: 71.739 GC heap before
{Heap before GC invocations=14 (full 3):
 PSYoungGen      total 210432K, used 210410K [0x00000000eab00000, 0x0000000100000000, 0x0000000100000000)
  eden space 116736K, 100% used [0x00000000eab00000,0x00000000f1d00000,0x00000000f1d00000)
  from space 93696K, 99% used [0x00000000fa480000,0x00000000ffffaaf0,0x0000000100000000)
  to   space 116224K, 0% used [0x00000000f1d00000,0x00000000f1d00000,0x00000000f8e80000)
 ParOldGen       total 385024K, used 269898K [0x00000000c0000000, 0x00000000d7800000, 0x00000000eab00000)
  object space 385024K, 70% used [0x00000000c0000000,0x00000000d0792b28,0x00000000d7800000)
 Metaspace       used 5960K, capacity 6872K, committed 7168K, reserved 1056768K
  class space    used 601K, capacity 656K, committed 768K, reserved 1048576K
Event: 71.865 GC heap after
Heap after GC invocations=14 (full 3):
 PSYoungGen      total 232960K, used 116202K [0x00000000eab00000, 0x0000000100000000, 0x0000000100000000)
  eden space 116736K, 0% used [0x00000000eab00000,0x00000000eab00000,0x00000000f1d00000)
  from space 116224K, 99% used [0x00000000f1d00000,0x00000000f8e7aaf0,0x00000000f8e80000)
  to   space 116224K, 0% used [0x00000000f8e80000,0x00000000f8e80000,0x0000000100000000)
 ParOldGen       total 385024K, used 319522K [0x00000000c0000000, 0x00000000d7800000, 0x00000000eab00000)
  object space 385024K, 82% used [0x00000000c0000000,0x00000000d3808b28,0x00000000d7800000)
 Metaspace       used 5960K, capacity 6872K, committed 7168K, reserved 1056768K
  class space    used 601K, capacity 656K, committed 768K, reserved 1048576K
}
Event: 71.865 GC heap before
{Heap before GC invocations=15 (full 4):
 PSYoungGen      total 232960K, used 116202K [0x00000000eab00000, 0x0000000100000000, 0x0000000100000000)
  eden space 116736K, 0% used [0x00000000eab00000,0x00000000eab00000,0x00000000f1d00000)
  from space 116224K, 99% used [0x00000000f1d00000,0x00000000f8e7aaf0,0x00000000f8e80000)
  to   space 116224K, 0% used [0x00000000f8e80000,0x00000000f8e80000,0x0000000100000000)
 ParOldGen       total 385024K, used 319522K [0x00000000c0000000, 0x00000000d7800000, 0x00000000eab00000)
  object space 385024K, 82% used [0x00000000c0000000,0x00000000d3808b28,0x00000000d7800000)
 Metaspace       used 5960K, capacity 6872K, committed 7168K, reserved 1056768K
  class space    used 601K, capacity 656K, committed 768K, reserved 1048576K

Deoptimization events (10 events):
Event: 5.615 Thread 0x00007fccac00a000 Uncommon trap: reason=class_check action=maybe_recompile pc=0x00007fcc9d39b648 method=com.android.dx.cf.code.BytecodeArray.parseInstruction(ILcom/android/dx/cf/code/BytecodeArray$Visitor;)I @ 1287
Event: 20.923 Thread 0x00007fccac00a000 Uncommon trap: reason=unstable_if action=reinterpret pc=0x00007fcc9d471dd4 method=com.android.dx.cf.code.Ropper.addExceptionSetupBlocks()V @ 10
Event: 30.485 Thread 0x00007fccac00a000 Uncommon trap: reason=unstable_if action=reinterpret pc=0x00007fcc9d54dcc4 method=com.android.dx.ssa.SetFactory.makeInterferenceSet(I)Lcom/android/dx/util/IntSet; @ 4
Event: 30.498 Thread 0x00007fccac00a000 Uncommon trap: reason=unstable_if action=reinterpret pc=0x00007fcc9d2e24d4 method=com.android.dx.ssa.SetFactory.makeLivenessSet(I)Lcom/android/dx/util/IntSet; @ 4
Event: 30.498 Thread 0x00007fccac00a000 Uncommon trap: reason=unstable_if action=reinterpret pc=0x00007fcc9d2b1eb8 method=com.android.dx.ssa.SetFactory.makeLivenessSet(I)Lcom/android/dx/util/IntSet; @ 4
Event: 30.525 Thread 0x00007fccac00a000 Uncommon trap: reason=class_check action=maybe_recompile pc=0x00007fcc9d2ebe5c method=com.android.dx.ssa.back.InterferenceGraph.add(II)V @ 19
Event: 30.525 Thread 0x00007fccac00a000 Uncommon trap: reason=class_check action=maybe_recompile pc=0x00007fcc9d2ebe5c method=com.android.dx.ssa.back.InterferenceGraph.add(II)V @ 19
Event: 30.525 Thread 0x00007fccac00a000 Uncommon trap: reason=class_check action=maybe_recompile pc=0x00007fcc9d2ebe5c method=com.android.dx.ssa.back.InterferenceGraph.add(II)V @ 19
Event: 30.525 Thread 0x00007fccac00a000 Uncommon trap: reason=class_check action=maybe_recompile pc=0x00007fcc9d2ebe5c method=com.android.dx.ssa.back.InterferenceGraph.add(II)V @ 19
Event: 35.303 Thread 0x00007fccac00a000 Uncommon trap: reason=unstable_if action=reinterpret pc=0x00007fcc9d5c03f4 method=com.android.dx.util.BitIntSet.has(I)Z @ 8

Internal exceptions (5 events):
Event: 0.134 Thread 0x00007fccac00a000 Exception <a 'java/lang/NoSuchMethodError': Method sun.misc.Unsafe.defineClass(Ljava/lang/String;[BII)Ljava/lang/Class; name or signature does not match> (0x00000000eab07cc0) thrown at [/HUDSON/workspace/8-2-build-linux-amd64/jdk8u91/6644/hotspot/src/shar
Event: 0.134 Thread 0x00007fccac00a000 Exception <a 'java/lang/NoSuchMethodError': Method sun.misc.Unsafe.prefetchRead(Ljava/lang/Object;J)V name or signature does not match> (0x00000000eab07fa8) thrown at [/HUDSON/workspace/8-2-build-linux-amd64/jdk8u91/6644/hotspot/src/share/vm/prims/jni.cpp
Event: 4.005 Thread 0x00007fccac12f000 Exception <a 'java/lang/ArrayIndexOutOfBoundsException': 18> (0x00000000ec31dd10) thrown at [/HUDSON/workspace/8-2-build-linux-amd64/jdk8u91/6644/hotspot/src/share/vm/interpreter/interpreterRuntime.cpp, line 366]
Event: 4.005 Thread 0x00007fccac12f000 Exception <a 'java/lang/ArrayIndexOutOfBoundsException': 145> (0x00000000ec31f890) thrown at [/HUDSON/workspace/8-2-build-linux-amd64/jdk8u91/6644/hotspot/src/share/vm/interpreter/interpreterRuntime.cpp, line 366]
Event: 4.006 Thread 0x00007fccac12f000 Exception <a 'java/lang/ArrayIndexOutOfBoundsException': 40> (0x00000000ec320b78) thrown at [/HUDSON/workspace/8-2-build-linux-amd64/jdk8u91/6644/hotspot/src/share/vm/interpreter/interpreterRuntime.cpp, line 366]

Events (10 events):
Event: 50.181 Executing VM operation: ParallelGCFailedAllocation done
Event: 65.227 Thread 0x00007fccac00a000 DEOPT PACKING pc=0x00007fcc9d344965 sp=0x00007fccb3f73780
Event: 65.361 Thread 0x00007fccac00a000 DEOPT UNPACKING pc=0x00007fcc9d047633 sp=0x00007fccb3f73490 mode 0
Event: 65.427 Thread 0x00007fccac00a000 DEOPT PACKING pc=0x00007fcc9d33376a sp=0x00007fccb3f738a0
Event: 65.427 Thread 0x00007fccac00a000 DEOPT UNPACKING pc=0x00007fcc9d047633 sp=0x00007fccb3f73690 mode 0
Event: 65.447 Executing VM operation: ParallelGCFailedAllocation
Event: 67.315 Executing VM operation: ParallelGCFailedAllocation done
Event: 68.315 Executing VM operation: ParallelGCFailedAllocation
Event: 71.510 Executing VM operation: ParallelGCFailedAllocation done
Event: 71.738 Executing VM operation: ParallelGCFailedAllocation


Dynamic libraries:
00400000-00401000 r-xp 00000000 08:05 527569                             /usr/lib/jvm/java-8-oracle/bin/java
00600000-00601000 rw-p 00000000 08:05 527569                             /usr/lib/jvm/java-8-oracle/bin/java
01f90000-01fb1000 rw-p 00000000 00:00 0                                  [heap]
c0000000-d7800000 rw-p 00000000 00:00 0 
e7f00000-eab00000 ---p 00000000 00:00 0 
eab00000-100000000 rw-p 00000000 00:00 0 
100000000-1000c0000 rw-p 00000000 00:00 0 
1000c0000-140000000 ---p 00000000 00:00 0 
7fcc4c000000-7fcc4c021000 rw-p 00000000 00:00 0 
7fcc4c021000-7fcc50000000 ---p 00000000 00:00 0 
7fcc54000000-7fcc54029000 rw-p 00000000 00:00 0 
7fcc54029000-7fcc58000000 ---p 00000000 00:00 0 
7fcc58000000-7fcc58036000 rw-p 00000000 00:00 0 
7fcc58036000-7fcc5c000000 ---p 00000000 00:00 0 
7fcc5c000000-7fcc5c049000 rw-p 00000000 00:00 0 
7fcc5c049000-7fcc60000000 ---p 00000000 00:00 0 
7fcc60000000-7fcc60021000 rw-p 00000000 00:00 0 
7fcc60021000-7fcc64000000 ---p 00000000 00:00 0 
7fcc64000000-7fcc64021000 rw-p 00000000 00:00 0 
7fcc64021000-7fcc68000000 ---p 00000000 00:00 0 
7fcc68000000-7fcc68021000 rw-p 00000000 00:00 0 
7fcc68021000-7fcc6c000000 ---p 00000000 00:00 0 
7fcc6c000000-7fcc6d327000 rw-p 00000000 00:00 0 
7fcc6d327000-7fcc70000000 ---p 00000000 00:00 0 
7fcc70000000-7fcc707af000 rw-p 00000000 00:00 0 
7fcc707af000-7fcc74000000 ---p 00000000 00:00 0 
7fcc74000000-7fcc74021000 rw-p 00000000 00:00 0 
7fcc74021000-7fcc78000000 ---p 00000000 00:00 0 
7fcc78000000-7fcc7903f000 rw-p 00000000 00:00 0 
7fcc7903f000-7fcc7c000000 ---p 00000000 00:00 0 
7fcc7c000000-7fcc7c021000 rw-p 00000000 00:00 0 
7fcc7c021000-7fcc80000000 ---p 00000000 00:00 0 
7fcc80000000-7fcc80021000 rw-p 00000000 00:00 0 
7fcc80021000-7fcc84000000 ---p 00000000 00:00 0 
7fcc84000000-7fcc84021000 rw-p 00000000 00:00 0 
7fcc84021000-7fcc88000000 ---p 00000000 00:00 0 
7fcc88000000-7fcc882c5000 rw-p 00000000 00:00 0 
7fcc882c5000-7fcc8c000000 ---p 00000000 00:00 0 
7fcc8c000000-7fcc8c021000 rw-p 00000000 00:00 0 
7fcc8c021000-7fcc90000000 ---p 00000000 00:00 0 
7fcc90000000-7fcc90021000 rw-p 00000000 00:00 0 
7fcc90021000-7fcc94000000 ---p 00000000 00:00 0 
7fcc94000000-7fcc94021000 rw-p 00000000 00:00 0 
7fcc94021000-7fcc98000000 ---p 00000000 00:00 0 
7fcc980e2000-7fcc980e5000 ---p 00000000 00:00 0 
7fcc980e5000-7fcc981e3000 rw-p 00000000 00:00 0 
7fcc981e3000-7fcc981e6000 ---p 00000000 00:00 0 
7fcc981e6000-7fcc982e4000 rw-p 00000000 00:00 0 
7fcc982e4000-7fcc982e7000 ---p 00000000 00:00 0 
7fcc982e7000-7fcc983e5000 rw-p 00000000 00:00 0 
7fcc983e5000-7fcc983e8000 ---p 00000000 00:00 0 
7fcc983e8000-7fcc984e6000 rw-p 00000000 00:00 0 
7fcc984e6000-7fcc984e9000 ---p 00000000 00:00 0 
7fcc984e9000-7fcc985e7000 rw-p 00000000 00:00 0 
7fcc985e7000-7fcc985e8000 ---p 00000000 00:00 0 
7fcc985e8000-7fcc986e8000 rw-p 00000000 00:00 0 
7fcc986e8000-7fcc986eb000 ---p 00000000 00:00 0 
7fcc986eb000-7fcc987e9000 rw-p 00000000 00:00 0 
7fcc987e9000-7fcc987ec000 ---p 00000000 00:00 0 
7fcc987ec000-7fcc988ea000 rw-p 00000000 00:00 0 
7fcc988ea000-7fcc988ed000 ---p 00000000 00:00 0 
7fcc988ed000-7fcc989eb000 rw-p 00000000 00:00 0 
7fcc989eb000-7fcc989ee000 ---p 00000000 00:00 0 
7fcc989ee000-7fcc98aec000 rw-p 00000000 00:00 0 
7fcc98aec000-7fcc98aef000 ---p 00000000 00:00 0 
7fcc98aef000-7fcc98bed000 rw-p 00000000 00:00 0 
7fcc98bed000-7fcc995ac000 r--p 00000000 08:05 532144                     /usr/lib/locale/locale-archive
7fcc995ac000-7fcc995af000 ---p 00000000 00:00 0 
7fcc995af000-7fcc996ad000 rw-p 00000000 00:00 0 
7fcc996ad000-7fcc996b0000 ---p 00000000 00:00 0 
7fcc996b0000-7fcc997ae000 rw-p 00000000 00:00 0 
7fcc997ae000-7fcc997af000 ---p 00000000 00:00 0 
7fcc997af000-7fcc9ae40000 rw-p 00000000 00:00 0 
7fcc9ae40000-7fcc9b000000 ---p 00000000 00:00 0 
7fcc9b000000-7fcc9d000000 rw-p 00000000 00:00 0 
7fcc9d000000-7fcc9d600000 rwxp 00000000 00:00 0 
7fcc9d600000-7fccac000000 ---p 00000000 00:00 0 
7fccac000000-7fccac38d000 rw-p 00000000 00:00 0 
7fccac38d000-7fccb0000000 ---p 00000000 00:00 0 
7fccb0010000-7fccb001e000 r--s 000e0000 08:06 6035012                    /home/anshul/Android/Sdk/build-tools/24.0.0/lib/dx.jar
7fccb001e000-7fccb0081000 rw-p 00000000 00:00 0 
7fccb0081000-7fccb025a000 r--s 03d1f000 08:05 536981                     /usr/lib/jvm/java-8-oracle/jre/lib/rt.jar
7fccb025a000-7fccb04d0000 rw-p 00000000 00:00 0 
7fccb04d0000-7fccb04d1000 ---p 00000000 00:00 0 
7fccb04d1000-7fccb05d1000 rw-p 00000000 00:00 0 
7fccb05d1000-7fccb05d2000 ---p 00000000 00:00 0 
7fccb05d2000-7fccb06d2000 rw-p 00000000 00:00 0 
7fccb06d2000-7fccb06d3000 ---p 00000000 00:00 0 
7fccb06d3000-7fccb07d3000 rw-p 00000000 00:00 0 
7fccb07d3000-7fccb07d4000 ---p 00000000 00:00 0 
7fccb07d4000-7fccb0990000 rw-p 00000000 00:00 0 
7fccb0990000-7fccb0a2a000 ---p 00000000 00:00 0 
7fccb0a2a000-7fccb0ae6000 rw-p 00000000 00:00 0 
7fccb0ae6000-7fccb0b7f000 ---p 00000000 00:00 0 
7fccb0b7f000-7fccb0c2a000 rw-p 00000000 00:00 0 
7fccb0c2a000-7fccb0c43000 rw-p 00000000 00:00 0 
7fccb0c43000-7fccb0feb000 ---p 00000000 00:00 0 
7fccb0feb000-7fccb1005000 r-xp 00000000 08:05 537183                     /usr/lib/jvm/java-8-oracle/jre/lib/amd64/libzip.so
7fccb1005000-7fccb1205000 ---p 0001a000 08:05 537183                     /usr/lib/jvm/java-8-oracle/jre/lib/amd64/libzip.so
7fccb1205000-7fccb1206000 rw-p 0001a000 08:05 537183                     /usr/lib/jvm/java-8-oracle/jre/lib/amd64/libzip.so
7fccb1206000-7fccb1211000 r-xp 00000000 08:05 2888761                    /lib/x86_64-linux-gnu/libnss_files-2.23.so
7fccb1211000-7fccb1410000 ---p 0000b000 08:05 2888761                    /lib/x86_64-linux-gnu/libnss_files-2.23.so
7fccb1410000-7fccb1411000 r--p 0000a000 08:05 2888761                    /lib/x86_64-linux-gnu/libnss_files-2.23.so
7fccb1411000-7fccb1412000 rw-p 0000b000 08:05 2888761                    /lib/x86_64-linux-gnu/libnss_files-2.23.so
7fccb1412000-7fccb1418000 rw-p 00000000 00:00 0 
7fccb1418000-7fccb1423000 r-xp 00000000 08:05 2888771                    /lib/x86_64-linux-gnu/libnss_nis-2.23.so
7fccb1423000-7fccb1622000 ---p 0000b000 08:05 2888771                    /lib/x86_64-linux-gnu/libnss_nis-2.23.so
7fccb1622000-7fccb1623000 r--p 0000a000 08:05 2888771                    /lib/x86_64-linux-gnu/libnss_nis-2.23.so
7fccb1623000-7fccb1624000 rw-p 0000b000 08:05 2888771                    /lib/x86_64-linux-gnu/libnss_nis-2.23.so
7fccb1624000-7fccb163a000 r-xp 00000000 08:05 2888755                    /lib/x86_64-linux-gnu/libnsl-2.23.so
7fccb163a000-7fccb1839000 ---p 00016000 08:05 2888755                    /lib/x86_64-linux-gnu/libnsl-2.23.so
7fccb1839000-7fccb183a000 r--p 00015000 08:05 2888755                    /lib/x86_64-linux-gnu/libnsl-2.23.so
7fccb183a000-7fccb183b000 rw-p 00016000 08:05 2888755                    /lib/x86_64-linux-gnu/libnsl-2.23.so
7fccb183b000-7fccb183d000 rw-p 00000000 00:00 0 
7fccb183d000-7fccb1845000 r-xp 00000000 08:05 2888757                    /lib/x86_64-linux-gnu/libnss_compat-2.23.so
7fccb1845000-7fccb1a44000 ---p 00008000 08:05 2888757                    /lib/x86_64-linux-gnu/libnss_compat-2.23.so
7fccb1a44000-7fccb1a45000 r--p 00007000 08:05 2888757                    /lib/x86_64-linux-gnu/libnss_compat-2.23.so
7fccb1a45000-7fccb1a46000 rw-p 00008000 08:05 2888757                    /lib/x86_64-linux-gnu/libnss_compat-2.23.so
7fccb1a46000-7fccb1a70000 r-xp 00000000 08:05 537178                     /usr/lib/jvm/java-8-oracle/jre/lib/amd64/libjava.so
7fccb1a70000-7fccb1c70000 ---p 0002a000 08:05 537178                     /usr/lib/jvm/java-8-oracle/jre/lib/amd64/libjava.so
7fccb1c70000-7fccb1c72000 rw-p 0002a000 08:05 537178                     /usr/lib/jvm/java-8-oracle/jre/lib/amd64/libjava.so
7fccb1c72000-7fccb1c7f000 r-xp 00000000 08:05 537182                     /usr/lib/jvm/java-8-oracle/jre/lib/amd64/libverify.so
7fccb1c7f000-7fccb1e7f000 ---p 0000d000 08:05 537182                     /usr/lib/jvm/java-8-oracle/jre/lib/amd64/libverify.so
7fccb1e7f000-7fccb1e81000 rw-p 0000d000 08:05 537182                     /usr/lib/jvm/java-8-oracle/jre/lib/amd64/libverify.so
7fccb1e81000-7fccb1e88000 r-xp 00000000 08:05 2888816                    /lib/x86_64-linux-gnu/librt-2.23.so
7fccb1e88000-7fccb2087000 ---p 00007000 08:05 2888816                    /lib/x86_64-linux-gnu/librt-2.23.so
7fccb2087000-7fccb2088000 r--p 00006000 08:05 2888816                    /lib/x86_64-linux-gnu/librt-2.23.so
7fccb2088000-7fccb2089000 rw-p 00007000 08:05 2888816                    /lib/x86_64-linux-gnu/librt-2.23.so
7fccb2089000-7fccb2191000 r-xp 00000000 08:05 2888732                    /lib/x86_64-linux-gnu/libm-2.23.so
7fccb2191000-7fccb2390000 ---p 00108000 08:05 2888732                    /lib/x86_64-linux-gnu/libm-2.23.so
7fccb2390000-7fccb2391000 r--p 00107000 08:05 2888732                    /lib/x86_64-linux-gnu/libm-2.23.so
7fccb2391000-7fccb2392000 rw-p 00108000 08:05 2888732                    /lib/x86_64-linux-gnu/libm-2.23.so
7fccb2392000-7fccb3052000 r-xp 00000000 08:05 537161                     /usr/lib/jvm/java-8-oracle/jre/lib/amd64/server/libjvm.so
7fccb3052000-7fccb3252000 ---p 00cc0000 08:05 537161                     /usr/lib/jvm/java-8-oracle/jre/lib/amd64/server/libjvm.so
7fccb3252000-7fccb332a000 rw-p 00cc0000 08:05 537161                     /usr/lib/jvm/java-8-oracle/jre/lib/amd64/server/libjvm.so
7fccb332a000-7fccb3375000 rw-p 00000000 00:00 0 
7fccb3375000-7fccb3535000 r-xp 00000000 08:05 2888662                    /lib/x86_64-linux-gnu/libc-2.23.so
7fccb3535000-7fccb3734000 ---p 001c0000 08:05 2888662                    /lib/x86_64-linux-gnu/libc-2.23.so
7fccb3734000-7fccb3738000 r--p 001bf000 08:05 2888662                    /lib/x86_64-linux-gnu/libc-2.23.so
7fccb3738000-7fccb373a000 rw-p 001c3000 08:05 2888662                    /lib/x86_64-linux-gnu/libc-2.23.so
7fccb373a000-7fccb373e000 rw-p 00000000 00:00 0 
7fccb373e000-7fccb3741000 r-xp 00000000 08:05 2888686                    /lib/x86_64-linux-gnu/libdl-2.23.so
7fccb3741000-7fccb3940000 ---p 00003000 08:05 2888686                    /lib/x86_64-linux-gnu/libdl-2.23.so
7fccb3940000-7fccb3941000 r--p 00002000 08:05 2888686                    /lib/x86_64-linux-gnu/libdl-2.23.so
7fccb3941000-7fccb3942000 rw-p 00003000 08:05 2888686                    /lib/x86_64-linux-gnu/libdl-2.23.so
7fccb3942000-7fccb3957000 r-xp 00000000 08:05 536796                     /usr/lib/jvm/java-8-oracle/lib/amd64/jli/libjli.so
7fccb3957000-7fccb3b57000 ---p 00015000 08:05 536796                     /usr/lib/jvm/java-8-oracle/lib/amd64/jli/libjli.so
7fccb3b57000-7fccb3b58000 rw-p 00015000 08:05 536796                     /usr/lib/jvm/java-8-oracle/lib/amd64/jli/libjli.so
7fccb3b58000-7fccb3b70000 r-xp 00000000 08:05 2888808                    /lib/x86_64-linux-gnu/libpthread-2.23.so
7fccb3b70000-7fccb3d6f000 ---p 00018000 08:05 2888808                    /lib/x86_64-linux-gnu/libpthread-2.23.so
7fccb3d6f000-7fccb3d70000 r--p 00017000 08:05 2888808                    /lib/x86_64-linux-gnu/libpthread-2.23.so
7fccb3d70000-7fccb3d71000 rw-p 00018000 08:05 2888808                    /lib/x86_64-linux-gnu/libpthread-2.23.so
7fccb3d71000-7fccb3d75000 rw-p 00000000 00:00 0 
7fccb3d75000-7fccb3d9b000 r-xp 00000000 08:05 2888634                    /lib/x86_64-linux-gnu/ld-2.23.so
7fccb3d9f000-7fccb3da3000 r--s 00023000 08:06 7224453                    /home/anshul/.gradle/caches/modules-2/files-2.1/com.lowagie/itext-rtf/2.1.7/ed1cbe69ff69c6e6fa7645f51c8d25894a177e7b/itext-rtf-2.1.7.jar
7fccb3da3000-7fccb3e75000 rw-p 00000000 00:00 0 
7fccb3e75000-7fccb3e78000 ---p 00000000 00:00 0 
7fccb3e78000-7fccb3f8e000 rw-p 00000000 00:00 0 
7fccb3f8e000-7fccb3f96000 rw-s 00000000 08:05 3148307                    /tmp/hsperfdata_anshul/23717
7fccb3f96000-7fccb3f97000 rw-p 00000000 00:00 0 
7fccb3f97000-7fccb3f98000 ---p 00000000 00:00 0 
7fccb3f98000-7fccb3f9a000 rw-p 00000000 00:00 0 
7fccb3f9a000-7fccb3f9b000 r--p 00025000 08:05 2888634                    /lib/x86_64-linux-gnu/ld-2.23.so
7fccb3f9b000-7fccb3f9c000 rw-p 00026000 08:05 2888634                    /lib/x86_64-linux-gnu/ld-2.23.so
7fccb3f9c000-7fccb3f9d000 rw-p 00000000 00:00 0 
7ffeaaa12000-7ffeaaa33000 rw-p 00000000 00:00 0                          [stack]
7ffeaaa8c000-7ffeaaa8e000 r--p 00000000 00:00 0                          [vvar]
7ffeaaa8e000-7ffeaaa90000 r-xp 00000000 00:00 0                          [vdso]
ffffffffff600000-ffffffffff601000 r-xp 00000000 00:00 0                  [vsyscall]

VM Arguments:
jvm_args: -Djava.awt.headless=true -Xmx1024M -Dfile.encoding=UTF-8 -Duser.country=IN -Duser.language=en -Duser.variant 
java_command: com.android.dx.command.Main --dex --force-jumbo --num-threads=4 --output /home/anshul/Downloads/Project Papers_library/Papers_library/app/build/intermediates/pre-dexed/debug/itext-rtf-2.1.7_b8215e43c4fdcb3c6c333dc984b12ab36d7e431a.jar /home/anshul/.gradle/caches/modules-2/files-2.1/com.lowagie/itext-rtf/2.1.7/ed1cbe69ff69c6e6fa7645f51c8d25894a177e7b/itext-rtf-2.1.7.jar
java_class_path (initial): /home/anshul/Android/Sdk/build-tools/24.0.0/lib/dx.jar
Launcher Type: SUN_STANDARD

Environment Variables:
JAVA_HOME=/usr/lib/jvm/java-8-oracle
PATH=/usr/local/sbin:/usr/local/bin:/usr/sbin:/usr/bin:/sbin:/bin:/usr/games:/usr/local/games:/snap/bin:/usr/lib/jvm/java-8-oracle/bin:/usr/lib/jvm/java-8-oracle/db/bin:/usr/lib/jvm/java-8-oracle/jre/bin
SHELL=/bin/bash
DISPLAY=:0

Signal Handlers:
SIGSEGV: [libjvm.so+0xabca10], sa_mask[0]=11111111011111111101111111111110, sa_flags=SA_RESTART|SA_SIGINFO
SIGBUS: [libjvm.so+0xabca10], sa_mask[0]=11111111011111111101111111111110, sa_flags=SA_RESTART|SA_SIGINFO
SIGFPE: [libjvm.so+0x919a20], sa_mask[0]=11111111011111111101111111111110, sa_flags=SA_RESTART|SA_SIGINFO
SIGPIPE: [libjvm.so+0x919a20], sa_mask[0]=11111111011111111101111111111110, sa_flags=SA_RESTART|SA_SIGINFO
SIGXFSZ: [libjvm.so+0x919a20], sa_mask[0]=11111111011111111101111111111110, sa_flags=SA_RESTART|SA_SIGINFO
SIGILL: [libjvm.so+0x919a20], sa_mask[0]=11111111011111111101111111111110, sa_flags=SA_RESTART|SA_SIGINFO
SIGUSR1: SIG_DFL, sa_mask[0]=00000000000000000000000000000000, sa_flags=none
SIGUSR2: [libjvm.so+0x91b050], sa_mask[0]=00100000000000000000000000000000, sa_flags=SA_RESTART|SA_SIGINFO
SIGHUP: [libjvm.so+0x91c450], sa_mask[0]=11111111011111111101111111111110, sa_flags=SA_RESTART|SA_SIGINFO
SIGINT: [libjvm.so+0x91c450], sa_mask[0]=11111111011111111101111111111110, sa_flags=SA_RESTART|SA_SIGINFO
SIGTERM: [libjvm.so+0x91c450], sa_mask[0]=11111111011111111101111111111110, sa_flags=SA_RESTART|SA_SIGINFO
SIGQUIT: [libjvm.so+0x91c450], sa_mask[0]=11111111011111111101111111111110, sa_flags=SA_RESTART|SA_SIGINFO


---------------  S Y S T E M  ---------------

OS:DISTRIB_ID=Ubuntu
DISTRIB_RELEASE=16.04
DISTRIB_CODENAME=xenial
DISTRIB_DESCRIPTION="Ubuntu 16.04 LTS"

uname:Linux 4.4.0-66-generic #87-Ubuntu SMP Fri Mar 3 15:29:05 UTC 2017 x86_64
libc:glibc 2.23 NPTL 2.23 
rlimit: STACK 8192k, CORE 0k, NPROC 31521, NOFILE 65536, AS infinity
load average:20.63 6.86 2.77

/proc/meminfo:
MemTotal:        8109740 kB
MemFree:          152156 kB
MemAvailable:      85060 kB
Buffers:            1868 kB
Cached:           902840 kB
SwapCached:            0 kB
Active:          6871072 kB
Inactive:         833456 kB
Active(anon):    6839348 kB
Inactive(anon):   776332 kB
Active(file):      31724 kB
Inactive(file):    57124 kB
Unevictable:         256 kB
Mlocked:             256 kB
SwapTotal:             0 kB
SwapFree:              0 kB
Dirty:               684 kB
Writeback:             4 kB
AnonPages:       6801448 kB
Mapped:           562104 kB
Shmem:            814648 kB
Slab:             104000 kB
SReclaimable:      55032 kB
SUnreclaim:        48968 kB
KernelStack:       14528 kB
PageTables:        67688 kB
NFS_Unstable:          0 kB
Bounce:                0 kB
WritebackTmp:          0 kB
CommitLimit:     4054868 kB
Committed_AS:   14485220 kB
VmallocTotal:   34359738367 kB
VmallocUsed:           0 kB
VmallocChunk:          0 kB
HardwareCorrupted:     0 kB
AnonHugePages:   1570816 kB
CmaTotal:              0 kB
CmaFree:               0 kB
HugePages_Total:       0
HugePages_Free:        0
HugePages_Rsvd:        0
HugePages_Surp:        0
Hugepagesize:       2048 kB
DirectMap4k:      223936 kB
DirectMap2M:     8099840 kB
DirectMap1G:     1048576 kB


CPU:total 4 (2 cores per cpu, 2 threads per core) family 6 model 69 stepping 1, cmov, cx8, fxsr, mmx, sse, sse2, sse3, ssse3, sse4.1, sse4.2, popcnt, avx, avx2, aes, clmul, erms, lzcnt, ht, tsc, tscinvbit, bmi1, bmi2

/proc/cpuinfo:
processor	: 0
vendor_id	: GenuineIntel
cpu family	: 6
model		: 69
model name	: Intel(R) Core(TM) i5-4210U CPU @ 1.70GHz
stepping	: 1
microcode	: 0x1c
cpu MHz		: 2399.906
cache size	: 3072 KB
physical id	: 0
siblings	: 4
core id		: 0
cpu cores	: 2
apicid		: 0
initial apicid	: 0
fpu		: yes
fpu_exception	: yes
cpuid level	: 13
wp		: yes
flags		: fpu vme de pse tsc msr pae mce cx8 apic sep mtrr pge mca cmov pat pse36 clflush dts acpi mmx fxsr sse sse2 ss ht tm pbe syscall nx pdpe1gb rdtscp lm constant_tsc arch_perfmon pebs bts rep_good nopl xtopology nonstop_tsc aperfmperf eagerfpu pni pclmulqdq dtes64 monitor ds_cpl vmx est tm2 ssse3 sdbg fma cx16 xtpr pdcm pcid sse4_1 sse4_2 movbe popcnt tsc_deadline_timer aes xsave avx f16c rdrand lahf_lm abm epb tpr_shadow vnmi flexpriority ept vpid fsgsbase tsc_adjust bmi1 avx2 smep bmi2 erms invpcid xsaveopt dtherm ida arat pln pts
bugs		:
bogomips	: 4789.08
clflush size	: 64
cache_alignment	: 64
address sizes	: 39 bits physical, 48 bits virtual
power management:

processor	: 1
vendor_id	: GenuineIntel
cpu family	: 6
model		: 69
model name	: Intel(R) Core(TM) i5-4210U CPU @ 1.70GHz
stepping	: 1
microcode	: 0x1c
cpu MHz		: 2400.000
cache size	: 3072 KB
physical id	: 0
siblings	: 4
core id		: 0
cpu cores	: 2
apicid		: 1
initial apicid	: 1
fpu		: yes
fpu_exception	: yes
cpuid level	: 13
wp		: yes
flags		: fpu vme de pse tsc msr pae mce cx8 apic sep mtrr pge mca cmov pat pse36 clflush dts acpi mmx fxsr sse sse2 ss ht tm pbe syscall nx pdpe1gb rdtscp lm constant_tsc arch_perfmon pebs bts rep_good nopl xtopology nonstop_tsc aperfmperf eagerfpu pni pclmulqdq dtes64 monitor ds_cpl vmx est tm2 ssse3 sdbg fma cx16 xtpr pdcm pcid sse4_1 sse4_2 movbe popcnt tsc_deadline_timer aes xsave avx f16c rdrand lahf_lm abm epb tpr_shadow vnmi flexpriority ept vpid fsgsbase tsc_adjust bmi1 avx2 smep bmi2 erms invpcid xsaveopt dtherm ida arat pln pts
bugs		:
bogomips	: 4789.08
clflush size	: 64
cache_alignment	: 64
address sizes	: 39 bits physical, 48 bits virtual
power management:

processor	: 2
vendor_id	: GenuineIntel
cpu family	: 6
model		: 69
model name	: Intel(R) Core(TM) i5-4210U CPU @ 1.70GHz
stepping	: 1
microcode	: 0x1c
cpu MHz		: 2400.000
cache size	: 3072 KB
physical id	: 0
siblings	: 4
core id		: 1
cpu cores	: 2
apicid		: 2
initial apicid	: 2
fpu		: yes
fpu_exception	: yes
cpuid level	: 13
wp		: yes
flags		: fpu vme de pse tsc msr pae mce cx8 apic sep mtrr pge mca cmov pat pse36 clflush dts acpi mmx fxsr sse sse2 ss ht tm pbe syscall nx pdpe1gb rdtscp lm constant_tsc arch_perfmon pebs bts rep_good nopl xtopology nonstop_tsc aperfmperf eagerfpu pni pclmulqdq dtes64 monitor ds_cpl vmx est tm2 ssse3 sdbg fma cx16 xtpr pdcm pcid sse4_1 sse4_2 movbe popcnt tsc_deadline_timer aes xsave avx f16c rdrand lahf_lm abm epb tpr_shadow vnmi flexpriority ept vpid fsgsbase tsc_adjust bmi1 avx2 smep bmi2 erms invpcid xsaveopt dtherm ida arat pln pts
bugs		:
bogomips	: 4789.08
clflush size	: 64
cache_alignment	: 64
address sizes	: 39 bits physical, 48 bits virtual
power management:

processor	: 3
vendor_id	: GenuineIntel
cpu family	: 6
model		: 69
model name	: Intel(R) Core(TM) i5-4210U CPU @ 1.70GHz
stepping	: 1
microcode	: 0x1c
cpu MHz		: 2433.656
cache size	: 3072 KB
physical id	: 0
siblings	: 4
core id		: 1
cpu cores	: 2
apicid		: 3
initial apicid	: 3
fpu		: yes
fpu_exception	: yes
cpuid level	: 13
wp		: yes
flags		: fpu vme de pse tsc msr pae mce cx8 apic sep mtrr pge mca cmov pat pse36 clflush dts acpi mmx fxsr sse sse2 ss ht tm pbe syscall nx pdpe1gb rdtscp lm constant_tsc arch_perfmon pebs bts rep_good nopl xtopology nonstop_tsc aperfmperf eagerfpu pni pclmulqdq dtes64 monitor ds_cpl vmx est tm2 ssse3 sdbg fma cx16 xtpr pdcm pcid sse4_1 sse4_2 movbe popcnt tsc_deadline_timer aes xsave avx f16c rdrand lahf_lm abm epb tpr_shadow vnmi flexpriority ept vpid fsgsbase tsc_adjust bmi1 avx2 smep bmi2 erms invpcid xsaveopt dtherm ida arat pln pts
bugs		:
bogomips	: 4789.08
clflush size	: 64
cache_alignment	: 64
address sizes	: 39 bits physical, 48 bits virtual
power management:



Memory: 4k page, physical 8109740k(152156k free), swap 0k(0k free)

vm_info: Java HotSpot(TM) 64-Bit Server VM (25.91-b14) for linux-amd64 JRE (1.8.0_91-b14), built on Apr  1 2016 00:57:21 by "java_re" with gcc 4.3.0 20080428 (Red Hat 4.3.0-8)

time: Sun Mar 19 16:23:45 2017
elapsed time: 80 seconds (0d 0h 1m 20s)

