#
# There is insufficient memory for the Java Runtime Environment to continue.
# Native memory allocation (mmap) failed to map 139460608 bytes for committing reserved memory.
# Possible reasons:
#   The system is out of physical RAM or swap space
#   In 32 bit mode, the process size limit was hit
# Possible solutions:
#   Reduce memory load on the system
#   Increase physical memory or swap space
#   Check if swap backing store is full
#   Use 64 bit Java on a 64 bit OS
#   Decrease Java heap size (-Xmx/-Xms)
#   Decrease number of Java threads
#   Decrease Java thread stack sizes (-Xss)
#   Set larger code cache with -XX:ReservedCodeCacheSize=
# This output file may be truncated or incomplete.
#
#  Out of Memory Error (os_linux.cpp:2627), pid=14534, tid=139810469127936
#
# JRE version: Java(TM) SE Runtime Environment (8.0_91-b14) (build 1.8.0_91-b14)
# Java VM: Java HotSpot(TM) 64-Bit Server VM (25.91-b14 mixed mode linux-amd64 compressed oops)
# Failed to write core dump. Core dumps have been disabled. To enable core dumping, try "ulimit -c unlimited" before starting Java again
#

---------------  T H R E A D  ---------------

Current thread (0x00007f2840078000):  VMThread [stack: 0x00007f2829492000,0x00007f2829593000] [id=14545]

Stack: [0x00007f2829492000,0x00007f2829593000],  sp=0x00007f2829591220,  free space=1020k
Native frames: (J=compiled Java code, j=interpreted, Vv=VM code, C=native code)
V  [libjvm.so+0xabc18a]  VMError::report_and_die()+0x2ba
V  [libjvm.so+0x4fafeb]  report_vm_out_of_memory(char const*, int, unsigned long, VMErrorType, char const*)+0x8b
V  [libjvm.so+0x91cbb3]  os::Linux::commit_memory_impl(char*, unsigned long, bool)+0x103
V  [libjvm.so+0x91d109]  os::pd_commit_memory(char*, unsigned long, unsigned long, bool)+0x29
V  [libjvm.so+0x91740a]  os::commit_memory(char*, unsigned long, unsigned long, bool)+0x2a
V  [libjvm.so+0x98b033]  PSVirtualSpace::expand_by(unsigned long)+0x53
V  [libjvm.so+0x98c438]  PSYoungGen::resize_generation(unsigned long, unsigned long)+0xf8
V  [libjvm.so+0x98b592]  PSYoungGen::resize(unsigned long, unsigned long)+0x22
V  [libjvm.so+0x98886b]  PSScavenge::invoke_no_policy()+0xf3b
V  [libjvm.so+0x988ff1]  PSScavenge::invoke()+0x41
V  [libjvm.so+0x9408b0]  ParallelScavengeHeap::failed_mem_allocate(unsigned long)+0x70
V  [libjvm.so+0xabdba7]  VM_ParallelGCFailedAllocation::doit()+0x97
V  [libjvm.so+0xac55d5]  VM_Operation::evaluate()+0x55
V  [libjvm.so+0xac39aa]  VMThread::evaluate_operation(VM_Operation*)+0xba
V  [libjvm.so+0xac3d2e]  VMThread::loop()+0x1ce
V  [libjvm.so+0xac41a0]  VMThread::run()+0x70
V  [libjvm.so+0x91ef78]  java_start(Thread*)+0x108

VM_Operation (0x00007f27f3ffdfe0): ParallelGCFailedAllocation, mode: safepoint, requested by thread 0x00007f284015d000


---------------  P R O C E S S  ---------------

Java Threads: ( => current thread )
  0x00007f284015f000 JavaThread "pool-2-thread-3" [_thread_blocked, id=14558, stack(0x00007f27f3dfe000,0x00007f27f3eff000)]
  0x00007f284015d000 JavaThread "pool-2-thread-2" [_thread_blocked, id=14557, stack(0x00007f27f3eff000,0x00007f27f4000000)]
  0x00007f284015c000 JavaThread "pool-3-thread-1" [_thread_blocked, id=14556, stack(0x00007f28280c9000,0x00007f28281ca000)]
  0x00007f284015a000 JavaThread "pool-2-thread-1" [_thread_blocked, id=14555, stack(0x00007f28281ca000,0x00007f28282cb000)]
  0x00007f28400da000 JavaThread "Service Thread" daemon [_thread_blocked, id=14552, stack(0x00007f28283cc000,0x00007f28284cd000)]
  0x00007f28400bd000 JavaThread "C1 CompilerThread2" daemon [_thread_blocked, id=14551, stack(0x00007f28284cd000,0x00007f28285ce000)]
  0x00007f28400bb000 JavaThread "C2 CompilerThread1" daemon [_thread_blocked, id=14550, stack(0x00007f28285ce000,0x00007f28286cf000)]
  0x00007f28400b8800 JavaThread "C2 CompilerThread0" daemon [_thread_blocked, id=14549, stack(0x00007f28286cf000,0x00007f28287d0000)]
  0x00007f28400b7000 JavaThread "Signal Dispatcher" daemon [_thread_blocked, id=14548, stack(0x00007f28287d0000,0x00007f28288d1000)]
  0x00007f2840084000 JavaThread "Finalizer" daemon [_thread_blocked, id=14547, stack(0x00007f2829290000,0x00007f2829391000)]
  0x00007f284007f800 JavaThread "Reference Handler" daemon [_thread_blocked, id=14546, stack(0x00007f2829391000,0x00007f2829492000)]
  0x00007f284000a000 JavaThread "main" [_thread_blocked, id=14540, stack(0x00007f2847b55000,0x00007f2847c56000)]

Other Threads:
=>0x00007f2840078000 VMThread [stack: 0x00007f2829492000,0x00007f2829593000] [id=14545]
  0x00007f28400dd000 WatcherThread [stack: 0x00007f28282cb000,0x00007f28283cc000] [id=14553]

VM state:at safepoint (normal execution)

VM Mutex/Monitor currently owned by a thread:  ([mutex/lock_event])
[0x00007f2840006450] Threads_lock - owner thread: 0x00007f2840078000
[0x00007f2840006950] Heap_lock - owner thread: 0x00007f284015d000

Heap:
 PSYoungGen      total 149504K, used 27118K [0x00000000eab00000, 0x00000000f5c00000, 0x0000000100000000)
  eden space 122368K, 0% used [0x00000000eab00000,0x00000000eab00000,0x00000000f2280000)
  from space 27136K, 99% used [0x00000000f2280000,0x00000000f3cfbbb8,0x00000000f3d00000)
  to   space 22528K, 0% used [0x00000000f3d00000,0x00000000f3d00000,0x00000000f5300000)
 ParOldGen       total 84992K, used 57464K [0x00000000c0000000, 0x00000000c5300000, 0x00000000eab00000)
  object space 84992K, 67% used [0x00000000c0000000,0x00000000c381e028,0x00000000c5300000)
 Metaspace       used 5917K, capacity 7024K, committed 7296K, reserved 1056768K
  class space    used 575K, capacity 616K, committed 640K, reserved 1048576K

Card table byte_map: [0x00007f284470a000,0x00007f284490b000] byte_map_base: 0x00007f284410a000

Marking Bits: (ParMarkBitMap*) 0x00007f2847028d60
 Begin Bits: [0x00007f282a000000, 0x00007f282b000000)
 End Bits:   [0x00007f282b000000, 0x00007f282c000000)

Polling page: 0x00007f2847c77000

CodeCache: size=245760Kb used=7588Kb max_used=7590Kb free=238171Kb
 bounds [0x00007f2831000000, 0x00007f2831770000, 0x00007f2840000000]
 total_blobs=1956 nmethods=1694 adapters=175
 compilation: enabled

Compilation events (10 events):
Event: 8.542 Thread 0x00007f28400bd000 1835       2       com.android.dx.rop.cst.CstMethodRef::<init> (7 bytes)
Event: 8.542 Thread 0x00007f28400bd000 nmethod 1835 0x00007f283173f490 code [0x00007f283173f600, 0x00007f283173f7d8]
Event: 8.643 Thread 0x00007f28400bd000 1837   !   3       com.android.dx.cf.code.Ropper::doit (126 bytes)
Event: 8.645 Thread 0x00007f28400bd000 nmethod 1837 0x00007f2831757b90 code [0x00007f2831757e80, 0x00007f28317592b8]
Event: 8.770 Thread 0x00007f28400b8800 nmethod 1822% 0x00007f2831761c10 code [0x00007f2831762120, 0x00007f28317670a8]
Event: 8.770 Thread 0x00007f28400b8800 1719   !   4       com.android.dx.cf.code.Ropper::processBlock (1101 bytes)
Event: 8.920 Thread 0x00007f28400bd000 1841       2       java.util.concurrent.locks.AbstractQueuedSynchronizer::acquire (27 bytes)
Event: 8.920 Thread 0x00007f28400bd000 nmethod 1841 0x00007f283173efd0 code [0x00007f283173f160, 0x00007f283173f378]
Event: 8.966 Thread 0x00007f28400bd000 1842 %     3       com.android.dx.ssa.back.FirstFitLocalCombiningAllocator::handleCheckCastResults @ 8 (413 bytes)
Event: 8.971 Thread 0x00007f28400bd000 nmethod 1842% 0x00007f283175ae10 code [0x00007f283175b3c0, 0x00007f283175f1c8]

GC Heap History (10 events):
Event: 3.413 GC heap after
Heap after GC invocations=2 (full 0):
 PSYoungGen      total 36864K, used 5112K [0x00000000eab00000, 0x00000000ef300000, 0x0000000100000000)
  eden space 31744K, 0% used [0x00000000eab00000,0x00000000eab00000,0x00000000eca00000)
  from space 5120K, 99% used [0x00000000ecf00000,0x00000000ed3fe3e8,0x00000000ed400000)
  to   space 5120K, 0% used [0x00000000eca00000,0x00000000eca00000,0x00000000ecf00000)
 ParOldGen       total 84992K, used 11336K [0x00000000c0000000, 0x00000000c5300000, 0x00000000eab00000)
  object space 84992K, 13% used [0x00000000c0000000,0x00000000c0b12018,0x00000000c5300000)
 Metaspace       used 5774K, capacity 6960K, committed 7040K, reserved 1056768K
  class space    used 572K, capacity 616K, committed 640K, reserved 1048576K
}
Event: 3.836 GC heap before
{Heap before GC invocations=3 (full 0):
 PSYoungGen      total 36864K, used 36856K [0x00000000eab00000, 0x00000000ef300000, 0x0000000100000000)
  eden space 31744K, 100% used [0x00000000eab00000,0x00000000eca00000,0x00000000eca00000)
  from space 5120K, 99% used [0x00000000ecf00000,0x00000000ed3fe3e8,0x00000000ed400000)
  to   space 5120K, 0% used [0x00000000eca00000,0x00000000eca00000,0x00000000ecf00000)
 ParOldGen       total 84992K, used 11336K [0x00000000c0000000, 0x00000000c5300000, 0x00000000eab00000)
  object space 84992K, 13% used [0x00000000c0000000,0x00000000c0b12018,0x00000000c5300000)
 Metaspace       used 5818K, capacity 6960K, committed 7040K, reserved 1056768K
  class space    used 572K, capacity 616K, committed 640K, reserved 1048576K
Event: 3.962 GC heap after
Heap after GC invocations=3 (full 0):
 PSYoungGen      total 36864K, used 5111K [0x00000000eab00000, 0x00000000ef300000, 0x0000000100000000)
  eden space 31744K, 0% used [0x00000000eab00000,0x00000000eab00000,0x00000000eca00000)
  from space 5120K, 99% used [0x00000000eca00000,0x00000000ecefde08,0x00000000ecf00000)
  to   space 5120K, 0% used [0x00000000eee00000,0x00000000eee00000,0x00000000ef300000)
 ParOldGen       total 84992K, used 19757K [0x00000000c0000000, 0x00000000c5300000, 0x00000000eab00000)
  object space 84992K, 23% used [0x00000000c0000000,0x00000000c134b478,0x00000000c5300000)
 Metaspace       used 5818K, capacity 6960K, committed 7040K, reserved 1056768K
  class space    used 572K, capacity 616K, committed 640K, reserved 1048576K
}
Event: 4.140 GC heap before
{Heap before GC invocations=4 (full 0):
 PSYoungGen      total 36864K, used 36855K [0x00000000eab00000, 0x00000000ef300000, 0x0000000100000000)
  eden space 31744K, 100% used [0x00000000eab00000,0x00000000eca00000,0x00000000eca00000)
  from space 5120K, 99% used [0x00000000eca00000,0x00000000ecefde08,0x00000000ecf00000)
  to   space 5120K, 0% used [0x00000000eee00000,0x00000000eee00000,0x00000000ef300000)
 ParOldGen       total 84992K, used 19757K [0x00000000c0000000, 0x00000000c5300000, 0x00000000eab00000)
  object space 84992K, 23% used [0x00000000c0000000,0x00000000c134b478,0x00000000c5300000)
 Metaspace       used 5821K, capacity 6960K, committed 7040K, reserved 1056768K
  class space    used 572K, capacity 616K, committed 640K, reserved 1048576K
Event: 4.235 GC heap after
Heap after GC invocations=4 (full 0):
 PSYoungGen      total 68608K, used 5098K [0x00000000eab00000, 0x00000000ef300000, 0x0000000100000000)
  eden space 63488K, 0% used [0x00000000eab00000,0x00000000eab00000,0x00000000ee900000)
  from space 5120K, 99% used [0x00000000eee00000,0x00000000ef2fab18,0x00000000ef300000)
  to   space 5120K, 0% used [0x00000000ee900000,0x00000000ee900000,0x00000000eee00000)
 ParOldGen       total 84992K, used 31234K [0x00000000c0000000, 0x00000000c5300000, 0x00000000eab00000)
  object space 84992K, 36% used [0x00000000c0000000,0x00000000c1e80820,0x00000000c5300000)
 Metaspace       used 5821K, capacity 6960K, committed 7040K, reserved 1056768K
  class space    used 572K, capacity 616K, committed 640K, reserved 1048576K
}
Event: 5.360 GC heap before
{Heap before GC invocations=5 (full 0):
 PSYoungGen      total 68608K, used 68586K [0x00000000eab00000, 0x00000000ef300000, 0x0000000100000000)
  eden space 63488K, 100% used [0x00000000eab00000,0x00000000ee900000,0x00000000ee900000)
  from space 5120K, 99% used [0x00000000eee00000,0x00000000ef2fab18,0x00000000ef300000)
  to   space 5120K, 0% used [0x00000000ee900000,0x00000000ee900000,0x00000000eee00000)
 ParOldGen       total 84992K, used 31234K [0x00000000c0000000, 0x00000000c5300000, 0x00000000eab00000)
  object space 84992K, 36% used [0x00000000c0000000,0x00000000c1e80820,0x00000000c5300000)
 Metaspace       used 5868K, capacity 7024K, committed 7296K, reserved 1056768K
  class space    used 574K, capacity 616K, committed 640K, reserved 1048576K
Event: 5.429 GC heap after
Heap after GC invocations=5 (full 0):
 PSYoungGen      total 68608K, used 5108K [0x00000000eab00000, 0x00000000f5300000, 0x0000000100000000)
  eden space 63488K, 0% used [0x00000000eab00000,0x00000000eab00000,0x00000000ee900000)
  from space 5120K, 99% used [0x00000000ee900000,0x00000000eedfd318,0x00000000eee00000)
  to   space 22528K, 0% used [0x00000000f3d00000,0x00000000f3d00000,0x00000000f5300000)
 ParOldGen       total 84992K, used 45754K [0x00000000c0000000, 0x00000000c5300000, 0x00000000eab00000)
  object space 84992K, 53% used [0x00000000c0000000,0x00000000c2caea38,0x00000000c5300000)
 Metaspace       used 5868K, capacity 7024K, committed 7296K, reserved 1056768K
  class space    used 574K, capacity 616K, committed 640K, reserved 1048576K
}
Event: 6.618 GC heap before
{Heap before GC invocations=6 (full 0):
 PSYoungGen      total 68608K, used 68596K [0x00000000eab00000, 0x00000000f5300000, 0x0000000100000000)
  eden space 63488K, 100% used [0x00000000eab00000,0x00000000ee900000,0x00000000ee900000)
  from space 5120K, 99% used [0x00000000ee900000,0x00000000eedfd318,0x00000000eee00000)
  to   space 22528K, 0% used [0x00000000f3d00000,0x00000000f3d00000,0x00000000f5300000)
 ParOldGen       total 84992K, used 45754K [0x00000000c0000000, 0x00000000c5300000, 0x00000000eab00000)
  object space 84992K, 53% used [0x00000000c0000000,0x00000000c2caea38,0x00000000c5300000)
 Metaspace       used 5885K, capacity 7024K, committed 7296K, reserved 1056768K
  class space    used 574K, capacity 616K, committed 640K, reserved 1048576K
Event: 6.678 GC heap after
Heap after GC invocations=6 (full 0):
 PSYoungGen      total 144896K, used 22500K [0x00000000eab00000, 0x00000000f5c00000, 0x0000000100000000)
  eden space 122368K, 0% used [0x00000000eab00000,0x00000000eab00000,0x00000000f2280000)
  from space 22528K, 99% used [0x00000000f3d00000,0x00000000f52f9250,0x00000000f5300000)
  to   space 27136K, 0% used [0x00000000f2280000,0x00000000f2280000,0x00000000f3d00000)
 ParOldGen       total 84992K, used 47909K [0x00000000c0000000, 0x00000000c5300000, 0x00000000eab00000)
  object space 84992K, 56% used [0x00000000c0000000,0x00000000c2ec97d0,0x00000000c5300000)
 Metaspace       used 5885K, capacity 7024K, committed 7296K, reserved 1056768K
  class space    used 574K, capacity 616K, committed 640K, reserved 1048576K
}
Event: 9.019 GC heap before
{Heap before GC invocations=7 (full 0):
 PSYoungGen      total 144896K, used 144868K [0x00000000eab00000, 0x00000000f5c00000, 0x0000000100000000)
  eden space 122368K, 100% used [0x00000000eab00000,0x00000000f2280000,0x00000000f2280000)
  from space 22528K, 99% used [0x00000000f3d00000,0x00000000f52f9250,0x00000000f5300000)
  to   space 27136K, 0% used [0x00000000f2280000,0x00000000f2280000,0x00000000f3d00000)
 ParOldGen       total 84992K, used 47909K [0x00000000c0000000, 0x00000000c5300000, 0x00000000eab00000)
  object space 84992K, 56% used [0x00000000c0000000,0x00000000c2ec97d0,0x00000000c5300000)
 Metaspace       used 5917K, capacity 7024K, committed 7296K, reserved 1056768K
  class space    used 575K, capacity 616K, committed 640K, reserved 1048576K

Deoptimization events (10 events):
Event: 5.165 Thread 0x00007f284015d000 Uncommon trap: reason=unstable_if action=reinterpret pc=0x00007f28315b9980 method=com.android.dx.rop.code.InsnList.contentEquals(Lcom/android/dx/rop/code/InsnList;)Z @ 25
Event: 5.218 Thread 0x00007f284015d000 Uncommon trap: reason=bimorphic action=maybe_recompile pc=0x00007f2831575a24 method=com.android.dx.cf.code.BytecodeArray.parseInstruction(ILcom/android/dx/cf/code/BytecodeArray$Visitor;)I @ 1357
Event: 5.219 Thread 0x00007f284015d000 Uncommon trap: reason=bimorphic action=maybe_recompile pc=0x00007f2831575a24 method=com.android.dx.cf.code.BytecodeArray.parseInstruction(ILcom/android/dx/cf/code/BytecodeArray$Visitor;)I @ 1357
Event: 5.239 Thread 0x00007f284015d000 Uncommon trap: reason=class_check action=maybe_recompile pc=0x00007f28315bbcc8 method=com.android.dx.ssa.SsaMethod.isRegALocal(Lcom/android/dx/rop/code/RegisterSpec;)Z @ 16
Event: 5.243 Thread 0x00007f284015d000 Uncommon trap: reason=class_check action=maybe_recompile pc=0x00007f28315bbcc8 method=com.android.dx.ssa.SsaMethod.isRegALocal(Lcom/android/dx/rop/code/RegisterSpec;)Z @ 16
Event: 5.480 Thread 0x00007f284015f000 Uncommon trap: reason=unstable_if action=reinterpret pc=0x00007f28314adaa8 method=java.util.HashMap.putVal(ILjava/lang/Object;Ljava/lang/Object;ZZ)Ljava/lang/Object; @ 94
Event: 5.490 Thread 0x00007f284015f000 Uncommon trap: reason=class_check action=maybe_recompile pc=0x00007f28315bbcc8 method=com.android.dx.ssa.SsaMethod.isRegALocal(Lcom/android/dx/rop/code/RegisterSpec;)Z @ 16
Event: 5.491 Thread 0x00007f284015f000 Uncommon trap: reason=class_check action=maybe_recompile pc=0x00007f28315bbcc8 method=com.android.dx.ssa.SsaMethod.isRegALocal(Lcom/android/dx/rop/code/RegisterSpec;)Z @ 16
Event: 7.264 Thread 0x00007f284000a000 Uncommon trap: reason=unloaded action=reinterpret pc=0x00007f28315ddc78 method=com.android.dx.cf.cst.ConstantPoolParser.parse0(ILjava/util/BitSet;)Lcom/android/dx/rop/cst/Constant; @ 176
Event: 7.307 Thread 0x00007f2840160800 Uncommon trap: reason=uninitialized action=reinterpret pc=0x00007f2831575474 method=com.android.dx.cf.code.BytecodeArray.parseInstruction(ILcom/android/dx/cf/code/BytecodeArray$Visitor;)I @ 1031

Internal exceptions (3 events):
Event: 0.317 Thread 0x00007f284000a000 Exception <a 'java/lang/NoSuchMethodError': Method sun.misc.Unsafe.defineClass(Ljava/lang/String;[BII)Ljava/lang/Class; name or signature does not match> (0x00000000eab07cc0) thrown at [/HUDSON/workspace/8-2-build-linux-amd64/jdk8u91/6644/hotspot/src/shar
Event: 0.329 Thread 0x00007f284000a000 Exception <a 'java/lang/NoSuchMethodError': Method sun.misc.Unsafe.prefetchRead(Ljava/lang/Object;J)V name or signature does not match> (0x00000000eab07fa8) thrown at [/HUDSON/workspace/8-2-build-linux-amd64/jdk8u91/6644/hotspot/src/share/vm/prims/jni.cpp
Event: 2.793 Thread 0x00007f2840160800 Implicit null exception at 0x00007f28313b08e2 to 0x00007f28313b09db

Events (10 events):
Event: 8.888 Thread 0x00007f284015d000 DEOPT PACKING pc=0x00007f2831536ae1 sp=0x00007f27f3ffdf70
Event: 8.888 Thread 0x00007f284015d000 DEOPT UNPACKING pc=0x00007f2831047633 sp=0x00007f27f3ffdd28 mode 0
Event: 8.888 Thread 0x00007f284015d000 DEOPT PACKING pc=0x00007f2831536ae1 sp=0x00007f27f3ffdf70
Event: 8.888 Thread 0x00007f284015d000 DEOPT UNPACKING pc=0x00007f2831047633 sp=0x00007f27f3ffdd28 mode 0
Event: 8.904 Thread 0x00007f2840160800 DEOPT PACKING pc=0x00007f283158cc2a sp=0x00007f27f3dfbe30
Event: 8.904 Thread 0x00007f2840160800 DEOPT UNPACKING pc=0x00007f2831047633 sp=0x00007f27f3dfbbb8 mode 0
Event: 8.920 Thread 0x00007f2840160800 Thread exited: 0x00007f2840160800
Event: 9.007 Thread 0x00007f284015d000 DEOPT PACKING pc=0x00007f283158cc2a sp=0x00007f27f3ffe130
Event: 9.007 Thread 0x00007f284015d000 DEOPT UNPACKING pc=0x00007f2831047633 sp=0x00007f27f3ffdeb8 mode 0
Event: 9.018 Executing VM operation: ParallelGCFailedAllocation


Dynamic libraries:
00400000-00401000 r-xp 00000000 08:05 527569                             /usr/lib/jvm/java-8-oracle/bin/java
00600000-00601000 rw-p 00000000 08:05 527569                             /usr/lib/jvm/java-8-oracle/bin/java
009f7000-00a18000 rw-p 00000000 00:00 0                                  [heap]
c0000000-c5300000 rw-p 00000000 00:00 0 
c5300000-eab00000 ---p 00000000 00:00 0 
eab00000-f5c00000 rw-p 00000000 00:00 0 
fe100000-100000000 ---p 00000000 00:00 0 
100000000-1000a0000 rw-p 00000000 00:00 0 
1000a0000-140000000 ---p 00000000 00:00 0 
7f27e0000000-7f27e002d000 rw-p 00000000 00:00 0 
7f27e002d000-7f27e4000000 ---p 00000000 00:00 0 
7f27e4000000-7f27e402d000 rw-p 00000000 00:00 0 
7f27e402d000-7f27e8000000 ---p 00000000 00:00 0 
7f27e8000000-7f27e8021000 rw-p 00000000 00:00 0 
7f27e8021000-7f27ec000000 ---p 00000000 00:00 0 
7f27ec000000-7f27ec021000 rw-p 00000000 00:00 0 
7f27ec021000-7f27f0000000 ---p 00000000 00:00 0 
7f27f3cfd000-7f27f3d00000 ---p 00000000 00:00 0 
7f27f3d00000-7f27f3dfe000 rw-p 00000000 00:00 0 
7f27f3dfe000-7f27f3e01000 ---p 00000000 00:00 0 
7f27f3e01000-7f27f3eff000 rw-p 00000000 00:00 0 
7f27f3eff000-7f27f3f02000 ---p 00000000 00:00 0 
7f27f3f02000-7f27f4000000 rw-p 00000000 00:00 0 
7f27f4000000-7f27f4021000 rw-p 00000000 00:00 0 
7f27f4021000-7f27f8000000 ---p 00000000 00:00 0 
7f27f8000000-7f27f803b000 rw-p 00000000 00:00 0 
7f27f803b000-7f27fc000000 ---p 00000000 00:00 0 
7f27fc000000-7f27fcc04000 rw-p 00000000 00:00 0 
7f27fcc04000-7f2800000000 ---p 00000000 00:00 0 
7f2800000000-7f2800021000 rw-p 00000000 00:00 0 
7f2800021000-7f2804000000 ---p 00000000 00:00 0 
7f2804000000-7f2804d5b000 rw-p 00000000 00:00 0 
7f2804d5b000-7f2808000000 ---p 00000000 00:00 0 
7f2808000000-7f28094d3000 rw-p 00000000 00:00 0 
7f28094d3000-7f280c000000 ---p 00000000 00:00 0 
7f280c000000-7f280c021000 rw-p 00000000 00:00 0 
7f280c021000-7f2810000000 ---p 00000000 00:00 0 
7f2810000000-7f2810021000 rw-p 00000000 00:00 0 
7f2810021000-7f2814000000 ---p 00000000 00:00 0 
7f2814000000-7f281428d000 rw-p 00000000 00:00 0 
7f281428d000-7f2818000000 ---p 00000000 00:00 0 
7f2818000000-7f2818021000 rw-p 00000000 00:00 0 
7f2818021000-7f281c000000 ---p 00000000 00:00 0 
7f281c000000-7f281c021000 rw-p 00000000 00:00 0 
7f281c021000-7f2820000000 ---p 00000000 00:00 0 
7f2820000000-7f2820021000 rw-p 00000000 00:00 0 
7f2820021000-7f2824000000 ---p 00000000 00:00 0 
7f2824000000-7f2824021000 rw-p 00000000 00:00 0 
7f2824021000-7f2828000000 ---p 00000000 00:00 0 
7f28280c9000-7f28280cc000 ---p 00000000 00:00 0 
7f28280cc000-7f28281ca000 rw-p 00000000 00:00 0 
7f28281ca000-7f28281cd000 ---p 00000000 00:00 0 
7f28281cd000-7f28282cb000 rw-p 00000000 00:00 0 
7f28282cb000-7f28282cc000 ---p 00000000 00:00 0 
7f28282cc000-7f28283cc000 rw-p 00000000 00:00 0 
7f28283cc000-7f28283cf000 ---p 00000000 00:00 0 
7f28283cf000-7f28284cd000 rw-p 00000000 00:00 0 
7f28284cd000-7f28284d0000 ---p 00000000 00:00 0 
7f28284d0000-7f28285ce000 rw-p 00000000 00:00 0 
7f28285ce000-7f28285d1000 ---p 00000000 00:00 0 
7f28285d1000-7f28286cf000 rw-p 00000000 00:00 0 
7f28286cf000-7f28286d2000 ---p 00000000 00:00 0 
7f28286d2000-7f28287d0000 rw-p 00000000 00:00 0 
7f28287d0000-7f28287d3000 ---p 00000000 00:00 0 
7f28287d3000-7f28288d1000 rw-p 00000000 00:00 0 
7f28288d1000-7f2829290000 r--p 00000000 08:05 532144                     /usr/lib/locale/locale-archive
7f2829290000-7f2829293000 ---p 00000000 00:00 0 
7f2829293000-7f2829391000 rw-p 00000000 00:00 0 
7f2829391000-7f2829394000 ---p 00000000 00:00 0 
7f2829394000-7f2829492000 rw-p 00000000 00:00 0 
7f2829492000-7f2829493000 ---p 00000000 00:00 0 
7f2829493000-7f282c000000 rw-p 00000000 00:00 0 
7f282c000000-7f282c021000 rw-p 00000000 00:00 0 
7f282c021000-7f2830000000 ---p 00000000 00:00 0 
7f2830002000-7f2830427000 rw-p 00000000 00:00 0 
7f2830427000-7f2830600000 r--s 03d1f000 08:05 536981                     /usr/lib/jvm/java-8-oracle/jre/lib/rt.jar
7f2830600000-7f2830c80000 rw-p 00000000 00:00 0 
7f2830c80000-7f2830e00000 ---p 00000000 00:00 0 
7f2830e00000-7f2831000000 rw-p 00000000 00:00 0 
7f2831000000-7f2831770000 rwxp 00000000 00:00 0 
7f2831770000-7f2840000000 ---p 00000000 00:00 0 
7f2840000000-7f28403c0000 rw-p 00000000 00:00 0 
7f28403c0000-7f2844000000 ---p 00000000 00:00 0 
7f284400a000-7f2844018000 r--s 000e0000 08:06 6035012                    /home/anshul/Android/Sdk/build-tools/24.0.0/lib/dx.jar
7f2844018000-7f28441b0000 rw-p 00000000 00:00 0 
7f28441b0000-7f28441b1000 ---p 00000000 00:00 0 
7f28441b1000-7f28442b1000 rw-p 00000000 00:00 0 
7f28442b1000-7f28442b2000 ---p 00000000 00:00 0 
7f28442b2000-7f28443b2000 rw-p 00000000 00:00 0 
7f28443b2000-7f28443b3000 ---p 00000000 00:00 0 
7f28443b3000-7f28444b3000 rw-p 00000000 00:00 0 
7f28444b3000-7f28444b4000 ---p 00000000 00:00 0 
7f28444b4000-7f28445de000 rw-p 00000000 00:00 0 
7f28445de000-7f284470a000 ---p 00000000 00:00 0 
7f284470a000-7f2844734000 rw-p 00000000 00:00 0 
7f2844734000-7f284485f000 ---p 00000000 00:00 0 
7f284485f000-7f28448b8000 rw-p 00000000 00:00 0 
7f28448b8000-7f284490a000 ---p 00000000 00:00 0 
7f284490a000-7f2844929000 rw-p 00000000 00:00 0 
7f2844929000-7f2844ccb000 ---p 00000000 00:00 0 
7f2844ccb000-7f2844ce5000 r-xp 00000000 08:05 537183                     /usr/lib/jvm/java-8-oracle/jre/lib/amd64/libzip.so
7f2844ce5000-7f2844ee5000 ---p 0001a000 08:05 537183                     /usr/lib/jvm/java-8-oracle/jre/lib/amd64/libzip.so
7f2844ee5000-7f2844ee6000 rw-p 0001a000 08:05 537183                     /usr/lib/jvm/java-8-oracle/jre/lib/amd64/libzip.so
7f2844ee6000-7f2844ef1000 r-xp 00000000 08:05 2888761                    /lib/x86_64-linux-gnu/libnss_files-2.23.so
7f2844ef1000-7f28450f0000 ---p 0000b000 08:05 2888761                    /lib/x86_64-linux-gnu/libnss_files-2.23.so
7f28450f0000-7f28450f1000 r--p 0000a000 08:05 2888761                    /lib/x86_64-linux-gnu/libnss_files-2.23.so
7f28450f1000-7f28450f2000 rw-p 0000b000 08:05 2888761                    /lib/x86_64-linux-gnu/libnss_files-2.23.so
7f28450f2000-7f28450f8000 rw-p 00000000 00:00 0 
7f28450f8000-7f2845103000 r-xp 00000000 08:05 2888771                    /lib/x86_64-linux-gnu/libnss_nis-2.23.so
7f2845103000-7f2845302000 ---p 0000b000 08:05 2888771                    /lib/x86_64-linux-gnu/libnss_nis-2.23.so
7f2845302000-7f2845303000 r--p 0000a000 08:05 2888771                    /lib/x86_64-linux-gnu/libnss_nis-2.23.so
7f2845303000-7f2845304000 rw-p 0000b000 08:05 2888771                    /lib/x86_64-linux-gnu/libnss_nis-2.23.so
7f2845304000-7f284531a000 r-xp 00000000 08:05 2888755                    /lib/x86_64-linux-gnu/libnsl-2.23.so
7f284531a000-7f2845519000 ---p 00016000 08:05 2888755                    /lib/x86_64-linux-gnu/libnsl-2.23.so
7f2845519000-7f284551a000 r--p 00015000 08:05 2888755                    /lib/x86_64-linux-gnu/libnsl-2.23.so
7f284551a000-7f284551b000 rw-p 00016000 08:05 2888755                    /lib/x86_64-linux-gnu/libnsl-2.23.so
7f284551b000-7f284551d000 rw-p 00000000 00:00 0 
7f284551d000-7f2845525000 r-xp 00000000 08:05 2888757                    /lib/x86_64-linux-gnu/libnss_compat-2.23.so
7f2845525000-7f2845724000 ---p 00008000 08:05 2888757                    /lib/x86_64-linux-gnu/libnss_compat-2.23.so
7f2845724000-7f2845725000 r--p 00007000 08:05 2888757                    /lib/x86_64-linux-gnu/libnss_compat-2.23.so
7f2845725000-7f2845726000 rw-p 00008000 08:05 2888757                    /lib/x86_64-linux-gnu/libnss_compat-2.23.so
7f2845726000-7f2845750000 r-xp 00000000 08:05 537178                     /usr/lib/jvm/java-8-oracle/jre/lib/amd64/libjava.so
7f2845750000-7f2845950000 ---p 0002a000 08:05 537178                     /usr/lib/jvm/java-8-oracle/jre/lib/amd64/libjava.so
7f2845950000-7f2845952000 rw-p 0002a000 08:05 537178                     /usr/lib/jvm/java-8-oracle/jre/lib/amd64/libjava.so
7f2845952000-7f284595f000 r-xp 00000000 08:05 537182                     /usr/lib/jvm/java-8-oracle/jre/lib/amd64/libverify.so
7f284595f000-7f2845b5f000 ---p 0000d000 08:05 537182                     /usr/lib/jvm/java-8-oracle/jre/lib/amd64/libverify.so
7f2845b5f000-7f2845b61000 rw-p 0000d000 08:05 537182                     /usr/lib/jvm/java-8-oracle/jre/lib/amd64/libverify.so
7f2845b61000-7f2845b68000 r-xp 00000000 08:05 2888816                    /lib/x86_64-linux-gnu/librt-2.23.so
7f2845b68000-7f2845d67000 ---p 00007000 08:05 2888816                    /lib/x86_64-linux-gnu/librt-2.23.so
7f2845d67000-7f2845d68000 r--p 00006000 08:05 2888816                    /lib/x86_64-linux-gnu/librt-2.23.so
7f2845d68000-7f2845d69000 rw-p 00007000 08:05 2888816                    /lib/x86_64-linux-gnu/librt-2.23.so
7f2845d69000-7f2845e71000 r-xp 00000000 08:05 2888732                    /lib/x86_64-linux-gnu/libm-2.23.so
7f2845e71000-7f2846070000 ---p 00108000 08:05 2888732                    /lib/x86_64-linux-gnu/libm-2.23.so
7f2846070000-7f2846071000 r--p 00107000 08:05 2888732                    /lib/x86_64-linux-gnu/libm-2.23.so
7f2846071000-7f2846072000 rw-p 00108000 08:05 2888732                    /lib/x86_64-linux-gnu/libm-2.23.so
7f2846072000-7f2846d32000 r-xp 00000000 08:05 537161                     /usr/lib/jvm/java-8-oracle/jre/lib/amd64/server/libjvm.so
7f2846d32000-7f2846f32000 ---p 00cc0000 08:05 537161                     /usr/lib/jvm/java-8-oracle/jre/lib/amd64/server/libjvm.so
7f2846f32000-7f284700a000 rw-p 00cc0000 08:05 537161                     /usr/lib/jvm/java-8-oracle/jre/lib/amd64/server/libjvm.so
7f284700a000-7f2847055000 rw-p 00000000 00:00 0 
7f2847055000-7f2847215000 r-xp 00000000 08:05 2888662                    /lib/x86_64-linux-gnu/libc-2.23.so
7f2847215000-7f2847414000 ---p 001c0000 08:05 2888662                    /lib/x86_64-linux-gnu/libc-2.23.so
7f2847414000-7f2847418000 r--p 001bf000 08:05 2888662                    /lib/x86_64-linux-gnu/libc-2.23.so
7f2847418000-7f284741a000 rw-p 001c3000 08:05 2888662                    /lib/x86_64-linux-gnu/libc-2.23.so
7f284741a000-7f284741e000 rw-p 00000000 00:00 0 
7f284741e000-7f2847421000 r-xp 00000000 08:05 2888686                    /lib/x86_64-linux-gnu/libdl-2.23.so
7f2847421000-7f2847620000 ---p 00003000 08:05 2888686                    /lib/x86_64-linux-gnu/libdl-2.23.so
7f2847620000-7f2847621000 r--p 00002000 08:05 2888686                    /lib/x86_64-linux-gnu/libdl-2.23.so
7f2847621000-7f2847622000 rw-p 00003000 08:05 2888686                    /lib/x86_64-linux-gnu/libdl-2.23.so
7f2847622000-7f2847637000 r-xp 00000000 08:05 536796                     /usr/lib/jvm/java-8-oracle/lib/amd64/jli/libjli.so
7f2847637000-7f2847837000 ---p 00015000 08:05 536796                     /usr/lib/jvm/java-8-oracle/lib/amd64/jli/libjli.so
7f2847837000-7f2847838000 rw-p 00015000 08:05 536796                     /usr/lib/jvm/java-8-oracle/lib/amd64/jli/libjli.so
7f2847838000-7f2847850000 r-xp 00000000 08:05 2888808                    /lib/x86_64-linux-gnu/libpthread-2.23.so
7f2847850000-7f2847a4f000 ---p 00018000 08:05 2888808                    /lib/x86_64-linux-gnu/libpthread-2.23.so
7f2847a4f000-7f2847a50000 r--p 00017000 08:05 2888808                    /lib/x86_64-linux-gnu/libpthread-2.23.so
7f2847a50000-7f2847a51000 rw-p 00018000 08:05 2888808                    /lib/x86_64-linux-gnu/libpthread-2.23.so
7f2847a51000-7f2847a55000 rw-p 00000000 00:00 0 
7f2847a55000-7f2847a7b000 r-xp 00000000 08:05 2888634                    /lib/x86_64-linux-gnu/ld-2.23.so
7f2847a83000-7f2847b55000 rw-p 00000000 00:00 0 
7f2847b55000-7f2847b58000 ---p 00000000 00:00 0 
7f2847b58000-7f2847c6e000 rw-p 00000000 00:00 0 
7f2847c6e000-7f2847c76000 rw-s 00000000 08:05 3279941                    /tmp/hsperfdata_anshul/14534
7f2847c76000-7f2847c77000 rw-p 00000000 00:00 0 
7f2847c77000-7f2847c78000 ---p 00000000 00:00 0 
7f2847c78000-7f2847c7a000 rw-p 00000000 00:00 0 
7f2847c7a000-7f2847c7b000 r--p 00025000 08:05 2888634                    /lib/x86_64-linux-gnu/ld-2.23.so
7f2847c7b000-7f2847c7c000 rw-p 00026000 08:05 2888634                    /lib/x86_64-linux-gnu/ld-2.23.so
7f2847c7c000-7f2847c7d000 rw-p 00000000 00:00 0 
7ffd3f0c4000-7ffd3f0e5000 rw-p 00000000 00:00 0                          [stack]
7ffd3f106000-7ffd3f108000 r--p 00000000 00:00 0                          [vvar]
7ffd3f108000-7ffd3f10a000 r-xp 00000000 00:00 0                          [vdso]
ffffffffff600000-ffffffffff601000 r-xp 00000000 00:00 0                  [vsyscall]

VM Arguments:
jvm_args: -Djava.awt.headless=true -Xmx1024M -Dfile.encoding=UTF-8 -Duser.country=IN -Duser.language=en -Duser.variant 
java_command: com.android.dx.command.Main --dex --force-jumbo --num-threads=4 --multi-dex --output /home/anshul/Downloads/Papers_library/app/build/intermediates/transforms/dex/debug/folders/1000/5/slice_4 /home/anshul/Downloads/Papers_library/app/build/intermediates/transforms/instantRunSlicer/debug/folders/1/5/slice_4
java_class_path (initial): /home/anshul/Android/Sdk/build-tools/24.0.0/lib/dx.jar
Launcher Type: SUN_STANDARD

Environment Variables:
JAVA_HOME=/usr/lib/jvm/java-8-oracle
PATH=/usr/local/sbin:/usr/local/bin:/usr/sbin:/usr/bin:/sbin:/bin:/usr/games:/usr/local/games:/snap/bin:/usr/lib/jvm/java-8-oracle/bin:/usr/lib/jvm/java-8-oracle/db/bin:/usr/lib/jvm/java-8-oracle/jre/bin
SHELL=/bin/bash
DISPLAY=:0

Signal Handlers:
SIGSEGV: [libjvm.so+0xabca10], sa_mask[0]=11111111011111111101111111111110, sa_flags=SA_RESTART|SA_SIGINFO
SIGBUS: [libjvm.so+0xabca10], sa_mask[0]=11111111011111111101111111111110, sa_flags=SA_RESTART|SA_SIGINFO
SIGFPE: [libjvm.so+0x919a20], sa_mask[0]=11111111011111111101111111111110, sa_flags=SA_RESTART|SA_SIGINFO
SIGPIPE: [libjvm.so+0x919a20], sa_mask[0]=11111111011111111101111111111110, sa_flags=SA_RESTART|SA_SIGINFO
SIGXFSZ: [libjvm.so+0x919a20], sa_mask[0]=11111111011111111101111111111110, sa_flags=SA_RESTART|SA_SIGINFO
SIGILL: [libjvm.so+0x919a20], sa_mask[0]=11111111011111111101111111111110, sa_flags=SA_RESTART|SA_SIGINFO
SIGUSR1: SIG_DFL, sa_mask[0]=00000000000000000000000000000000, sa_flags=none
SIGUSR2: [libjvm.so+0x91b050], sa_mask[0]=00100000000000000000000000000000, sa_flags=SA_RESTART|SA_SIGINFO
SIGHUP: [libjvm.so+0x91c450], sa_mask[0]=11111111011111111101111111111110