#
# There is insufficient memory for the Java Runtime Environment to continue.
# Native memory allocation (mmap) failed to map 174063616 bytes for committing reserved memory.
# Possible reasons:
#   The system is out of physical RAM or swap space
#   In 32 bit mode, the process size limit was hit
# Possible solutions:
#   Reduce memory load on the system
#   Increase physical memory or swap space
#   Check if swap backing store is full
#   Use 64 bit Java on a 64 bit OS
#   Decrease Java heap size (-Xmx/-Xms)
#   Decrease number of Java threads
#   Decrease Java thread stack sizes (-Xss)
#   Set larger code cache with -XX:ReservedCodeCacheSize=
# This output file may be truncated or incomplete.
#
#  Out of Memory Error (os_linux.cpp:2627), pid=1761, tid=139808331491072
#
# JRE version: Java(TM) SE Runtime Environment (8.0_91-b14) (build 1.8.0_91-b14)
# Java VM: Java HotSpot(TM) 64-Bit Server VM (25.91-b14 mixed mode linux-amd64 compressed oops)
# Failed to write core dump. Core dumps have been disabled. To enable core dumping, try "ulimit -c unlimited" before starting Java again
#

---------------  T H R E A D  ---------------

Current thread (0x00007f27bc078000):  VMThread [stack: 0x00007f27a9df6000,0x00007f27a9ef7000] [id=1787]

Stack: [0x00007f27a9df6000,0x00007f27a9ef7000],  sp=0x00007f27a9ef50a0,  free space=1020k
Native frames: (J=compiled Java code, j=interpreted, Vv=VM code, C=native code)
V  [libjvm.so+0xabc18a]  VMError::report_and_die()+0x2ba
V  [libjvm.so+0x4fafeb]  report_vm_out_of_memory(char const*, int, unsigned long, VMErrorType, char const*)+0x8b
V  [libjvm.so+0x91cbb3]  os::Linux::commit_memory_impl(char*, unsigned long, bool)+0x103
V  [libjvm.so+0x91d109]  os::pd_commit_memory(char*, unsigned long, unsigned long, bool)+0x29
V  [libjvm.so+0x91740a]  os::commit_memory(char*, unsigned long, unsigned long, bool)+0x2a
V  [libjvm.so+0x98b033]  PSVirtualSpace::expand_by(unsigned long)+0x53
V  [libjvm.so+0x98c438]  PSYoungGen::resize_generation(unsigned long, unsigned long)+0xf8
V  [libjvm.so+0x98b592]  PSYoungGen::resize(unsigned long, unsigned long)+0x22
V  [libjvm.so+0x98886b]  PSScavenge::invoke_no_policy()+0xf3b
V  [libjvm.so+0x988ff1]  PSScavenge::invoke()+0x41
V  [libjvm.so+0x9408b0]  ParallelScavengeHeap::failed_mem_allocate(unsigned long)+0x70
V  [libjvm.so+0xabdba7]  VM_ParallelGCFailedAllocation::doit()+0x97
V  [libjvm.so+0xac55d5]  VM_Operation::evaluate()+0x55
V  [libjvm.so+0xac39aa]  VMThread::evaluate_operation(VM_Operation*)+0xba
V  [libjvm.so+0xac3d2e]  VMThread::loop()+0x1ce
V  [libjvm.so+0xac41a0]  VMThread::run()+0x70
V  [libjvm.so+0x91ef78]  java_start(Thread*)+0x108

VM_Operation (0x00007f27a8804d00): ParallelGCFailedAllocation, mode: safepoint, requested by thread 0x00007f27bc158000


---------------  P R O C E S S  ---------------

Java Threads: ( => current thread )
  0x00007f27bc158000 JavaThread "pool-2-thread-4" [_thread_blocked, id=1833, stack(0x00007f27a8706000,0x00007f27a8807000)]
  0x00007f27bc156800 JavaThread "pool-2-thread-3" [_thread_blocked, id=1832, stack(0x00007f27a8807000,0x00007f27a8908000)]
  0x00007f27bc155000 JavaThread "pool-2-thread-2" [_thread_blocked, id=1831, stack(0x00007f27a8908000,0x00007f27a8a09000)]
  0x00007f27bc148800 JavaThread "pool-3-thread-1" [_thread_blocked, id=1830, stack(0x00007f27a8a09000,0x00007f27a8b0a000)]
  0x00007f27bc146800 JavaThread "pool-2-thread-1" [_thread_blocked, id=1829, stack(0x00007f27a8b0a000,0x00007f27a8c0b000)]
  0x00007f27bc0c0000 JavaThread "Service Thread" daemon [_thread_blocked, id=1794, stack(0x00007f27a8d30000,0x00007f27a8e31000)]
  0x00007f27bc0bd000 JavaThread "C1 CompilerThread2" daemon [_thread_blocked, id=1793, stack(0x00007f27a8e31000,0x00007f27a8f32000)]
  0x00007f27bc0bb800 JavaThread "C2 CompilerThread1" daemon [_thread_blocked, id=1792, stack(0x00007f27a8f32000,0x00007f27a9033000)]
  0x00007f27bc0b8800 JavaThread "C2 CompilerThread0" daemon [_thread_blocked, id=1791, stack(0x00007f27a9033000,0x00007f27a9134000)]
  0x00007f27bc0b7000 JavaThread "Signal Dispatcher" daemon [_thread_blocked, id=1790, stack(0x00007f27a9134000,0x00007f27a9235000)]
  0x00007f27bc084000 JavaThread "Finalizer" daemon [_thread_blocked, id=1789, stack(0x00007f27a9bf4000,0x00007f27a9cf5000)]
  0x00007f27bc07f800 JavaThread "Reference Handler" daemon [_thread_blocked, id=1788, stack(0x00007f27a9cf5000,0x00007f27a9df6000)]
  0x00007f27bc00a000 JavaThread "main" [_thread_blocked, id=1777, stack(0x00007f27c44a1000,0x00007f27c45a2000)]

Other Threads:
=>0x00007f27bc078000 VMThread [stack: 0x00007f27a9df6000,0x00007f27a9ef7000] [id=1787]
  0x00007f27bc0c3000 WatcherThread [stack: 0x00007f27a8c2f000,0x00007f27a8d30000] [id=1795]

VM state:at safepoint (normal execution)

VM Mutex/Monitor currently owned by a thread:  ([mutex/lock_event])
[0x00007f27bc006510] Threads_lock - owner thread: 0x00007f27bc078000
[0x00007f27bc006a10] Heap_lock - owner thread: 0x00007f27bc158000

Heap:
 PSYoungGen      total 132096K, used 5090K [0x00000000eab00000, 0x00000000f3100000, 0x0000000100000000)
  eden space 126976K, 0% used [0x00000000eab00000,0x00000000eab00000,0x00000000f2700000)
  from space 5120K, 99% used [0x00000000f2700000,0x00000000f2bf8908,0x00000000f2c00000)
  to   space 5120K, 0% used [0x00000000f2c00000,0x00000000f2c00000,0x00000000f3100000)
 ParOldGen       total 84992K, used 40598K [0x00000000c0000000, 0x00000000c5300000, 0x00000000eab00000)
  object space 84992K, 47% used [0x00000000c0000000,0x00000000c27a59a8,0x00000000c5300000)
 Metaspace       used 6331K, capacity 7192K, committed 7424K, reserved 1056768K
  class space    used 614K, capacity 656K, committed 768K, reserved 1048576K

Card table byte_map: [0x00007f27c1056000,0x00007f27c1257000] byte_map_base: 0x00007f27c0a56000

Marking Bits: (ParMarkBitMap*) 0x00007f27c3974d60
 Begin Bits: [0x00007f27ab000000, 0x00007f27ac000000)
 End Bits:   [0x00007f27ac000000, 0x00007f27ad000000)

Polling page: 0x00007f27c45c3000

CodeCache: size=245760Kb used=6500Kb max_used=6500Kb free=239259Kb
 bounds [0x00007f27ad000000, 0x00007f27ad660000, 0x00007f27bc000000]
 total_blobs=2080 nmethods=1811 adapters=182
 compilation: enabled

Compilation events (10 events):
Event: 8.474 Thread 0x00007f27bc0bd000 2172       2       com.android.dx.rop.cst.CstLiteral32::getLongBits (6 bytes)
Event: 8.474 Thread 0x00007f27bc0bd000 nmethod 2172 0x00007f27ad659010 code [0x00007f27ad659160, 0x00007f27ad6592b0]
Event: 8.490 Thread 0x00007f27bc0bd000 2173 %     3       com.android.dx.ssa.back.FirstFitLocalCombiningAllocator::tryMapRegs @ 9 (110 bytes)
Event: 8.491 Thread 0x00007f27bc0bd000 nmethod 2173% 0x00007f27ad659350 code [0x00007f27ad6595a0, 0x00007f27ad65a428]
Event: 8.491 Thread 0x00007f27bc0bd000 2174       3       com.android.dx.ssa.back.FirstFitLocalCombiningAllocator::tryMapRegs (110 bytes)
Event: 8.492 Thread 0x00007f27bc0bd000 nmethod 2174 0x00007f27ad65abd0 code [0x00007f27ad65ae20, 0x00007f27ad65bb58]
Event: 8.519 Thread 0x00007f27bc0bd000 2175       2       com.android.dx.rop.cst.CstNat::equals (48 bytes)
Event: 8.520 Thread 0x00007f27bc0bd000 nmethod 2175 0x00007f27ad65c310 code [0x00007f27ad65c4a0, 0x00007f27ad65c7d8]
Event: 8.531 Thread 0x00007f27bc0bd000 2176       2       com.android.dx.rop.code.RegisterSpecList::withoutLast (60 bytes)
Event: 8.532 Thread 0x00007f27bc0bd000 nmethod 2176 0x00007f27ad65ca10 code [0x00007f27ad65cbe0, 0x00007f27ad65d1c8]

GC Heap History (9 events):
Event: 1.934 GC heap before
{Heap before GC invocations=1 (full 0):
 PSYoungGen      total 36864K, used 31744K [0x00000000eab00000, 0x00000000ed400000, 0x0000000100000000)
  eden space 31744K, 100% used [0x00000000eab00000,0x00000000eca00000,0x00000000eca00000)
  from space 5120K, 0% used [0x00000000ecf00000,0x00000000ecf00000,0x00000000ed400000)
  to   space 5120K, 0% used [0x00000000eca00000,0x00000000eca00000,0x00000000ecf00000)
 ParOldGen       total 84992K, used 0K [0x00000000c0000000, 0x00000000c5300000, 0x00000000eab00000)
  object space 84992K, 0% used [0x00000000c0000000,0x00000000c0000000,0x00000000c5300000)
 Metaspace       used 5714K, capacity 6704K, committed 6784K, reserved 1056768K
  class space    used 590K, capacity 616K, committed 640K, reserved 1048576K
Event: 1.975 GC heap after
Heap after GC invocations=1 (full 0):
 PSYoungGen      total 36864K, used 4946K [0x00000000eab00000, 0x00000000ef300000, 0x0000000100000000)
  eden space 31744K, 0% used [0x00000000eab00000,0x00000000eab00000,0x00000000eca00000)
  from space 5120K, 96% used [0x00000000eca00000,0x00000000eced4bf0,0x00000000ecf00000)
  to   space 5120K, 0% used [0x00000000eee00000,0x00000000eee00000,0x00000000ef300000)
 ParOldGen       total 84992K, used 8K [0x00000000c0000000, 0x00000000c5300000, 0x00000000eab00000)
  object space 84992K, 0% used [0x00000000c0000000,0x00000000c0002000,0x00000000c5300000)
 Metaspace       used 5714K, capacity 6704K, committed 6784K, reserved 1056768K
  class space    used 590K, capacity 616K, committed 640K, reserved 1048576K
}
Event: 3.233 GC heap before
{Heap before GC invocations=2 (full 0):
 PSYoungGen      total 36864K, used 36690K [0x00000000eab00000, 0x00000000ef300000, 0x0000000100000000)
  eden space 31744K, 100% used [0x00000000eab00000,0x00000000eca00000,0x00000000eca00000)
  from space 5120K, 96% used [0x00000000eca00000,0x00000000eced4bf0,0x00000000ecf00000)
  to   space 5120K, 0% used [0x00000000eee00000,0x00000000eee00000,0x00000000ef300000)
 ParOldGen       total 84992K, used 8K [0x00000000c0000000, 0x00000000c5300000, 0x00000000eab00000)
  object space 84992K, 0% used [0x00000000c0000000,0x00000000c0002000,0x00000000c5300000)
 Metaspace       used 5884K, capacity 6832K, committed 7040K, reserved 1056768K
  class space    used 592K, capacity 616K, committed 640K, reserved 1048576K
Event: 3.303 GC heap after
Heap after GC invocations=2 (full 0):
 PSYoungGen      total 68608K, used 5117K [0x00000000eab00000, 0x00000000ef300000, 0x0000000100000000)
  eden space 63488K, 0% used [0x00000000eab00000,0x00000000eab00000,0x00000000ee900000)
  from space 5120K, 99% used [0x00000000eee00000,0x00000000ef2ff6c0,0x00000000ef300000)
  to   space 5120K, 0% used [0x00000000ee900000,0x00000000ee900000,0x00000000eee00000)
 ParOldGen       total 84992K, used 3165K [0x00000000c0000000, 0x00000000c5300000, 0x00000000eab00000)
  object space 84992K, 3% used [0x00000000c0000000,0x00000000c0317608,0x00000000c5300000)
 Metaspace       used 5884K, capacity 6832K, committed 7040K, reserved 1056768K
  class space    used 592K, capacity 616K, committed 640K, reserved 1048576K
}
Event: 4.726 GC heap before
{Heap before GC invocations=3 (full 0):
 PSYoungGen      total 68608K, used 68605K [0x00000000eab00000, 0x00000000ef300000, 0x0000000100000000)
  eden space 63488K, 100% used [0x00000000eab00000,0x00000000ee900000,0x00000000ee900000)
  from space 5120K, 99% used [0x00000000eee00000,0x00000000ef2ff6c0,0x00000000ef300000)
  to   space 5120K, 0% used [0x00000000ee900000,0x00000000ee900000,0x00000000eee00000)
 ParOldGen       total 84992K, used 3165K [0x00000000c0000000, 0x00000000c5300000, 0x00000000eab00000)
  object space 84992K, 3% used [0x00000000c0000000,0x00000000c0317608,0x00000000c5300000)
 Metaspace       used 5929K, capacity 6896K, committed 7040K, reserved 1056768K
  class space    used 594K, capacity 616K, committed 640K, reserved 1048576K
Event: 4.915 GC heap after
Heap after GC invocations=3 (full 0):
 PSYoungGen      total 68608K, used 5103K [0x00000000eab00000, 0x00000000f3100000, 0x0000000100000000)
  eden space 63488K, 0% used [0x00000000eab00000,0x00000000eab00000,0x00000000ee900000)
  from space 5120K, 99% used [0x00000000ee900000,0x00000000eedfbdf8,0x00000000eee00000)
  to   space 5120K, 0% used [0x00000000f2c00000,0x00000000f2c00000,0x00000000f3100000)
 ParOldGen       total 84992K, used 11942K [0x00000000c0000000, 0x00000000c5300000, 0x00000000eab00000)
  object space 84992K, 14% used [0x00000000c0000000,0x00000000c0ba9b98,0x00000000c5300000)
 Metaspace       used 5929K, capacity 6896K, committed 7040K, reserved 1056768K
  class space    used 594K, capacity 616K, committed 640K, reserved 1048576K
}
Event: 6.159 GC heap before
{Heap before GC invocations=4 (full 0):
 PSYoungGen      total 68608K, used 68591K [0x00000000eab00000, 0x00000000f3100000, 0x0000000100000000)
  eden space 63488K, 100% used [0x00000000eab00000,0x00000000ee900000,0x00000000ee900000)
  from space 5120K, 99% used [0x00000000ee900000,0x00000000eedfbdf8,0x00000000eee00000)
  to   space 5120K, 0% used [0x00000000f2c00000,0x00000000f2c00000,0x00000000f3100000)
 ParOldGen       total 84992K, used 11942K [0x00000000c0000000, 0x00000000c5300000, 0x00000000eab00000)
  object space 84992K, 14% used [0x00000000c0000000,0x00000000c0ba9b98,0x00000000c5300000)
 Metaspace       used 6062K, capacity 7024K, committed 7296K, reserved 1056768K
  class space    used 594K, capacity 616K, committed 640K, reserved 1048576K
Event: 6.288 GC heap after
Heap after GC invocations=4 (full 0):
 PSYoungGen      total 132096K, used 5089K [0x00000000eab00000, 0x00000000f3100000, 0x0000000100000000)
  eden space 126976K, 0% used [0x00000000eab00000,0x00000000eab00000,0x00000000f2700000)
  from space 5120K, 99% used [0x00000000f2c00000,0x00000000f30f85b0,0x00000000f3100000)
  to   space 5120K, 0% used [0x00000000f2700000,0x00000000f2700000,0x00000000f2c00000)
 ParOldGen       total 84992K, used 21135K [0x00000000c0000000, 0x00000000c5300000, 0x00000000eab00000)
  object space 84992K, 24% used [0x00000000c0000000,0x00000000c14a3f20,0x00000000c5300000)
 Metaspace       used 6062K, capacity 7024K, committed 7296K, reserved 1056768K
  class space    used 594K, capacity 616K, committed 640K, reserved 1048576K
}
Event: 8.563 GC heap before
{Heap before GC invocations=5 (full 0):
 PSYoungGen      total 132096K, used 132065K [0x00000000eab00000, 0x00000000f3100000, 0x0000000100000000)
  eden space 126976K, 100% used [0x00000000eab00000,0x00000000f2700000,0x00000000f2700000)
  from space 5120K, 99% used [0x00000000f2c00000,0x00000000f30f85b0,0x00000000f3100000)
  to   space 5120K, 0% used [0x00000000f2700000,0x00000000f2700000,0x00000000f2c00000)
 ParOldGen       total 84992K, used 21135K [0x00000000c0000000, 0x00000000c5300000, 0x00000000eab00000)
  object space 84992K, 24% used [0x00000000c0000000,0x00000000c14a3f20,0x00000000c5300000)
 Metaspace       used 6331K, capacity 7192K, committed 7424K, reserved 1056768K
  class space    used 614K, capacity 656K, committed 768K, reserved 1048576K

Deoptimization events (10 events):
Event: 2.176 Thread 0x00007f27bc156800 Uncommon trap: reason=class_check action=maybe_recompile pc=0x00007f27ad235dcc method=com.android.dx.rop.type.Type.equals(Ljava/lang/Object;)Z @ 8
Event: 3.027 Thread 0x00007f27bc00a000 Uncommon trap: reason=unstable_if action=reinterpret pc=0x00007f27ad27ded0 method=com.android.dx.rop.code.RegisterSpecSet.put(Lcom/android/dx/rop/code/RegisterSpec;)V @ 77
Event: 3.028 Thread 0x00007f27bc00a000 Uncommon trap: reason=unstable_if action=reinterpret pc=0x00007f27ad2d8944 method=com.android.dx.rop.code.RegisterSpecSet.put(Lcom/android/dx/rop/code/RegisterSpec;)V @ 77
Event: 3.212 Thread 0x00007f27bc158000 Uncommon trap: reason=unstable_if action=reinterpret pc=0x00007f27ad20da1c method=com.android.dx.rop.cst.Constant.compareTo(Lcom/android/dx/rop/cst/Constant;)I @ 12
Event: 3.822 Thread 0x00007f27bc155000 Uncommon trap: reason=bimorphic action=maybe_recompile pc=0x00007f27ad24e314 method=java.util.HashMap.getNode(ILjava/lang/Object;)Ljava/util/HashMap$Node; @ 126
Event: 3.822 Thread 0x00007f27bc155000 Uncommon trap: reason=bimorphic action=maybe_recompile pc=0x00007f27ad24e314 method=java.util.HashMap.getNode(ILjava/lang/Object;)Ljava/util/HashMap$Node; @ 126
Event: 3.823 Thread 0x00007f27bc155000 Uncommon trap: reason=bimorphic action=maybe_recompile pc=0x00007f27ad24e314 method=java.util.HashMap.getNode(ILjava/lang/Object;)Ljava/util/HashMap$Node; @ 126
Event: 3.823 Thread 0x00007f27bc155000 Uncommon trap: reason=bimorphic action=maybe_recompile pc=0x00007f27ad24e314 method=java.util.HashMap.getNode(ILjava/lang/Object;)Ljava/util/HashMap$Node; @ 126
Event: 7.987 Thread 0x00007f27bc146800 Uncommon trap: reason=unstable_if action=reinterpret pc=0x00007f27ad279ea0 method=java.util.HashMap.putVal(ILjava/lang/Object;Ljava/lang/Object;ZZ)Ljava/lang/Object; @ 162
Event: 8.017 Thread 0x00007f27bc146800 Uncommon trap: reason=unstable_if action=reinterpret pc=0x00007f27ad3efbf4 method=java.util.HashMap.getNode(ILjava/lang/Object;)Ljava/util/HashMap$Node; @ 84

Internal exceptions (6 events):
Event: 0.052 Thread 0x00007f27bc00a000 Exception <a 'java/lang/NoSuchMethodError': Method sun.misc.Unsafe.defineClass(Ljava/lang/String;[BII)Ljava/lang/Class; name or signature does not match> (0x00000000eab07cc0) thrown at [/HUDSON/workspace/8-2-build-linux-amd64/jdk8u91/6644/hotspot/src/shar
Event: 0.052 Thread 0x00007f27bc00a000 Exception <a 'java/lang/NoSuchMethodError': Method sun.misc.Unsafe.prefetchRead(Ljava/lang/Object;J)V name or signature does not match> (0x00000000eab07fa8) thrown at [/HUDSON/workspace/8-2-build-linux-amd64/jdk8u91/6644/hotspot/src/share/vm/prims/jni.cpp
Event: 2.124 Thread 0x00007f27bc158000 Implicit null exception at 0x00007f27ad244462 to 0x00007f27ad24456d
Event: 8.016 Thread 0x00007f27bc146800 Exception <a 'java/lang/ArrayIndexOutOfBoundsException': 18> (0x00000000f0b09240) thrown at [/HUDSON/workspace/8-2-build-linux-amd64/jdk8u91/6644/hotspot/src/share/vm/interpreter/interpreterRuntime.cpp, line 366]
Event: 8.016 Thread 0x00007f27bc146800 Exception <a 'java/lang/ArrayIndexOutOfBoundsException': 145> (0x00000000f0b0adc0) thrown at [/HUDSON/workspace/8-2-build-linux-amd64/jdk8u91/6644/hotspot/src/share/vm/interpreter/interpreterRuntime.cpp, line 366]
Event: 8.017 Thread 0x00007f27bc146800 Exception <a 'java/lang/ArrayIndexOutOfBoundsException': 40> (0x00000000f0b0c0a8) thrown at [/HUDSON/workspace/8-2-build-linux-amd64/jdk8u91/6644/hotspot/src/share/vm/interpreter/interpreterRuntime.cpp, line 366]

Events (10 events):
Event: 8.410 Thread 0x00007f27bc156800 DEOPT UNPACKING pc=0x00007f27ad047633 sp=0x00007f27a8905e20 mode 0
Event: 8.448 Thread 0x00007f27bc158000 DEOPT PACKING pc=0x00007f27ad335888 sp=0x00007f27a8804e90
Event: 8.448 Thread 0x00007f27bc158000 DEOPT UNPACKING pc=0x00007f27ad047633 sp=0x00007f27a8804c18 mode 0
Event: 8.469 Thread 0x00007f27bc00a000 DEOPT PACKING pc=0x00007f27ad2e1ab2 sp=0x00007f27c459f640
Event: 8.469 Thread 0x00007f27bc00a000 DEOPT UNPACKING pc=0x00007f27ad047633 sp=0x00007f27c459f440 mode 0
Event: 8.470 Thread 0x00007f27bc00a000 DEOPT PACKING pc=0x00007f27ad38946c sp=0x00007f27c459f720
Event: 8.470 Thread 0x00007f27bc00a000 DEOPT UNPACKING pc=0x00007f27ad047633 sp=0x00007f27c459f4c0 mode 0
Event: 8.492 Thread 0x00007f27bc158000 DEOPT PACKING pc=0x00007f27ad38deea sp=0x00007f27a8804f10
Event: 8.492 Thread 0x00007f27bc158000 DEOPT UNPACKING pc=0x00007f27ad047633 sp=0x00007f27a8804ca8 mode 0
Event: 8.563 Executing VM operation: ParallelGCFailedAllocation


Dynamic libraries:
00400000-00401000 r-xp 00000000 08:05 527569                             /usr/lib/jvm/java-8-oracle/bin/java
00600000-00601000 rw-p 00000000 08:05 527569                             /usr/lib/jvm/java-8-oracle/bin/java
007d7000-007f8000 rw-p 00000000 00:00 0                                  [heap]
c0000000-c5300000 rw-p 00000000 00:00 0 
c5300000-eab00000 ---p 00000000 00:00 0 
eab00000-f3100000 rw-p 00000000 00:00 0 
fd700000-100000000 ---p 00000000 00:00 0 
100000000-1000c0000 rw-p 00000000 00:00 0 
1000c0000-140000000 ---p 00000000 00:00 0 
7f275c000000-7f275c021000 rw-p 00000000 00:00 0 
7f275c021000-7f2760000000 ---p 00000000 00:00 0 
7f2764000000-7f276402e000 rw-p 00000000 00:00 0 
7f276402e000-7f2768000000 ---p 00000000 00:00 0 
7f2768000000-7f2768021000 rw-p 00000000 00:00 0 
7f2768021000-7f276c000000 ---p 00000000 00:00 0 
7f276c000000-7f276c02f000 rw-p 00000000 00:00 0 
7f276c02f000-7f2770000000 ---p 00000000 00:00 0 
7f2770000000-7f2770021000 rw-p 00000000 00:00 0 
7f2770021000-7f2774000000 ---p 00000000 00:00 0 
7f2774000000-7f2774021000 rw-p 00000000 00:00 0 
7f2774021000-7f2778000000 ---p 00000000 00:00 0 
7f2778000000-7f2778021000 rw-p 00000000 00:00 0 
7f2778021000-7f277c000000 ---p 00000000 00:00 0 
7f277c000000-7f277c87a000 rw-p 00000000 00:00 0 
7f277c87a000-7f2780000000 ---p 00000000 00:00 0 
7f2780000000-7f27808b1000 rw-p 00000000 00:00 0 
7f27808b1000-7f2784000000 ---p 00000000 00:00 0 
7f2784000000-7f2784021000 rw-p 00000000 00:00 0 
7f2784021000-7f2788000000 ---p 00000000 00:00 0 
7f2788000000-7f27886c4000 rw-p 00000000 00:00 0 
7f27886c4000-7f278c000000 ---p 00000000 00:00 0 
7f278c000000-7f278c021000 rw-p 00000000 00:00 0 
7f278c021000-7f2790000000 ---p 00000000 00:00 0 
7f2790000000-7f2790021000 rw-p 00000000 00:00 0 
7f2790021000-7f2794000000 ---p 00000000 00:00 0 
7f2794000000-7f2794021000 rw-p 00000000 00:00 0 
7f2794021000-7f2798000000 ---p 00000000 00:00 0 
7f2798000000-7f279828d000 rw-p 00000000 00:00 0 
7f279828d000-7f279c000000 ---p 00000000 00:00 0 
7f279c000000-7f279c021000 rw-p 00000000 00:00 0 
7f279c021000-7f27a0000000 ---p 00000000 00:00 0 
7f27a0000000-7f27a0021000 rw-p 00000000 00:00 0 
7f27a0021000-7f27a4000000 ---p 00000000 00:00 0 
7f27a4000000-7f27a4021000 rw-p 00000000 00:00 0 
7f27a4021000-7f27a8000000 ---p 00000000 00:00 0 
7f27a8706000-7f27a8709000 ---p 00000000 00:00 0 
7f27a8709000-7f27a8807000 rw-p 00000000 00:00 0 
7f27a8807000-7f27a880a000 ---p 00000000 00:00 0 
7f27a880a000-7f27a8908000 rw-p 00000000 00:00 0 
7f27a8908000-7f27a890b000 ---p 00000000 00:00 0 
7f27a890b000-7f27a8a09000 rw-p 00000000 00:00 0 
7f27a8a09000-7f27a8a0c000 ---p 00000000 00:00 0 
7f27a8a0c000-7f27a8b0a000 rw-p 00000000 00:00 0 
7f27a8b0a000-7f27a8b0d000 ---p 00000000 00:00 0 
7f27a8b0d000-7f27a8c0b000 rw-p 00000000 00:00 0 
7f27a8c0b000-7f27a8c21000 r--s 000f1000 08:06 3562367                    /home/anshul/Downloads/Papers_library/app/build/intermediates/exploded-aar/com.android.support/support-v4/23.4.0/jars/classes.jar
7f27a8c21000-7f27a8c2f000 r--s 000e0000 08:06 6035012                    /home/anshul/Android/Sdk/build-tools/24.0.0/lib/dx.jar
7f27a8c2f000-7f27a8c30000 ---p 00000000 00:00 0 
7f27a8c30000-7f27a8d30000 rw-p 00000000 00:00 0 
7f27a8d30000-7f27a8d33000 ---p 00000000 00:00 0 
7f27a8d33000-7f27a8e31000 rw-p 00000000 00:00 0 
7f27a8e31000-7f27a8e34000 ---p 00000000 00:00 0 
7f27a8e34000-7f27a8f32000 rw-p 00000000 00:00 0 
7f27a8f32000-7f27a8f35000 ---p 00000000 00:00 0 
7f27a8f35000-7f27a9033000 rw-p 00000000 00:00 0 
7f27a9033000-7f27a9036000 ---p 00000000 00:00 0 
7f27a9036000-7f27a9134000 rw-p 00000000 00:00 0 
7f27a9134000-7f27a9137000 ---p 00000000 00:00 0 
7f27a9137000-7f27a9235000 rw-p 00000000 00:00 0 
7f27a9235000-7f27a9bf4000 r--p 00000000 08:05 532144                     /usr/lib/locale/locale-archive
7f27a9bf4000-7f27a9bf7000 ---p 00000000 00:00 0 
7f27a9bf7000-7f27a9cf5000 rw-p 00000000 00:00 0 
7f27a9cf5000-7f27a9cf8000 ---p 00000000 00:00 0 
7f27a9cf8000-7f27a9df6000 rw-p 00000000 00:00 0 
7f27a9df6000-7f27a9df7000 ---p 00000000 00:00 0 
7f27a9df7000-7f27aae27000 rw-p 00000000 00:00 0 
7f27aae27000-7f27ab000000 r--s 03d1f000 08:05 536981                     /usr/lib/jvm/java-8-oracle/jre/lib/rt.jar
7f27ab000000-7f27ad000000 rw-p 00000000 00:00 0 
7f27ad000000-7f27ad660000 rwxp 00000000 00:00 0 
7f27ad660000-7f27bc000000 ---p 00000000 00:00 0 
7f27bc000000-7f27bc390000 rw-p 00000000 00:00 0 
7f27bc390000-7f27c0000000 ---p 00000000 00:00 0 
7f27c0002000-7f27c077c000 rw-p 00000000 00:00 0 
7f27c077c000-7f27c08fc000 ---p 00000000 00:00 0 
7f27c08fc000-7f27c0afc000 rw-p 00000000 00:00 0 
7f27c0afc000-7f27c0afd000 ---p 00000000 00:00 0 
7f27c0afd000-7f27c0bfd000 rw-p 00000000 00:00 0 
7f27c0bfd000-7f27c0bfe000 ---p 00000000 00:00 0 
7f27c0bfe000-7f27c0cfe000 rw-p 00000000 00:00 0 
7f27c0cfe000-7f27c0cff000 ---p 00000000 00:00 0 
7f27c0cff000-7f27c0dff000 rw-p 00000000 00:00 0 
7f27c0dff000-7f27c0e00000 ---p 00000000 00:00 0 
7f27c0e00000-7f27c0f2a000 rw-p 00000000 00:00 0 
7f27c0f2a000-7f27c1056000 ---p 00000000 00:00 0 
7f27c1056000-7f27c1080000 rw-p 00000000 00:00 0 
7f27c1080000-7f27c11ab000 ---p 00000000 00:00 0 
7f27c11ab000-7f27c11ef000 rw-p 00000000 00:00 0 
7f27c11ef000-7f27c1256000 ---p 00000000 00:00 0 
7f27c1256000-7f27c1271000 rw-p 00000000 00:00 0 
7f27c1271000-7f27c1617000 ---p 00000000 00:00 0 
7f27c1617000-7f27c1631000 r-xp 00000000 08:05 537183                     /usr/lib/jvm/java-8-oracle/jre/lib/amd64/libzip.so
7f27c1631000-7f27c1831000 ---p 0001a000 08:05 537183                     /usr/lib/jvm/java-8-oracle/jre/lib/amd64/libzip.so
7f27c1831000-7f27c1832000 rw-p 0001a000 08:05 537183                     /usr/lib/jvm/java-8-oracle/jre/lib/amd64/libzip.so
7f27c1832000-7f27c183d000 r-xp 00000000 08:05 2888761                    /lib/x86_64-linux-gnu/libnss_files-2.23.so
7f27c183d000-7f27c1a3c000 ---p 0000b000 08:05 2888761                    /lib/x86_64-linux-gnu/libnss_files-2.23.so
7f27c1a3c000-7f27c1a3d000 r--p 0000a000 08:05 2888761                    /lib/x86_64-linux-gnu/libnss_files-2.23.so
7f27c1a3d000-7f27c1a3e000 rw-p 0000b000 08:05 2888761                    /lib/x86_64-linux-gnu/libnss_files-2.23.so
7f27c1a3e000-7f27c1a44000 rw-p 00000000 00:00 0 
7f27c1a44000-7f27c1a4f000 r-xp 00000000 08:05 2888771                    /lib/x86_64-linux-gnu/libnss_nis-2.23.so
7f27c1a4f000-7f27c1c4e000 ---p 0000b000 08:05 2888771                    /lib/x86_64-linux-gnu/libnss_nis-2.23.so
7f27c1c4e000-7f27c1c4f000 r--p 0000a000 08:05 2888771                    /lib/x86_64-linux-gnu/libnss_nis-2.23.so
7f27c1c4f000-7f27c1c50000 rw-p 0000b000 08:05 2888771                    /lib/x86_64-linux-gnu/libnss_nis-2.23.so
7f27c1c50000-7f27c1c66000 r-xp 00000000 08:05 2888755                    /lib/x86_64-linux-gnu/libnsl-2.23.so
7f27c1c66000-7f27c1e65000 ---p 00016000 08:05 2888755                    /lib/x86_64-linux-gnu/libnsl-2.23.so
7f27c1e65000-7f27c1e66000 r--p 00015000 08:05 2888755                    /lib/x86_64-linux-gnu/libnsl-2.23.so
7f27c1e66000-7f27c1e67000 rw-p 00016000 08:05 2888755                    /lib/x86_64-linux-gnu/libnsl-2.23.so
7f27c1e67000-7f27c1e69000 rw-p 00000000 00:00 0 
7f27c1e69000-7f27c1e71000 r-xp 00000000 08:05 2888757                    /lib/x86_64-linux-gnu/libnss_compat-2.23.so
7f27c1e71000-7f27c2070000 ---p 00008000 08:05 2888757                    /lib/x86_64-linux-gnu/libnss_compat-2.23.so
7f27c2070000-7f27c2071000 r--p 00007000 08:05 2888757                    /lib/x86_64-linux-gnu/libnss_compat-2.23.so
7f27c2071000-7f27c2072000 rw-p 00008000 08:05 2888757                    /lib/x86_64-linux-gnu/libnss_compat-2.23.so
7f27c2072000-7f27c209c000 r-xp 00000000 08:05 537178                     /usr/lib/jvm/java-8-oracle/jre/lib/amd64/libjava.so
7f27c209c000-7f27c229c000 ---p 0002a000 08:05 537178                     /usr/lib/jvm/java-8-oracle/jre/lib/amd64/libjava.so
7f27c229c000-7f27c229e000 rw-p 0002a000 08:05 537178                     /usr/lib/jvm/java-8-oracle/jre/lib/amd64/libjava.so
7f27c229e000-7f27c22ab000 r-xp 00000000 08:05 537182                     /usr/lib/jvm/java-8-oracle/jre/lib/amd64/libverify.so
7f27c22ab000-7f27c24ab000 ---p 0000d000 08:05 537182                     /usr/lib/jvm/java-8-oracle/jre/lib/amd64/libverify.so
7f27c24ab000-7f27c24ad000 rw-p 0000d000 08:05 537182                     /usr/lib/jvm/java-8-oracle/jre/lib/amd64/libverify.so
7f27c24ad000-7f27c24b4000 r-xp 00000000 08:05 2888816                    /lib/x86_64-linux-gnu/librt-2.23.so
7f27c24b4000-7f27c26b3000 ---p 00007000 08:05 2888816                    /lib/x86_64-linux-gnu/librt-2.23.so
7f27c26b3000-7f27c26b4000 r--p 00006000 08:05 2888816                    /lib/x86_64-linux-gnu/librt-2.23.so
7f27c26b4000-7f27c26b5000 rw-p 00007000 08:05 2888816                    /lib/x86_64-linux-gnu/librt-2.23.so
7f27c26b5000-7f27c27bd000 r-xp 00000000 08:05 2888732                    /lib/x86_64-linux-gnu/libm-2.23.so
7f27c27bd000-7f27c29bc000 ---p 00108000 08:05 2888732                    /lib/x86_64-linux-gnu/libm-2.23.so
7f27c29bc000-7f27c29bd000 r--p 00107000 08:05 2888732                    /lib/x86_64-linux-gnu/libm-2.23.so
7f27c29bd000-7f27c29be000 rw-p 00108000 08:05 2888732                    /lib/x86_64-linux-gnu/libm-2.23.so
7f27c29be000-7f27c367e000 r-xp 00000000 08:05 537161                     /usr/lib/jvm/java-8-oracle/jre/lib/amd64/server/libjvm.so
7f27c367e000-7f27c387e000 ---p 00cc0000 08:05 537161                     /usr/lib/jvm/java-8-oracle/jre/lib/amd64/server/libjvm.so
7f27c387e000-7f27c3956000 rw-p 00cc0000 08:05 537161                     /usr/lib/jvm/java-8-oracle/jre/lib/amd64/server/libjvm.so
7f27c3956000-7f27c39a1000 rw-p 00000000 00:00 0 
7f27c39a1000-7f27c3b61000 r-xp 00000000 08:05 2888662                    /lib/x86_64-linux-gnu/libc-2.23.so
7f27c3b61000-7f27c3d60000 ---p 001c0000 08:05 2888662                    /lib/x86_64-linux-gnu/libc-2.23.so
7f27c3d60000-7f27c3d64000 r--p 001bf000 08:05 2888662                    /lib/x86_64-linux-gnu/libc-2.23.so
7f27c3d64000-7f27c3d66000 rw-p 001c3000 08:05 2888662                    /lib/x86_64-linux-gnu/libc-2.23.so
7f27c3d66000-7f27c3d6a000 rw-p 00000000 00:00 0 
7f27c3d6a000-7f27c3d6d000 r-xp 00000000 08:05 2888686                    /lib/x86_64-linux-gnu/libdl-2.23.so
7f27c3d6d000-7f27c3f6c000 ---p 00003000 08:05 2888686                    /lib/x86_64-linux-gnu/libdl-2.23.so
7f27c3f6c000-7f27c3f6d000 r--p 00002000 08:05 2888686                    /lib/x86_64-linux-gnu/libdl-2.23.so
7f27c3f6d000-7f27c3f6e000 rw-p 00003000 08:05 2888686                    /lib/x86_64-linux-gnu/libdl-2.23.so
7f27c3f6e000-7f27c3f83000 r-xp 00000000 08:05 536796                     /usr/lib/jvm/java-8-oracle/lib/amd64/jli/libjli.so
7f27c3f83000-7f27c4183000 ---p 00015000 08:05 536796                     /usr/lib/jvm/java-8-oracle/lib/amd64/jli/libjli.so
7f27c4183000-7f27c4184000 rw-p 00015000 08:05 536796                     /usr/lib/jvm/java-8-oracle/lib/amd64/jli/libjli.so
7f27c4184000-7f27c419c000 r-xp 00000000 08:05 2888808                    /lib/x86_64-linux-gnu/libpthread-2.23.so
7f27c419c000-7f27c439b000 ---p 00018000 08:05 2888808                    /lib/x86_64-linux-gnu/libpthread-2.23.so
7f27c439b000-7f27c439c000 r--p 00017000 08:05 2888808                    /lib/x86_64-linux-gnu/libpthread-2.23.so
7f27c439c000-7f27c439d000 rw-p 00018000 08:05 2888808                    /lib/x86_64-linux-gnu/libpthread-2.23.so
7f27c439d000-7f27c43a1000 rw-p 00000000 00:00 0 
7f27c43a1000-7f27c43c7000 r-xp 00000000 08:05 2888634                    /lib/x86_64-linux-gnu/ld-2.23.so
7f27c43cf000-7f27c44a1000 rw-p 00000000 00:00 0 
7f27c44a1000-7f27c44a4000 ---p 00000000 00:00 0 
7f27c44a4000-7f27c45ba000 rw-p 00000000 00:00 0 
7f27c45ba000-7f27c45c2000 rw-s 00000000 08:05 3279943                    /tmp/hsperfdata_anshul/1761
7f27c45c2000-7f27c45c3000 rw-p 00000000 00:00 0 
7f27c45c3000-7f27c45c4000 ---p 00000000 00:00 0 
7f27c45c4000-7f27c45c6000 rw-p 00000000 00:00 0 
7f27c45c6000-7f27c45c7000 r--p 00025000 08:05 2888634                    /lib/x86_64-linux-gnu/ld-2.23.so
7f27c45c7000-7f27c45c8000 rw-p 00026000 08:05 2888634                    /lib/x86_64-linux-gnu/ld-2.23.so
7f27c45c8000-7f27c45c9000 rw-p 00000000 00:00 0 
7fff89bb3000-7fff89bd4000 rw-p 00000000 00:00 0                          [stack]
7fff89bdc000-7fff89bde000 r--p 00000000 00:00 0                          [vvar]
7fff89bde000-7fff89be0000 r-xp 00000000 00:00 0                          [vdso]
ffffffffff600000-ffffffffff601000 r-xp 00000000 00:00 0                  [vsyscall]

VM Arguments:
jvm_args: -Djava.awt.headless=true -Xmx1024M -Dfile.encoding=UTF-8 -Duser.country=IN -Duser.language=en -Duser.variant 
java_command: com.android.dx.command.Main --dex --force-jumbo --num-threads=4 --multi-dex --output /home/anshul/Downloads/Papers_library/app/build/intermediates/transforms/dex/debug/folders/1000/10/com.android.support-support-v4-23.4.0_64bc08ca99519a9bd26a64d7404906eee25a032f /home/anshul/Downloads/Papers_library/app/build/intermediates/exploded-aar/com.android.support/support-v4/23.4.0/jars/classes.jar
java_class_path (initial): /home/anshul/Android/Sdk/build-tools/24.0.0/lib/dx.jar
Launcher Type: SUN_STANDARD

Environment Variables:
JAVA_HOME=/usr/lib/jvm/java-8-oracle
PATH=/usr/local/sbin:/usr/local/bin:/usr/sbin:/usr/bin:/sbin:/bin:/usr/games:/usr/local/games:/snap/bin:/usr/lib/jvm/java-8-oracle/bin:/usr/lib/jvm/java-8-oracle/db/bin:/usr/lib/jvm/java-8-oracle/jre/bin
SHELL=/bin/bash
DISPLAY=:0

Signal Handlers:
SIGSEGV: [libjvm.so+0xabca10], sa_mask[0]=11111111011111111101111111111110, sa_flags=SA_RESTART|SA_SIGINFO
SIGBUS: [libjvm.so+0xabca10], sa_mask[0]=11111111011111111101111111111110, sa_flags=SA_RESTART|SA_SIGINFO
SIGFPE: [libjvm.so+0x919a20], sa_mask[0]=11111111011111111101111111111110, sa_flags=SA_RESTART|SA_SIGINFO
SIGPIPE: [libjvm.so+0x919a20], sa_mask[0]=11111111011111111101111111111110, sa_flags=SA_RESTART|SA_SIGINFO
SIGXFSZ: [libjvm.so+0x919a20], sa_mask[0]=11111111011111111101111111111110, sa_flags=SA_RESTART|SA_SIGINFO
SIGILL: [libjvm.so+0x919a20], sa_mask[0]=11111111011111111101111111111110, sa_flags=SA_RESTART|SA_SIGINFO
SIGUSR1: SIG_DFL, sa_mask[0]=00000000000000000000000000000000, sa_flags=none
SIGUSR2: [libjvm.so+0x91b050], sa_mask[0]=00100000000000000000000000000000, sa_flags=SA_RESTART|SA_SIGINFO
SIGHUP: [libjvm.so+0x91c450], sa_mask[0]=11111111011111111101111111111110, sa_flags=SA_RESTART|SA_SIGINFO
SIGINT: [libjvm.so+0x91c450], sa_mask[0]=11111111011111111101111111111110, sa_flags=SA_RESTART|SA_SIGINFO
SIGTERM: [libjvm.so+0x91c450], sa_mask[0]=11111111011111111101111111111110, sa_flags=SA_RESTART|SA_SIGINFO
SIGQUIT: [libjvm.so+0x91c450], sa_mask[0]=11111111011111111101111111111110, sa_flags=SA_RESTART|SA_SIGINFO


---------------  S Y S T E M  ---------------

OS:DISTRIB_ID=Ubuntu
DISTRIB_RELEASE=16.04
DISTRIB_CODENAME=xenial
DISTRIB_DESCRIPTION="Ubuntu 16.04 LTS"

uname:Linux 4.4.0-62-generic #83-Ubuntu SMP Wed Jan 18 14:10:15 UTC 2017 x86_64
libc:glibc 2.23 NPTL 2.23 
rlimit: STACK 8192k, CORE 0k, NPROC 31521, NOFILE 65536, AS infinity
load average:14.16 5.48 2.60

/proc/meminfo:
MemTotal:        8109780 kB
MemFree:          129320 kB
MemAvailable:      54524 kB
Buffers:            2416 kB
Cached:           618712 kB
SwapCached:            0 kB
Active:          7145900 kB
Inactive:         552748 kB
Active(anon):    7118452 kB
Inactive(anon):   506024 kB
Active(file):      27448 kB
Inactive(file):    46724 kB
Unevictable:         128 kB
Mlocked:             128 kB
SwapTotal:             0 kB
SwapFree:              0 kB
Dirty:              3792 kB
Writeback:             0 kB
AnonPages:       7077728 kB
Mapped:           279824 kB
Shmem:            546916 kB
Slab:             110528 kB
SReclaimable:      54300 kB
SUnreclaim:        56228 kB
KernelStack:       17696 kB
PageTables:        83752 kB
NFS_Unstable:          0 kB
Bounce:                0 kB
WritebackTmp:          0 kB
CommitLimit:     4054888 kB
Committed_AS:   15762932 kB
VmallocTotal:   34359738367 kB
VmallocUsed:           0 kB
VmallocChunk:          0 kB
HardwareCorrupted:     0 kB
AnonHugePages:   3137536 kB
CmaTotal:              0 kB
CmaFree:               0 kB
HugePages_Total:       0
HugePages_Free:        0
HugePages_Rsvd:        0
HugePages_Surp:        0
Hugepagesize:       2048 kB
DirectMap4k:      264896 kB
DirectMap2M:     8058880 kB
DirectMap1G:     1048576 kB


CPU:total 4 (2 cores per cpu, 2 threads per core) family 6 model 69 stepping 1, cmov, cx8, fxsr, mmx, sse, sse2, sse3, ssse3, sse4.1, sse4.2, popcnt, avx, avx2, aes, clmul, erms, lzcnt, ht, tsc, tscinvbit, bmi1, bmi2

/proc/cpuinfo:
processor	: 0
vendor_id	: GenuineIntel
cpu family	: 6
model		: 69
model name	: Intel(R) Core(TM) i5-4210U CPU @ 1.70GHz
stepping	: 1
microcode	: 0x1c
cpu MHz		: 2392.500
cache size	: 3072 KB
physical id	: 0
siblings	: 4
core id		: 0
cpu cores	: 2
apicid		: 0
initial apicid	: 0
fpu		: yes
fpu_exception	: yes
cpuid level	: 13
wp		: yes
flags		: fpu vme de pse tsc msr pae mce cx8 apic sep mtrr pge mca cmov pat pse36 clflush dts acpi mmx fxsr sse sse2 ss ht tm pbe syscall nx pdpe1gb rdtscp lm constant_tsc arch_perfmon pebs bts rep_good nopl xtopology nonstop_tsc aperfmperf eagerfpu pni pclmulqdq dtes64 monitor ds_cpl vmx est tm2 ssse3 sdbg fma cx16 xtpr pdcm pcid sse4_1 sse4_2 movbe popcnt tsc_deadline_timer aes xsave avx f16c rdrand lahf_lm abm epb tpr_shadow vnmi flexpriority ept vpid fsgsbase tsc_adjust bmi1 avx2 smep bmi2 erms invpcid xsaveopt dtherm ida arat pln pts
bugs		:
bogomips	: 4788.64
clflush size	: 64
cache_alignment	: 64
address sizes	: 39 bits physical, 48 bits virtual
power management:

processor	: 1
vendor_id	: GenuineIntel
cpu family	: 6
model		: 69
model name	: Intel(R) Core(TM) i5-4210U CPU @ 1.70GHz
stepping	: 1
microcode	: 0x1c
cpu MHz		: 2383.406
cache size	: 3072 KB
physical id	: 0
siblings	: 4
core id		: 0
cpu cores	: 2
apicid		: 1
initial apicid	: 1
fpu		: yes
fpu_exception	: yes
cpuid level	: 13
wp		: yes
flags		: fpu vme de pse tsc msr pae mce cx8 apic sep mtrr pge mca cmov pat pse36 clflush dts acpi mmx fxsr sse sse2 ss ht tm pbe syscall nx pdpe1gb rdtscp lm constant_tsc arch_perfmon pebs bts rep_good nopl xtopology nonstop_tsc aperfmperf eagerfpu pni pclmulqdq dtes64 monitor ds_cpl vmx est tm2 ssse3 sdbg fma cx16 xtpr pdcm pcid sse4_1 sse4_2 movbe popcnt tsc_deadline_timer aes xsave avx f16c rdrand lahf_lm abm epb tpr_shadow vnmi flexpriority ept vpid fsgsbase tsc_adjust bmi1 avx2 smep bmi2 erms invpcid xsaveopt dtherm ida arat pln pts
bugs		:
bogomips	: 4788.64
clflush size	: 64
cache_alignment	: 64
address sizes	: 39 bits physical, 48 bits virtual
power management:

processor	: 2
vendor_id	: GenuineIntel
cpu family	: 6
model		: 69
model name	: Intel(R) Core(TM) i5-4210U CPU @ 1.70GHz
stepping	: 1
microcode	: 0x1c
cpu MHz		: 2455.968
cache size	: 3072 KB
physical id	: 0
siblings	: 4
core id		: 1
cpu cores	: 2
apicid		: 2
initial apicid	: 2
fpu		: yes
fpu_exception	: yes
cpuid level	: 13
wp		: yes
flags		: fpu vme de pse tsc msr pae mce cx8 apic sep mtrr pge mca cmov pat pse36 clflush dts acpi mmx fxsr sse sse2 ss ht tm pbe syscall nx pdpe1gb rdtscp lm constant_tsc arch_perfmon pebs bts rep_good nopl xtopology nonstop_tsc aperfmperf eagerfpu pni pclmulqdq dtes64 monitor ds_cpl vmx est tm2 ssse3 sdbg fma cx16 xtpr pdcm pcid sse4_1 sse4_2 movbe popcnt tsc_deadline_timer aes xsave avx f16c rdrand lahf_lm abm epb tpr_shadow vnmi flexpriority ept vpid fsgsbase tsc_adjust bmi1 avx2 smep bmi2 erms invpcid xsaveopt dtherm ida arat pln pts
bugs		:
bogomips	: 4788.64
clflush size	: 64
cache_alignment	: 64
address sizes	: 39 bits physical, 48 bits virtual
power management:

processor	: 3
vendor_id	: GenuineIntel
cpu family	: 6
model		: 69
model name	: Intel(R) Core(TM) i5-4210U CPU @ 1.70GHz
stepping	: 1
microcode	: 0x1c
cpu MHz		: 2455.968
cache size	: 3072 KB
physical id	: 0
siblings	: 4
core id		: 1
cpu cores	: 2
apicid		: 3
initial apicid	: 3
fpu		: yes
fpu_exception	: yes
cpuid level	: 13
wp		: yes
flags		: fpu vme de pse tsc msr pae mce cx8 apic sep mtrr pge mca cmov pat pse36 clflush dts acpi mmx fxsr sse sse2 ss ht tm pbe syscall nx pdpe1gb rdtscp lm constant_tsc arch_perfmon pebs bts rep_good nopl xtopology nonstop_tsc aperfmperf eagerfpu pni pclmulqdq dtes64 monitor ds_cpl vmx est tm2 ssse3 sdbg fma cx16 xtpr pdcm pcid sse4_1 sse4_2 movbe popcnt tsc_deadline_timer aes xsave avx f16c rdrand lahf_lm abm epb tpr_shadow vnmi flexpriority ept vpid fsgsbase tsc_adjust bmi1 avx2 smep bmi2 erms invpcid xsaveopt dtherm ida arat pln pts
bugs		:
bogomips	: 4788.64
clflush size	: 64
cache_alignment	: 64
address sizes	: 39 bits physical, 48 bits virtual
power management:



Memory: 4k page, physical 8109780k(129320k free), swap 0k(0k free)

vm_info: Java HotSpot(TM) 64-Bit Server VM (25.91-b14) for linux-amd64 JRE (1.8.0_91-b14), built on Apr  1 2016 00:57:21 by "java_re" with gcc 4.3.0 20080428 (Red Hat 4.3.0-8)

time: Fri Feb 10 22:38:31 2017
elapsed time: 18 seconds (0d 0h 0m 18s)

